{
  "uid" : "107f53736d34ae5d",
  "name" : "toggle off switch",
  "historyId" : "66920015d98317a17fd1a1d2803d37d8",
  "time" : {
    "start" : 1633297133131,
    "stop" : 1633297153739,
    "duration" : 20608
  },
  "status" : "failed",
  "statusMessage" : "AssertionError: Mycroft didn't respond\n",
  "statusTrace" : "  File \"/opt/mycroft-core/.venv/lib/python3.7/site-packages/behave/model.py\", line 1806, in run\n    match.run(runner.context)\n  File \"/opt/mycroft-core/.venv/lib/python3.7/site-packages/behave/matchers.py\", line 97, in run\n    self.func(context, *args, **kwargs)\n  File \"features/steps/utterance_responses.py\", line 157, in then_dialog\n    assert passed, assert_msg or 'Mycroft didn\\'t respond'\n",
  "flaky" : false,
  "newFailed" : false,
  "beforeStages" : [ ],
  "testStage" : {
    "status" : "failed",
    "statusMessage" : "AssertionError: Mycroft didn't respond\n",
    "statusTrace" : "  File \"/opt/mycroft-core/.venv/lib/python3.7/site-packages/behave/model.py\", line 1806, in run\n    match.run(runner.context)\n  File \"/opt/mycroft-core/.venv/lib/python3.7/site-packages/behave/matchers.py\", line 97, in run\n    self.func(context, *args, **kwargs)\n  File \"features/steps/utterance_responses.py\", line 157, in then_dialog\n    assert passed, assert_msg or 'Mycroft didn\\'t respond'\n",
    "steps" : [ {
      "name" : "Given an English speaking user",
      "time" : {
        "start" : 1633297133132,
        "stop" : 1633297133132,
        "duration" : 0
      },
      "status" : "passed",
      "steps" : [ ],
      "attachments" : [ ],
      "parameters" : [ ],
      "stepsCount" : 0,
      "attachmentsCount" : 0,
      "shouldDisplayMessage" : false,
      "hasContent" : false
    }, {
      "name" : "When the user says \"can you toggle Mycroft sw please\"",
      "time" : {
        "start" : 1633297133132,
        "stop" : 1633297133133,
        "duration" : 1
      },
      "status" : "passed",
      "steps" : [ ],
      "attachments" : [ ],
      "parameters" : [ ],
      "stepsCount" : 0,
      "attachmentsCount" : 0,
      "shouldDisplayMessage" : false,
      "hasContent" : false
    }, {
      "name" : "Then \"homeassistant\" should reply with dialog from \"homeassistant.device.off.dialog\"",
      "time" : {
        "start" : 1633297133134,
        "stop" : 1633297143134,
        "duration" : 10000
      },
      "status" : "failed",
      "statusMessage" : "AssertionError: Mycroft didn't respond\n",
      "statusTrace" : "  File \"/opt/mycroft-core/.venv/lib/python3.7/site-packages/behave/model.py\", line 1806, in run\n    match.run(runner.context)\n  File \"/opt/mycroft-core/.venv/lib/python3.7/site-packages/behave/matchers.py\", line 97, in run\n    self.func(context, *args, **kwargs)\n  File \"features/steps/utterance_responses.py\", line 157, in then_dialog\n    assert passed, assert_msg or 'Mycroft didn\\'t respond'\n",
      "steps" : [ ],
      "attachments" : [ ],
      "parameters" : [ ],
      "stepsCount" : 0,
      "attachmentsCount" : 0,
      "shouldDisplayMessage" : true,
      "hasContent" : true
    }, {
      "name" : "Given an English speaking user",
      "time" : {
        "start" : 1633297143436,
        "stop" : 1633297143436,
        "duration" : 0
      },
      "status" : "passed",
      "steps" : [ ],
      "attachments" : [ ],
      "parameters" : [ ],
      "stepsCount" : 0,
      "attachmentsCount" : 0,
      "shouldDisplayMessage" : false,
      "hasContent" : false
    }, {
      "name" : "When the user says \"can you toggle Mycroft sw please\"",
      "time" : {
        "start" : 1633297143436,
        "stop" : 1633297143437,
        "duration" : 1
      },
      "status" : "passed",
      "steps" : [ ],
      "attachments" : [ ],
      "parameters" : [ ],
      "stepsCount" : 0,
      "attachmentsCount" : 0,
      "shouldDisplayMessage" : false,
      "hasContent" : false
    }, {
      "name" : "Then \"homeassistant\" should reply with dialog from \"homeassistant.device.off.dialog\"",
      "time" : {
        "start" : 1633297143437,
        "stop" : 1633297153438,
        "duration" : 10001
      },
      "status" : "failed",
      "statusMessage" : "AssertionError: Mycroft didn't respond\n",
      "statusTrace" : "  File \"/opt/mycroft-core/.venv/lib/python3.7/site-packages/behave/model.py\", line 1806, in run\n    match.run(runner.context)\n  File \"/opt/mycroft-core/.venv/lib/python3.7/site-packages/behave/matchers.py\", line 97, in run\n    self.func(context, *args, **kwargs)\n  File \"features/steps/utterance_responses.py\", line 157, in then_dialog\n    assert passed, assert_msg or 'Mycroft didn\\'t respond'\n",
      "steps" : [ ],
      "attachments" : [ ],
      "parameters" : [ ],
      "stepsCount" : 0,
      "attachmentsCount" : 0,
      "shouldDisplayMessage" : true,
      "hasContent" : true
    } ],
    "attachments" : [ ],
    "parameters" : [ ],
    "stepsCount" : 6,
    "attachmentsCount" : 0,
    "shouldDisplayMessage" : false,
    "hasContent" : true
  },
  "afterStages" : [ ],
  "labels" : [ {
    "name" : "severity",
    "value" : "normal"
  }, {
    "name" : "feature",
    "value" : "toggle"
  }, {
    "name" : "framework",
    "value" : "behave"
  }, {
    "name" : "language",
    "value" : "cpython3"
  }, {
    "name" : "resultFormat",
    "value" : "allure2"
  } ],
  "parameters" : [ ],
  "links" : [ ],
  "hidden" : false,
  "retry" : false,
  "extra" : {
    "severity" : "normal",
    "retries" : [ ],
    "categories" : [ {
      "name" : "Product defects",
      "matchedStatuses" : [ ],
      "flaky" : false
    } ],
    "tags" : [ ]
  },
  "source" : "107f53736d34ae5d.json",
  "parameterValues" : [ ]
}