{"uid":"83615ea54a0108b","name":"turn on switch","historyId":"9092840c0bd28e342d307c476bc0c773","time":{"start":1673564192252,"stop":1673564212856,"duration":20604},"status":"failed","statusMessage":"AssertionError: Mycroft responded with:\nMycroft: (HomeAssistantSkill)\n\"An error occurred while processing a request in Home Assistant Skill\"\n\n","statusTrace":"  File \"/opt/mycroft-core/.venv/lib/python3.7/site-packages/behave/model.py\", line 1806, in run\n    match.run(runner.context)\n  File \"/opt/mycroft-core/.venv/lib/python3.7/site-packages/behave/matchers.py\", line 97, in run\n    self.func(context, *args, **kwargs)\n  File \"features/steps/utterance_responses.py\", line 157, in then_dialog\n    assert passed, assert_msg or 'Mycroft didn\\'t respond'\n","flaky":false,"newFailed":false,"newBroken":false,"newPassed":false,"retriesCount":0,"retriesStatusChange":false,"beforeStages":[],"testStage":{"status":"failed","statusMessage":"AssertionError: Mycroft responded with:\nMycroft: (HomeAssistantSkill)\n\"An error occurred while processing a request in Home Assistant Skill\"\n\n","statusTrace":"  File \"/opt/mycroft-core/.venv/lib/python3.7/site-packages/behave/model.py\", line 1806, in run\n    match.run(runner.context)\n  File \"/opt/mycroft-core/.venv/lib/python3.7/site-packages/behave/matchers.py\", line 97, in run\n    self.func(context, *args, **kwargs)\n  File \"features/steps/utterance_responses.py\", line 157, in then_dialog\n    assert passed, assert_msg or 'Mycroft didn\\'t respond'\n","steps":[{"name":"Given an English speaking user","time":{"start":1673564192252,"stop":1673564192252,"duration":0},"status":"passed","steps":[],"attachments":[],"parameters":[],"stepsCount":0,"attachmentsCount":0,"shouldDisplayMessage":false,"hasContent":false},{"name":"When the user says \"can you turn on blue switch please\"","time":{"start":1673564192252,"stop":1673564192253,"duration":1},"status":"passed","steps":[],"attachments":[],"parameters":[],"stepsCount":0,"attachmentsCount":0,"shouldDisplayMessage":false,"hasContent":false},{"name":"Then \"homeassistant\" should reply with dialog from \"homeassistant.device.on.dialog\"","time":{"start":1673564192253,"stop":1673564202253,"duration":10000},"status":"failed","statusMessage":"AssertionError: Mycroft responded with:\nMycroft: (HomeAssistantSkill)\n\"An error occurred while processing a request in Home Assistant Skill\"\n\n","statusTrace":"  File \"/opt/mycroft-core/.venv/lib/python3.7/site-packages/behave/model.py\", line 1806, in run\n    match.run(runner.context)\n  File \"/opt/mycroft-core/.venv/lib/python3.7/site-packages/behave/matchers.py\", line 97, in run\n    self.func(context, *args, **kwargs)\n  File \"features/steps/utterance_responses.py\", line 157, in then_dialog\n    assert passed, assert_msg or 'Mycroft didn\\'t respond'\n","steps":[],"attachments":[],"parameters":[],"stepsCount":0,"attachmentsCount":0,"shouldDisplayMessage":true,"hasContent":true},{"name":"Given an English speaking user","time":{"start":1673564202554,"stop":1673564202554,"duration":0},"status":"passed","steps":[],"attachments":[],"parameters":[],"stepsCount":0,"attachmentsCount":0,"shouldDisplayMessage":false,"hasContent":false},{"name":"When the user says \"can you turn on blue switch please\"","time":{"start":1673564202554,"stop":1673564202555,"duration":1},"status":"passed","steps":[],"attachments":[],"parameters":[],"stepsCount":0,"attachmentsCount":0,"shouldDisplayMessage":false,"hasContent":false},{"name":"Then \"homeassistant\" should reply with dialog from \"homeassistant.device.on.dialog\"","time":{"start":1673564202555,"stop":1673564212555,"duration":10000},"status":"failed","statusMessage":"AssertionError: Mycroft responded with:\nMycroft: (HomeAssistantSkill)\n\"An error occurred while processing a request in Home Assistant Skill\"\n\n","statusTrace":"  File \"/opt/mycroft-core/.venv/lib/python3.7/site-packages/behave/model.py\", line 1806, in run\n    match.run(runner.context)\n  File \"/opt/mycroft-core/.venv/lib/python3.7/site-packages/behave/matchers.py\", line 97, in run\n    self.func(context, *args, **kwargs)\n  File \"features/steps/utterance_responses.py\", line 157, in then_dialog\n    assert passed, assert_msg or 'Mycroft didn\\'t respond'\n","steps":[],"attachments":[],"parameters":[],"stepsCount":0,"attachmentsCount":0,"shouldDisplayMessage":true,"hasContent":true}],"attachments":[],"parameters":[],"stepsCount":6,"attachmentsCount":0,"shouldDisplayMessage":false,"hasContent":true},"afterStages":[],"labels":[{"name":"severity","value":"normal"},{"name":"suite","value":"behave"},{"name":"tag","value":"xfail"},{"name":"feature","value":"turn on"},{"name":"framework","value":"behave"},{"name":"language","value":"cpython3"},{"name":"resultFormat","value":"allure2"}],"parameters":[],"links":[],"hidden":false,"retry":false,"extra":{"severity":"normal","retries":[],"categories":[{"name":"Product defects","matchedStatuses":[],"flaky":false}],"tags":["xfail"]},"source":"83615ea54a0108b.json","parameterValues":[]}