{"uid":"a2c593adf90b57a4","name":"decrease light brightness","historyId":"c083537c88c89adea9828a20adea4854","time":{"start":1673564336493,"stop":1673564357098,"duration":20605},"status":"failed","statusMessage":"AssertionError: Mycroft responded with:\nMycroft: (HomeAssistantSkill)\n\"An error occurred while processing a request in Home Assistant Skill\"\n\n","statusTrace":"  File \"/opt/mycroft-core/.venv/lib/python3.7/site-packages/behave/model.py\", line 1806, in run\n    match.run(runner.context)\n  File \"/opt/mycroft-core/.venv/lib/python3.7/site-packages/behave/matchers.py\", line 97, in run\n    self.func(context, *args, **kwargs)\n  File \"features/steps/utterance_responses.py\", line 157, in then_dialog\n    assert passed, assert_msg or 'Mycroft didn\\'t respond'\n","flaky":false,"newFailed":false,"newBroken":false,"newPassed":false,"retriesCount":0,"retriesStatusChange":false,"beforeStages":[],"testStage":{"status":"failed","statusMessage":"AssertionError: Mycroft responded with:\nMycroft: (HomeAssistantSkill)\n\"An error occurred while processing a request in Home Assistant Skill\"\n\n","statusTrace":"  File \"/opt/mycroft-core/.venv/lib/python3.7/site-packages/behave/model.py\", line 1806, in run\n    match.run(runner.context)\n  File \"/opt/mycroft-core/.venv/lib/python3.7/site-packages/behave/matchers.py\", line 97, in run\n    self.func(context, *args, **kwargs)\n  File \"features/steps/utterance_responses.py\", line 157, in then_dialog\n    assert passed, assert_msg or 'Mycroft didn\\'t respond'\n","steps":[{"name":"Given an English speaking user","time":{"start":1673564336494,"stop":1673564336494,"duration":0},"status":"passed","steps":[],"attachments":[],"parameters":[],"stepsCount":0,"attachmentsCount":0,"shouldDisplayMessage":false,"hasContent":false},{"name":"When the user says \"decrease the brightness of bathroom light please\"","time":{"start":1673564336494,"stop":1673564336494,"duration":0},"status":"passed","steps":[],"attachments":[],"parameters":[],"stepsCount":0,"attachmentsCount":0,"shouldDisplayMessage":false,"hasContent":false},{"name":"Then \"homeassistant\" should reply with dialog from \"homeassistant.brightness.decreased\"","time":{"start":1673564336494,"stop":1673564346495,"duration":10001},"status":"failed","statusMessage":"AssertionError: Mycroft responded with:\nMycroft: (HomeAssistantSkill)\n\"An error occurred while processing a request in Home Assistant Skill\"\n\n","statusTrace":"  File \"/opt/mycroft-core/.venv/lib/python3.7/site-packages/behave/model.py\", line 1806, in run\n    match.run(runner.context)\n  File \"/opt/mycroft-core/.venv/lib/python3.7/site-packages/behave/matchers.py\", line 97, in run\n    self.func(context, *args, **kwargs)\n  File \"features/steps/utterance_responses.py\", line 157, in then_dialog\n    assert passed, assert_msg or 'Mycroft didn\\'t respond'\n","steps":[],"attachments":[],"parameters":[],"stepsCount":0,"attachmentsCount":0,"shouldDisplayMessage":true,"hasContent":true},{"name":"Given an English speaking user","time":{"start":1673564346796,"stop":1673564346796,"duration":0},"status":"passed","steps":[],"attachments":[],"parameters":[],"stepsCount":0,"attachmentsCount":0,"shouldDisplayMessage":false,"hasContent":false},{"name":"When the user says \"decrease the brightness of bathroom light please\"","time":{"start":1673564346796,"stop":1673564346796,"duration":0},"status":"passed","steps":[],"attachments":[],"parameters":[],"stepsCount":0,"attachmentsCount":0,"shouldDisplayMessage":false,"hasContent":false},{"name":"Then \"homeassistant\" should reply with dialog from \"homeassistant.brightness.decreased\"","time":{"start":1673564346796,"stop":1673564356797,"duration":10001},"status":"failed","statusMessage":"AssertionError: Mycroft responded with:\nMycroft: (HomeAssistantSkill)\n\"An error occurred while processing a request in Home Assistant Skill\"\n\n","statusTrace":"  File \"/opt/mycroft-core/.venv/lib/python3.7/site-packages/behave/model.py\", line 1806, in run\n    match.run(runner.context)\n  File \"/opt/mycroft-core/.venv/lib/python3.7/site-packages/behave/matchers.py\", line 97, in run\n    self.func(context, *args, **kwargs)\n  File \"features/steps/utterance_responses.py\", line 157, in then_dialog\n    assert passed, assert_msg or 'Mycroft didn\\'t respond'\n","steps":[],"attachments":[],"parameters":[],"stepsCount":0,"attachmentsCount":0,"shouldDisplayMessage":true,"hasContent":true}],"attachments":[],"parameters":[],"stepsCount":6,"attachmentsCount":0,"shouldDisplayMessage":false,"hasContent":true},"afterStages":[],"labels":[{"name":"severity","value":"normal"},{"name":"suite","value":"behave"},{"name":"tag","value":"xfail"},{"name":"feature","value":"decrease brightness"},{"name":"framework","value":"behave"},{"name":"language","value":"cpython3"},{"name":"resultFormat","value":"allure2"}],"parameters":[],"links":[],"hidden":false,"retry":false,"extra":{"severity":"normal","retries":[],"categories":[{"name":"Product defects","matchedStatuses":[],"flaky":false}],"tags":["xfail"]},"source":"a2c593adf90b57a4.json","parameterValues":[]}