2021-10-15 06:38:38.282 | INFO     |  5397 | __main__:main:50 | Starting message bus service...
2021-10-15 06:38:38.283 | INFO     |  5397 | mycroft.messagebus.load_config:load_message_bus_config:33 | Loading message bus configs
2021-10-15 06:38:38.294 | INFO     |  5397 | tornado.access | 101 GET /core (127.0.0.1) 0.69ms
2021-10-15 06:38:38.295 | INFO     |  5397 | __main__:on_ready:37 | Message bus service started!
2021-10-15 06:38:38.296 | INFO     |  5397 | tornado.access | 101 GET /core (127.0.0.1) 0.37ms
2021-10-15 06:38:38.411 | INFO     |  5397 | tornado.access | 101 GET /core (127.0.0.1) 0.45ms
2021-10-15 06:38:38.415 | INFO     |  5397 | tornado.access | 101 GET /core (127.0.0.1) 0.57ms
2021-10-15 06:38:38.541 | INFO     |  5397 | tornado.access | 101 GET /core (127.0.0.1) 0.59ms
2021-10-15 06:39:36.614 | ERROR    |  5397 | tornado.application | Uncaught exception GET /core (127.0.0.1)
HTTPServerRequest(protocol='http', host='0.0.0.0:8181', method='GET', uri='/core', version='HTTP/1.1', remote_ip='127.0.0.1')
Traceback (most recent call last):
  File "/opt/mycroft-core/.venv/lib/python3.7/site-packages/tornado/websocket.py", line 649, in _run_callback
    result = callback(*args, **kwargs)
  File "/opt/mycroft-core/mycroft/messagebus/service/event_handler.py", line 53, in on_message
    client.write_message(message)
  File "/opt/mycroft-core/.venv/lib/python3.7/site-packages/tornado/websocket.py", line 339, in write_message
    raise WebSocketClosedError()
tornado.websocket.WebSocketClosedError
2021-10-15 06:39:36.615 | ERROR    |  5397 | asyncio | Task exception was never retrieved
future: <Task finished coro=<WebSocketProtocol13.write_message.<locals>.wrapper() done, defined at /opt/mycroft-core/.venv/lib/python3.7/site-packages/tornado/websocket.py:1102> exception=WebSocketClosedError()>
Traceback (most recent call last):
  File "/opt/mycroft-core/.venv/lib/python3.7/site-packages/tornado/websocket.py", line 1104, in wrapper
    await fut
tornado.iostream.StreamClosedError: Stream is closed

During handling of the above exception, another exception occurred:

Traceback (most recent call last):
  File "/opt/mycroft-core/.venv/lib/python3.7/site-packages/tornado/websocket.py", line 1106, in wrapper
    raise WebSocketClosedError()
tornado.websocket.WebSocketClosedError
2021-10-15 06:39:41.623 | INFO     |  5397 | tornado.access | 101 GET /core (127.0.0.1) 1.25ms
2021-10-15 06:39:51.994 | INFO     |  5397 | tornado.access | 101 GET /core (127.0.0.1) 0.49ms
2021-10-15 06:39:52.015 | INFO     |  5397 | tornado.access | 101 GET /core (127.0.0.1) 0.53ms
2021-10-15 06:42:05.065 | INFO     |  5397 | __main__:on_stopping:45 | Message bus is shutting down...
