2021-10-15 06:38:38.294 | INFO     |  5400 | mycroft.messagebus.load_config:load_message_bus_config:33 | Loading message bus configs
2021-10-15 06:38:38.297 | INFO     |  5400 | mycroft_bus_client.client.client | Connected
2021-10-15 06:38:38.299 | INFO     |  5400 | mycroft.util.process_utils:start_message_bus_client:155 | Connected to messagebus
2021-10-15 06:38:38.306 | INFO     |  5400 | mycroft.skills.msm_wrapper:create_msm:96 | Acquiring lock to instantiate MSM
2021-10-15 06:38:40.062 | INFO     |  5400 | msm.mycroft_skills_manager | building SkillEntry objects for all skills
2021-10-15 06:38:40.655 | INFO     |  5400 | mycroft.skills.msm_wrapper:create_msm:112 | Releasing MSM instantiation lock.
2021-10-15 06:38:40.656 | INFO     |  5400 | mycroft.skills.skill_updater:_log_next_download_time:267 | Next scheduled skill update: 2021-10-15 06:38:39.655744
2021-10-15 06:38:40.656 | INFO     |  5400 | msm.skill_entry | Downloading skill: https://github.com/mycroftai/skill-pairing
2021-10-15 06:38:41.659 | INFO     |  5400 | msm.skill_entry | Installing system requirements...
2021-10-15 06:38:41.703 | INFO     |  5400 | msm.skill_entry | Successfully installed mycroft-pairing
2021-10-15 06:38:41.704 | INFO     |  5400 | msm.mycroft_skills_manager | invalidating skills cache
2021-10-15 06:38:41.708 | INFO     |  5400 | mycroft.skills.skill_loader:load:185 | ATTEMPTING TO LOAD SKILL: mycroft-pairing.mycroftai
2021-10-15 06:38:41.727 | INFO     |  5400 | mycroft.skills.settings:get_local_settings:83 | /opt/mycroft/skills/mycroft-pairing.mycroftai/settings.json
2021-10-15 06:38:41.779 | INFO     |  5400 | mycroft.skills.skill_loader:_check_for_first_run:324 | First run of mycroft-pairing.mycroftai
2021-10-15 06:38:41.783 | INFO     |  5400 | mycroft.skills.settings:save_settings:116 | Skill settings successfully saved to /home/runner/.config/mycroft/skills/mycroft-pairing.mycroftai/settings.json
2021-10-15 06:38:41.791 | INFO     |  5400 | mycroft.skills.skill_loader:_communicate_load_status:344 | Skill mycroft-pairing.mycroftai loaded successfully
2021-10-15 06:38:41.792 | INFO     |  5400 | msm.skill_entry | Downloading skill: https://github.com/mycroftai/skill-volume
2021-10-15 06:38:42.727 | INFO     |  5400 | msm.skill_entry | Installing system requirements...
2021-10-15 06:38:42.777 | INFO     |  5400 | msm.skill_entry | Installing requirements.txt for mycroft-volume
2021-10-15 06:38:45.230 | INFO     |  5400 | msm.skill_entry | Successfully installed mycroft-volume
2021-10-15 06:38:45.231 | INFO     |  5400 | msm.mycroft_skills_manager | invalidating skills cache
2021-10-15 06:38:45.234 | INFO     |  5400 | mycroft.skills.skill_loader:load:185 | ATTEMPTING TO LOAD SKILL: mycroft-volume.mycroftai
2021-10-15 06:38:45.283 | INFO     |  5400 | mycroft.skills.settings:get_local_settings:83 | /opt/mycroft/skills/mycroft-volume.mycroftai/settings.json
2021-10-15 06:38:45.475 | ERROR    |  5400 | VolumeSkill | Couldn't allocate mixer, ALSAAudioError('No such file or directory [default]')
2021-10-15 06:38:48.486 | INFO     |  5400 | mycroft.skills.skill_loader:_check_for_first_run:324 | First run of mycroft-volume.mycroftai
2021-10-15 06:38:48.487 | INFO     |  5400 | mycroft.skills.settings:save_settings:116 | Skill settings successfully saved to /home/runner/.config/mycroft/skills/mycroft-volume.mycroftai/settings.json
2021-10-15 06:38:48.488 | INFO     |  5400 | mycroft.skills.skill_loader:_communicate_load_status:344 | Skill mycroft-volume.mycroftai loaded successfully
2021-10-15 06:38:48.489 | INFO     |  5400 | __main__:on_started:177 | Skills service is starting up.
2021-10-15 06:38:48.598 | INFO     |  5400 | __main__:_update_system:154 | Attempting system update...
2021-10-15 06:38:51.600 | INFO     |  5400 | mycroft.enclosure.display_manager:_write_data:70 | Display Manager is creating /tmp/mycroft/ipc/managers/disp_info
2021-10-15 06:38:51.603 | INFO     |  5400 | __main__:_ensure_device_is_paired:133 | Device not paired, invoking the pairing skill
2021-10-15 06:38:51.603 | INFO     |  5400 | __main__:on_alive:181 | Skills service is alive.
2021-10-15 06:38:51.605 | INFO     |  5400 | msm.mycroft_skills_manager | building SkillEntry objects for all skills
2021-10-15 06:38:51.889 | INFO     |  5400 | PairingSkill | Communicating account URL to user
2021-10-15 06:38:52.065 | WARNING  |  5400 | msm.mycroft_skills_manager | No such default skill: mycroft-pandora
2021-10-15 06:38:52.066 | INFO     |  5400 | mycroft.skills.skill_manager:run:234 | Not all default skills are installed, performing skill update...
2021-10-15 06:38:52.066 | INFO     |  5400 | mycroft.skills.skill_updater:update_skills:149 | Beginning skill update...
2021-10-15 06:38:52.174 | INFO     |  5400 | msm.mycroft_skills_manager | building SkillEntry objects for all skills
2021-10-15 06:38:53.036 | INFO     |  5400 | msm.mycroft_skills_manager | invalidating skills cache
2021-10-15 06:38:53.629 | INFO     |  5400 | msm.skill_entry | Downloading skill: https://github.com/mycroftai/skill-alarm
2021-10-15 06:38:53.631 | INFO     |  5400 | msm.skill_entry | Downloading skill: https://github.com/mycroftai/fallback-unknown
2021-10-15 06:38:53.636 | INFO     |  5400 | msm.skill_entry | Downloading skill: https://github.com/mycroftai/fallback-wolfram-alpha
2021-10-15 06:38:53.658 | INFO     |  5400 | msm.skill_entry | Downloading skill: https://github.com/mycroftai/skill-hello-world
2021-10-15 06:38:53.666 | INFO     |  5400 | msm.skill_entry | Downloading skill: https://github.com/mycroftai/skill-npr-news
2021-10-15 06:38:53.672 | INFO     |  5400 | msm.skill_entry | Downloading skill: https://github.com/mycroftai/skill-joke
2021-10-15 06:38:53.674 | INFO     |  5400 | msm.skill_entry | Downloading skill: https://github.com/mycroftai/skill-audio-record
2021-10-15 06:38:53.678 | INFO     |  5400 | msm.skill_entry | Downloading skill: https://github.com/mycroftai/skill-configuration
2021-10-15 06:38:53.682 | INFO     |  5400 | msm.skill_entry | Downloading skill: https://github.com/mycroftai/skill-installer
2021-10-15 06:38:53.685 | INFO     |  5400 | msm.skill_entry | Downloading skill: https://github.com/mycroftai/skill-playback-control
2021-10-15 06:38:53.686 | INFO     |  5400 | msm.skill_entry | Downloading skill: https://github.com/mycroftai/skill-personal
2021-10-15 06:38:53.690 | INFO     |  5400 | msm.skill_entry | Downloading skill: https://github.com/mycroftai/skill-naptime
2021-10-15 06:38:53.693 | INFO     |  5400 | msm.skill_entry | Downloading skill: https://github.com/mycroftai/fallback-duckduckgo
2021-10-15 06:38:53.715 | INFO     |  5400 | msm.skill_entry | Downloading skill: https://github.com/mycroftai/skill-singing
2021-10-15 06:38:53.716 | INFO     |  5400 | msm.skill_entry | Downloading skill: https://github.com/mycroftai/skill-ip
2021-10-15 06:38:53.716 | INFO     |  5400 | msm.skill_entry | Downloading skill: https://github.com/mycroftai/skill-reminder
2021-10-15 06:38:53.723 | INFO     |  5400 | msm.skill_entry | Downloading skill: https://github.com/mycroftai/skill-date-time
2021-10-15 06:38:54.625 | ERROR    |  5400 | msm.mycroft_skills_manager | Error running install_or_update on homeassistant.mycroftai: MergeConflict
2021-10-15 06:38:54.632 | INFO     |  5400 | msm.skill_entry | Downloading skill: https://github.com/mycroftai/skill-speak
2021-10-15 06:38:54.901 | INFO     |  5400 | msm.skill_entry | Nothing new for mycroft-pairing
2021-10-15 06:38:54.941 | INFO     |  5400 | msm.skill_entry | Installing system requirements...
2021-10-15 06:38:55.203 | INFO     |  5400 | msm.skill_entry | Nothing new for mycroft-volume
2021-10-15 06:38:55.410 | INFO     |  5400 | msm.skill_entry | Installing system requirements...
2021-10-15 06:38:55.425 | INFO     |  5400 | msm.skill_entry | Installing system requirements...
2021-10-15 06:38:55.481 | INFO     |  5400 | msm.skill_entry | Installing system requirements...
2021-10-15 06:38:55.511 | INFO     |  5400 | msm.skill_entry | Downloading skill: https://github.com/mycroftai/skill-spelling
2021-10-15 06:38:55.543 | INFO     |  5400 | msm.skill_entry | Installing system requirements...
2021-10-15 06:38:55.549 | INFO     |  5400 | msm.skill_entry | Installing system requirements...
2021-10-15 06:38:55.581 | INFO     |  5400 | msm.skill_entry | Installing system requirements...
2021-10-15 06:38:55.601 | INFO     |  5400 | msm.skill_entry | Installing system requirements...
2021-10-15 06:38:55.605 | INFO     |  5400 | msm.skill_entry | Installing system requirements...
2021-10-15 06:38:55.647 | INFO     |  5400 | msm.skill_entry | Installing system requirements...
2021-10-15 06:38:55.718 | INFO     |  5400 | msm.skill_entry | Installing requirements.txt for mycroft-fallback-duck-duck-go
2021-10-15 06:38:55.727 | INFO     |  5400 | msm.skill_entry | Installing requirements.txt for mycroft-joke
2021-10-15 06:38:55.728 | INFO     |  5400 | msm.skill_entry | Successfully installed mycroft-personal
2021-10-15 06:38:55.728 | INFO     |  5400 | msm.mycroft_skills_manager | invalidating skills cache
2021-10-15 06:38:55.730 | INFO     |  5400 | msm.skill_entry | Downloading skill: https://github.com/mycroftai/skill-stop
2021-10-15 06:38:55.755 | INFO     |  5400 | msm.skill_entry | Installing requirements.txt for mycroft-ip
2021-10-15 06:38:55.759 | INFO     |  5400 | msm.skill_entry | Installing system requirements...
2021-10-15 06:38:55.763 | INFO     |  5400 | msm.skill_entry | Successfully installed mycroft-naptime
2021-10-15 06:38:55.764 | INFO     |  5400 | msm.mycroft_skills_manager | invalidating skills cache
2021-10-15 06:38:55.766 | INFO     |  5400 | msm.skill_entry | Downloading skill: https://github.com/mycroftai/skill-support
2021-10-15 06:38:55.816 | INFO     |  5400 | msm.skill_entry | Installing requirements.txt for mycroft-volume
2021-10-15 06:38:55.834 | INFO     |  5400 | msm.skill_entry | Installing requirements.txt for fallback-wolfram-alpha
2021-10-15 06:38:55.837 | INFO     |  5400 | msm.skill_entry | Installing system requirements...
2021-10-15 06:38:55.844 | INFO     |  5400 | msm.skill_entry | Successfully installed mycroft-hello-world
2021-10-15 06:38:55.844 | INFO     |  5400 | msm.mycroft_skills_manager | invalidating skills cache
2021-10-15 06:38:55.846 | INFO     |  5400 | msm.skill_entry | Downloading skill: https://github.com/mycroftai/mycroft-timer
2021-10-15 06:38:55.864 | INFO     |  5400 | msm.skill_entry | Installing system requirements...
2021-10-15 06:38:55.865 | INFO     |  5400 | msm.skill_entry | Installing requirements.txt for mycroft-audio-record
2021-10-15 06:38:55.917 | INFO     |  5400 | msm.skill_entry | Installing system requirements...
2021-10-15 06:38:55.928 | INFO     |  5400 | msm.skill_entry | Successfully installed fallback-unknown
2021-10-15 06:38:55.929 | INFO     |  5400 | msm.mycroft_skills_manager | invalidating skills cache
2021-10-15 06:38:55.931 | INFO     |  5400 | msm.skill_entry | Downloading skill: https://github.com/mycroftai/skill-weather
2021-10-15 06:38:55.987 | INFO     |  5400 | msm.skill_entry | Installing requirements.txt for mycroft-npr-news
2021-10-15 06:38:55.993 | INFO     |  5400 | msm.skill_entry | Successfully installed mycroft-playback-control
2021-10-15 06:38:55.994 | INFO     |  5400 | msm.mycroft_skills_manager | invalidating skills cache
2021-10-15 06:38:55.995 | INFO     |  5400 | msm.skill_entry | Downloading skill: https://github.com/mycroftai/skill-version-checker
2021-10-15 06:38:55.998 | INFO     |  5400 | msm.skill_entry | Installing system requirements...
2021-10-15 06:38:56.059 | INFO     |  5400 | msm.skill_entry | Installing system requirements...
2021-10-15 06:38:56.069 | INFO     |  5400 | msm.skill_entry | Successfully installed mycroft-reminder
2021-10-15 06:38:56.070 | INFO     |  5400 | msm.mycroft_skills_manager | invalidating skills cache
2021-10-15 06:38:56.072 | INFO     |  5400 | msm.skill_entry | Downloading skill: https://github.com/mycroftai/skill-wiki
2021-10-15 06:38:56.142 | INFO     |  5400 | msm.skill_entry | Installing requirements.txt for mycroft-installer
2021-10-15 06:38:56.186 | INFO     |  5400 | msm.skill_entry | Installing requirements.txt for mycroft-configuration
2021-10-15 06:38:56.219 | INFO     |  5400 | msm.skill_entry | Installing system requirements...
2021-10-15 06:38:56.225 | INFO     |  5400 | msm.skill_entry | Installing system requirements...
2021-10-15 06:38:56.336 | INFO     |  5400 | msm.skill_entry | Installing requirements.txt for mycroft-date-time
2021-10-15 06:38:56.358 | INFO     |  5400 | msm.skill_entry | Successfully installed mycroft-speak
2021-10-15 06:38:56.359 | INFO     |  5400 | msm.mycroft_skills_manager | invalidating skills cache
2021-10-15 06:38:56.365 | INFO     |  5400 | msm.skill_entry | Downloading skill: https://github.com/MycroftAI/skill-query
2021-10-15 06:38:56.489 | INFO     |  5400 | msm.skill_entry | Installing system requirements...
2021-10-15 06:38:56.501 | INFO     |  5400 | msm.skill_entry | Installing requirements.txt for mycroft-alarm
2021-10-15 06:38:56.857 | INFO     |  5400 | msm.skill_entry | Installing system requirements...
2021-10-15 06:38:56.881 | INFO     |  5400 | msm.skill_entry | Installing system requirements...
2021-10-15 06:38:56.906 | INFO     |  5400 | msm.skill_entry | Successfully installed mycroft-spelling
2021-10-15 06:38:56.906 | INFO     |  5400 | msm.mycroft_skills_manager | invalidating skills cache
2021-10-15 06:38:56.975 | INFO     |  5400 | msm.skill_entry | Successfully installed mycroft-stop
2021-10-15 06:38:56.975 | INFO     |  5400 | msm.mycroft_skills_manager | invalidating skills cache
2021-10-15 06:38:57.981 | ERROR    |  5400 | msm.mycroft_skills_manager | Error running install_or_update on homeassistant: MergeConflict
2021-10-15 06:38:58.210 | INFO     |  5400 | msm.skill_entry | Installing system requirements...
2021-10-15 06:38:58.231 | INFO     |  5400 | msm.skill_entry | Installing requirements.txt for mycroft-support-helper
2021-10-15 06:38:58.600 | INFO     |  5400 | msm.skill_entry | Installing system requirements...
2021-10-15 06:38:58.666 | INFO     |  5400 | msm.skill_entry | Installing system requirements...
2021-10-15 06:38:58.683 | INFO     |  5400 | msm.skill_entry | Successfully installed mycroft-version-checker
2021-10-15 06:38:58.683 | INFO     |  5400 | msm.mycroft_skills_manager | invalidating skills cache
2021-10-15 06:38:58.695 | INFO     |  5400 | msm.skill_entry | Installing system requirements...
2021-10-15 06:38:58.712 | INFO     |  5400 | msm.skill_entry | Successfully installed fallback-query
2021-10-15 06:38:58.713 | INFO     |  5400 | msm.mycroft_skills_manager | invalidating skills cache
2021-10-15 06:38:58.719 | INFO     |  5400 | msm.skill_entry | Installing system requirements...
2021-10-15 06:38:58.741 | INFO     |  5400 | msm.skill_entry | Installing requirements.txt for mycroft-wiki
2021-10-15 06:38:58.755 | INFO     |  5400 | msm.skill_entry | Successfully installed mycroft-timer
2021-10-15 06:38:58.755 | INFO     |  5400 | msm.mycroft_skills_manager | invalidating skills cache
2021-10-15 06:38:58.816 | INFO     |  5400 | msm.skill_entry | Installing system requirements...
2021-10-15 06:38:58.860 | INFO     |  5400 | msm.skill_entry | Installing requirements.txt for mycroft-weather
2021-10-15 06:38:58.989 | INFO     |  5400 | msm.skill_entry | Installing system requirements...
2021-10-15 06:38:59.008 | INFO     |  5400 | msm.skill_entry | Successfully installed mycroft-singing
2021-10-15 06:38:59.008 | INFO     |  5400 | msm.mycroft_skills_manager | invalidating skills cache
2021-10-15 06:38:59.043 | INFO     |  5400 | msm.skill_entry | Successfully installed mycroft-fallback-duck-duck-go
2021-10-15 06:38:59.043 | INFO     |  5400 | msm.mycroft_skills_manager | invalidating skills cache
2021-10-15 06:39:00.141 | INFO     |  5400 | msm.skill_entry | Successfully installed mycroft-joke
2021-10-15 06:39:00.142 | INFO     |  5400 | msm.mycroft_skills_manager | invalidating skills cache
2021-10-15 06:39:01.158 | INFO     |  5400 | msm.skill_entry | Successfully installed mycroft-ip
2021-10-15 06:39:01.159 | INFO     |  5400 | msm.mycroft_skills_manager | invalidating skills cache
2021-10-15 06:39:06.015 | INFO     |  5400 | msm.skill_entry | Successfully installed fallback-wolfram-alpha
2021-10-15 06:39:06.015 | INFO     |  5400 | msm.mycroft_skills_manager | invalidating skills cache
2021-10-15 06:39:06.879 | INFO     |  5400 | msm.skill_entry | Successfully installed mycroft-audio-record
2021-10-15 06:39:06.880 | INFO     |  5400 | msm.mycroft_skills_manager | invalidating skills cache
2021-10-15 06:39:09.916 | INFO     |  5400 | msm.skill_entry | Successfully installed mycroft-npr-news
2021-10-15 06:39:09.917 | INFO     |  5400 | msm.mycroft_skills_manager | invalidating skills cache
2021-10-15 06:39:10.788 | INFO     |  5400 | msm.skill_entry | Successfully installed mycroft-installer
2021-10-15 06:39:10.789 | INFO     |  5400 | msm.mycroft_skills_manager | invalidating skills cache
2021-10-15 06:39:13.328 | INFO     |  5400 | msm.skill_entry | Successfully installed mycroft-configuration
2021-10-15 06:39:13.328 | INFO     |  5400 | msm.mycroft_skills_manager | invalidating skills cache
2021-10-15 06:39:22.225 | INFO     |  5400 | PairingSkill | Initiating device pairing sequence...
2021-10-15 06:39:22.225 | INFO     |  5400 | PairingSkill | Retrieving pairing code from device API...
2021-10-15 06:39:22.552 | INFO     |  5400 | PairingSkill | Pairing code obtained: PTC3N3
2021-10-15 06:39:22.552 | INFO     |  5400 | PairingSkill | Communicating pairing URL to user
2021-10-15 06:39:29.088 | INFO     |  5400 | msm.skill_entry | Successfully installed mycroft-date-time
2021-10-15 06:39:29.089 | INFO     |  5400 | msm.mycroft_skills_manager | invalidating skills cache
2021-10-15 06:39:29.954 | INFO     |  5400 | msm.skill_entry | Successfully installed mycroft-alarm
2021-10-15 06:39:29.954 | INFO     |  5400 | msm.mycroft_skills_manager | invalidating skills cache
2021-10-15 06:39:32.146 | INFO     |  5400 | msm.skill_entry | Successfully installed mycroft-support-helper
2021-10-15 06:39:32.147 | INFO     |  5400 | msm.mycroft_skills_manager | invalidating skills cache
2021-10-15 06:39:33.886 | INFO     |  5400 | msm.skill_entry | Successfully installed mycroft-wiki
2021-10-15 06:39:33.887 | INFO     |  5400 | msm.mycroft_skills_manager | invalidating skills cache
2021-10-15 06:39:34.911 | INFO     |  5400 | msm.skill_entry | Successfully installed mycroft-weather
2021-10-15 06:39:34.912 | INFO     |  5400 | msm.mycroft_skills_manager | invalidating skills cache
2021-10-15 06:39:34.959 | INFO     |  5400 | mycroft.skills.skill_updater:_log_next_download_time:267 | Next scheduled skill update: 2021-10-15 07:39:34.958810
2021-10-15 06:39:34.959 | INFO     |  5400 | mycroft.skills.skill_updater:update_skills:170 | Skill update complete
2021-10-15 06:39:34.959 | INFO     |  5400 | mycroft.skills.skill_manager:_load_on_startup:273 | Loading installed skills...
2021-10-15 06:39:34.961 | INFO     |  5400 | mycroft.skills.skill_loader:load:185 | ATTEMPTING TO LOAD SKILL: mycroft-ip.mycroftai
2021-10-15 06:39:35.079 | INFO     |  5400 | mycroft.skills.settings:get_local_settings:83 | /opt/mycroft/skills/mycroft-ip.mycroftai/settings.json
2021-10-15 06:39:35.116 | INFO     |  5400 | mycroft.skills.skill_loader:_check_for_first_run:324 | First run of mycroft-ip.mycroftai
2021-10-15 06:39:35.116 | INFO     |  5400 | mycroft.skills.settings:save_settings:116 | Skill settings successfully saved to /home/runner/.config/mycroft/skills/mycroft-ip.mycroftai/settings.json
2021-10-15 06:39:35.161 | INFO     |  5400 | mycroft.skills.skill_loader:_communicate_load_status:344 | Skill mycroft-ip.mycroftai loaded successfully
2021-10-15 06:39:35.161 | INFO     |  5400 | mycroft.skills.skill_loader:load:185 | ATTEMPTING TO LOAD SKILL: mycroft-reminder.mycroftai
2021-10-15 06:39:35.210 | INFO     |  5400 | mycroft.skills.settings:get_local_settings:83 | /opt/mycroft/skills/mycroft-reminder.mycroftai/settings.json
2021-10-15 06:39:35.262 | INFO     |  5400 | mycroft.skills.skill_loader:_check_for_first_run:324 | First run of mycroft-reminder.mycroftai
2021-10-15 06:39:35.263 | INFO     |  5400 | mycroft.skills.settings:save_settings:116 | Skill settings successfully saved to /home/runner/.config/mycroft/skills/mycroft-reminder.mycroftai/settings.json
2021-10-15 06:39:35.263 | INFO     |  5400 | mycroft.skills.skill_loader:_communicate_load_status:344 | Skill mycroft-reminder.mycroftai loaded successfully
2021-10-15 06:39:35.264 | INFO     |  5400 | mycroft.skills.skill_loader:load:185 | ATTEMPTING TO LOAD SKILL: mycroft-installer.mycroftai
2021-10-15 06:39:35.271 | INFO     |  5400 | mycroft.skills.settings:get_local_settings:83 | /opt/mycroft/skills/mycroft-installer.mycroftai/settings.json
2021-10-15 06:39:35.305 | INFO     |  5400 | mycroft.skills.skill_loader:_check_for_first_run:324 | First run of mycroft-installer.mycroftai
2021-10-15 06:39:35.306 | INFO     |  5400 | mycroft.skills.settings:save_settings:116 | Skill settings successfully saved to /home/runner/.config/mycroft/skills/mycroft-installer.mycroftai/settings.json
2021-10-15 06:39:35.307 | INFO     |  5400 | mycroft.skills.skill_loader:_communicate_load_status:344 | Skill mycroft-installer.mycroftai loaded successfully
2021-10-15 06:39:35.307 | INFO     |  5400 | mycroft.skills.skill_loader:load:185 | ATTEMPTING TO LOAD SKILL: mycroft-version-checker.mycroftai
2021-10-15 06:39:35.323 | INFO     |  5400 | mycroft.skills.settings:get_local_settings:83 | /opt/mycroft/skills/mycroft-version-checker.mycroftai/settings.json
2021-10-15 06:39:35.346 | INFO     |  5400 | mycroft.skills.skill_loader:_check_for_first_run:324 | First run of mycroft-version-checker.mycroftai
2021-10-15 06:39:35.347 | INFO     |  5400 | mycroft.skills.settings:save_settings:116 | Skill settings successfully saved to /home/runner/.config/mycroft/skills/mycroft-version-checker.mycroftai/settings.json
2021-10-15 06:39:35.472 | INFO     |  5400 | mycroft.skills.skill_loader:_communicate_load_status:344 | Skill mycroft-version-checker.mycroftai loaded successfully
2021-10-15 06:39:35.472 | INFO     |  5400 | mycroft.skills.skill_loader:load:185 | ATTEMPTING TO LOAD SKILL: mycroft-singing.mycroftai
2021-10-15 06:39:35.483 | INFO     |  5400 | mycroft.skills.settings:get_local_settings:83 | /opt/mycroft/skills/mycroft-singing.mycroftai/settings.json
2021-10-15 06:39:35.494 | INFO     |  5400 | mycroft.skills.skill_loader:_check_for_first_run:324 | First run of mycroft-singing.mycroftai
2021-10-15 06:39:35.495 | INFO     |  5400 | mycroft.skills.settings:save_settings:116 | Skill settings successfully saved to /home/runner/.config/mycroft/skills/mycroft-singing.mycroftai/settings.json
2021-10-15 06:39:35.503 | INFO     |  5400 | mycroft.skills.skill_loader:_communicate_load_status:344 | Skill mycroft-singing.mycroftai loaded successfully
2021-10-15 06:39:35.504 | INFO     |  5400 | mycroft.skills.skill_loader:load:185 | ATTEMPTING TO LOAD SKILL: mycroft-joke.mycroftai
2021-10-15 06:39:35.510 | INFO     |  5400 | mycroft.skills.settings:get_local_settings:83 | /opt/mycroft/skills/mycroft-joke.mycroftai/settings.json
2021-10-15 06:39:35.532 | INFO     |  5400 | mycroft.skills.skill_loader:_check_for_first_run:324 | First run of mycroft-joke.mycroftai
2021-10-15 06:39:35.534 | INFO     |  5400 | mycroft.skills.settings:save_settings:116 | Skill settings successfully saved to /home/runner/.config/mycroft/skills/mycroft-joke.mycroftai/settings.json
2021-10-15 06:39:35.566 | INFO     |  5400 | mycroft.skills.skill_loader:_communicate_load_status:344 | Skill mycroft-joke.mycroftai loaded successfully
2021-10-15 06:39:35.566 | INFO     |  5400 | mycroft.skills.skill_loader:load:185 | ATTEMPTING TO LOAD SKILL: mycroft-timer.mycroftai
2021-10-15 06:39:35.585 | INFO     |  5400 | mycroft.skills.settings:get_local_settings:83 | /opt/mycroft/skills/mycroft-timer.mycroftai/settings.json
2021-10-15 06:39:35.651 | INFO     |  5400 | mycroft.skills.skill_loader:_check_for_first_run:324 | First run of mycroft-timer.mycroftai
2021-10-15 06:39:35.652 | INFO     |  5400 | mycroft.skills.settings:save_settings:116 | Skill settings successfully saved to /home/runner/.config/mycroft/skills/mycroft-timer.mycroftai/settings.json
2021-10-15 06:39:35.746 | INFO     |  5400 | mycroft.skills.skill_loader:_communicate_load_status:344 | Skill mycroft-timer.mycroftai loaded successfully
2021-10-15 06:39:35.747 | INFO     |  5400 | mycroft.skills.skill_loader:load:185 | ATTEMPTING TO LOAD SKILL: homeassistant.mycroftai
2021-10-15 06:39:36.024 | INFO     |  5400 | mycroft.skills.settings:get_local_settings:83 | /opt/mycroft/skills/homeassistant.mycroftai/settings.json
2021-10-15 06:39:36.025 | INFO     |  5400 | mycroft.skills.settings:get_local_settings:83 | /opt/mycroft/skills/homeassistant.mycroftai/settings.json
2021-10-15 06:39:36.060 | INFO     |  5400 | mycroft.skills.skill_loader:_communicate_load_status:344 | Skill homeassistant.mycroftai loaded successfully
2021-10-15 06:39:36.063 | INFO     |  5400 | mycroft.skills.skill_loader:load:185 | ATTEMPTING TO LOAD SKILL: mycroft-alarm.mycroftai
2021-10-15 06:39:36.115 | INFO     |  5400 | mycroft.skills.settings:get_local_settings:83 | /opt/mycroft/skills/mycroft-alarm.mycroftai/settings.json
2021-10-15 06:39:36.115 | ERROR    |  5400 | AlarmSkill | Couldn't allocate mixer, ALSAAudioError('No such file or directory [default]')
2021-10-15 06:39:36.183 | INFO     |  5400 | mycroft.skills.skill_loader:_check_for_first_run:324 | First run of mycroft-alarm.mycroftai
2021-10-15 06:39:36.184 | INFO     |  5400 | mycroft.skills.settings:save_settings:116 | Skill settings successfully saved to /home/runner/.config/mycroft/skills/mycroft-alarm.mycroftai/settings.json
2021-10-15 06:39:36.213 | INFO     |  5400 | mycroft.skills.skill_loader:_communicate_load_status:344 | Skill mycroft-alarm.mycroftai loaded successfully
2021-10-15 06:39:36.214 | INFO     |  5400 | mycroft.skills.skill_loader:load:185 | ATTEMPTING TO LOAD SKILL: mycroft-naptime.mycroftai
2021-10-15 06:39:36.218 | INFO     |  5400 | mycroft.skills.settings:get_local_settings:83 | /opt/mycroft/skills/mycroft-naptime.mycroftai/settings.json
2021-10-15 06:39:36.225 | INFO     |  5400 | mycroft.skills.skill_loader:_check_for_first_run:324 | First run of mycroft-naptime.mycroftai
2021-10-15 06:39:36.226 | INFO     |  5400 | mycroft.skills.settings:save_settings:116 | Skill settings successfully saved to /home/runner/.config/mycroft/skills/mycroft-naptime.mycroftai/settings.json
2021-10-15 06:39:36.267 | INFO     |  5400 | mycroft.skills.skill_loader:_communicate_load_status:344 | Skill mycroft-naptime.mycroftai loaded successfully
2021-10-15 06:39:36.268 | INFO     |  5400 | mycroft.skills.skill_loader:load:185 | ATTEMPTING TO LOAD SKILL: mycroft-spelling.mycroftai
2021-10-15 06:39:36.271 | INFO     |  5400 | mycroft.skills.settings:get_local_settings:83 | /opt/mycroft/skills/mycroft-spelling.mycroftai/settings.json
2021-10-15 06:39:36.281 | INFO     |  5400 | mycroft.skills.skill_loader:_check_for_first_run:324 | First run of mycroft-spelling.mycroftai
2021-10-15 06:39:36.292 | INFO     |  5400 | mycroft.skills.settings:save_settings:116 | Skill settings successfully saved to /home/runner/.config/mycroft/skills/mycroft-spelling.mycroftai/settings.json
2021-10-15 06:39:36.326 | INFO     |  5400 | mycroft.skills.skill_loader:_communicate_load_status:344 | Skill mycroft-spelling.mycroftai loaded successfully
2021-10-15 06:39:36.326 | INFO     |  5400 | mycroft.skills.skill_loader:load:185 | ATTEMPTING TO LOAD SKILL: mycroft-fallback-duck-duck-go.mycroftai
2021-10-15 06:39:36.338 | INFO     |  5400 | mycroft.skills.settings:get_local_settings:83 | /opt/mycroft/skills/mycroft-fallback-duck-duck-go.mycroftai/settings.json
2021-10-15 06:39:36.374 | INFO     |  5400 | mycroft.skills.skill_loader:_check_for_first_run:324 | First run of mycroft-fallback-duck-duck-go.mycroftai
2021-10-15 06:39:36.375 | INFO     |  5400 | mycroft.skills.settings:save_settings:116 | Skill settings successfully saved to /home/runner/.config/mycroft/skills/mycroft-fallback-duck-duck-go.mycroftai/settings.json
2021-10-15 06:39:36.419 | INFO     |  5400 | mycroft.skills.skill_loader:_communicate_load_status:344 | Skill mycroft-fallback-duck-duck-go.mycroftai loaded successfully
2021-10-15 06:39:36.420 | INFO     |  5400 | mycroft.skills.skill_loader:load:185 | ATTEMPTING TO LOAD SKILL: mycroft-npr-news.mycroftai
2021-10-15 06:39:36.559 | INFO     |  5400 | mycroft.skills.settings:get_local_settings:83 | /opt/mycroft/skills/mycroft-npr-news.mycroftai/settings.json
2021-10-15 06:39:36.615 | ERROR    |  5400 | mycroft_bus_client.client.client | === ConnectionResetError(104, 'Connection reset by peer') ===
Traceback (most recent call last):
  File "/opt/mycroft-core/.venv/lib/python3.7/site-packages/websocket/_app.py", line 305, in run_forever
    dispatcher.read(self.sock.sock, read, check)
  File "/opt/mycroft-core/.venv/lib/python3.7/site-packages/websocket/_app.py", line 53, in read
    if not read_callback():
  File "/opt/mycroft-core/.venv/lib/python3.7/site-packages/websocket/_app.py", line 271, in read
    op_code, frame = self.sock.recv_data_frame(True)
  File "/opt/mycroft-core/.venv/lib/python3.7/site-packages/websocket/_core.py", line 340, in recv_data_frame
    frame = self.recv_frame()
  File "/opt/mycroft-core/.venv/lib/python3.7/site-packages/websocket/_core.py", line 374, in recv_frame
    return self.frame_buffer.recv_frame()
  File "/opt/mycroft-core/.venv/lib/python3.7/site-packages/websocket/_abnf.py", line 361, in recv_frame
    self.recv_header()
  File "/opt/mycroft-core/.venv/lib/python3.7/site-packages/websocket/_abnf.py", line 309, in recv_header
    header = self.recv_strict(2)
  File "/opt/mycroft-core/.venv/lib/python3.7/site-packages/websocket/_abnf.py", line 396, in recv_strict
    bytes_ = self.recv(min(16384, shortage))
  File "/opt/mycroft-core/.venv/lib/python3.7/site-packages/websocket/_core.py", line 449, in _recv
    return recv(self.sock, bufsize)
  File "/opt/mycroft-core/.venv/lib/python3.7/site-packages/websocket/_socket.py", line 81, in recv
    bytes_ = sock.recv(bufsize)
ConnectionResetError: [Errno 104] Connection reset by peer
2021-10-15 06:39:36.617 | ERROR    |  5400 | mycroft_bus_client.client.client | Exception closing websocket: ConnectionResetError(104, 'Connection reset by peer')
2021-10-15 06:39:36.618 | WARNING  |  5400 | mycroft_bus_client.client.client | Message Bus Client will reconnect in 5 seconds.
2021-10-15 06:39:37.595 | ERROR    |  5400 | mycroft.skills.skill_manager:_load_skill:305 | Load of skill /opt/mycroft/skills/mycroft-npr-news.mycroftai failed!
Traceback (most recent call last):
  File "/opt/mycroft-core/mycroft/skills/skill_loader.py", line 307, in _create_skill_instance
    self.instance.initialize()
  File "/opt/mycroft/skills/mycroft-npr-news.mycroftai/__init__.py", line 46, in initialize
    self.disable_intent('restart_playback')
  File "/opt/mycroft-core/mycroft/skills/mycroft_skill/mycroft_skill.py", line 1080, in disable_intent
    self.intent_service.detach_intent(name)
  File "/opt/mycroft-core/mycroft/skills/intent_service_interface.py", line 93, in detach_intent
    self.bus.emit(Message("detach_intent", {"intent_name": intent_name}))
  File "/opt/mycroft-core/.venv/lib/python3.7/site-packages/mycroft_bus_client/client/client.py", line 160, in emit
    self.client.send(message.serialize())
  File "/opt/mycroft-core/.venv/lib/python3.7/site-packages/websocket/_app.py", line 153, in send
    if not self.sock or self.sock.send(data, opcode) == 0:
  File "/opt/mycroft-core/.venv/lib/python3.7/site-packages/websocket/_core.py", line 250, in send
    return self.send_frame(frame)
  File "/opt/mycroft-core/.venv/lib/python3.7/site-packages/websocket/_core.py", line 275, in send_frame
    l = self._send(data)
  File "/opt/mycroft-core/.venv/lib/python3.7/site-packages/websocket/_core.py", line 445, in _send
    return send(self.sock, data)
  File "/opt/mycroft-core/.venv/lib/python3.7/site-packages/websocket/_socket.py", line 117, in send
    return sock.send(data)
BrokenPipeError: [Errno 32] Broken pipe

During handling of the above exception, another exception occurred:

Traceback (most recent call last):
  File "/opt/mycroft-core/mycroft/skills/skill_manager.py", line 303, in _load_skill
    load_status = skill_loader.load()
  File "/opt/mycroft-core/mycroft/skills/skill_loader.py", line 186, in load
    return self._load()
  File "/opt/mycroft-core/mycroft/skills/skill_loader.py", line 244, in _load
    if skill_module and self._create_skill_instance(skill_module):
  File "/opt/mycroft-core/mycroft/skills/skill_loader.py", line 310, in _create_skill_instance
    self.instance.default_shutdown()
  File "/opt/mycroft-core/mycroft/skills/mycroft_skill/mycroft_skill.py", line 1374, in default_shutdown
    self.gui.shutdown()
  File "/opt/mycroft-core/mycroft/enclosure/gui.py", line 376, in shutdown
    self.release()
  File "/opt/mycroft-core/mycroft/enclosure/gui.py", line 366, in release
    self.clear()
  File "/opt/mycroft-core/mycroft/enclosure/gui.py", line 130, in clear
    {"__from": self.skill.skill_id}))
  File "/opt/mycroft-core/.venv/lib/python3.7/site-packages/mycroft_bus_client/client/client.py", line 160, in emit
    self.client.send(message.serialize())
  File "/opt/mycroft-core/.venv/lib/python3.7/site-packages/websocket/_app.py", line 153, in send
    if not self.sock or self.sock.send(data, opcode) == 0:
  File "/opt/mycroft-core/.venv/lib/python3.7/site-packages/websocket/_core.py", line 250, in send
    return self.send_frame(frame)
  File "/opt/mycroft-core/.venv/lib/python3.7/site-packages/websocket/_core.py", line 275, in send_frame
    l = self._send(data)
  File "/opt/mycroft-core/.venv/lib/python3.7/site-packages/websocket/_core.py", line 445, in _send
    return send(self.sock, data)
  File "/opt/mycroft-core/.venv/lib/python3.7/site-packages/websocket/_socket.py", line 117, in send
    return sock.send(data)
BrokenPipeError: [Errno 32] Broken pipe
2021-10-15 06:39:37.596 | INFO     |  5400 | mycroft.skills.skill_loader:load:185 | ATTEMPTING TO LOAD SKILL: mycroft-support-helper.mycroftai
2021-10-15 06:39:37.602 | INFO     |  5400 | mycroft.skills.settings:get_local_settings:83 | /opt/mycroft/skills/mycroft-support-helper.mycroftai/settings.json
2021-10-15 06:39:37.606 | ERROR    |  5400 | mycroft.skills.skill_manager:_load_skill:305 | Load of skill /opt/mycroft/skills/mycroft-support-helper.mycroftai failed!
Traceback (most recent call last):
  File "/opt/mycroft-core/mycroft/skills/skill_loader.py", line 305, in _create_skill_instance
    self.instance._register_decorated()
  File "/opt/mycroft-core/mycroft/skills/mycroft_skill/mycroft_skill.py", line 749, in _register_decorated
    self.register_intent(intent, method)
  File "/opt/mycroft-core/mycroft/skills/mycroft_skill/mycroft_skill.py", line 985, in register_intent
    return self.register_intent_file(intent_parser, handler)
  File "/opt/mycroft-core/mycroft/skills/mycroft_skill/mycroft_skill.py", line 1022, in register_intent_file
    self.intent_service.register_padatious_intent(name, filename)
  File "/opt/mycroft-core/mycroft/skills/intent_service_interface.py", line 129, in register_padatious_intent
    self.bus.emit(Message("padatious:register_intent", data))
  File "/opt/mycroft-core/.venv/lib/python3.7/site-packages/mycroft_bus_client/client/client.py", line 160, in emit
    self.client.send(message.serialize())
  File "/opt/mycroft-core/.venv/lib/python3.7/site-packages/websocket/_app.py", line 153, in send
    if not self.sock or self.sock.send(data, opcode) == 0:
  File "/opt/mycroft-core/.venv/lib/python3.7/site-packages/websocket/_core.py", line 250, in send
    return self.send_frame(frame)
  File "/opt/mycroft-core/.venv/lib/python3.7/site-packages/websocket/_core.py", line 275, in send_frame
    l = self._send(data)
  File "/opt/mycroft-core/.venv/lib/python3.7/site-packages/websocket/_core.py", line 445, in _send
    return send(self.sock, data)
  File "/opt/mycroft-core/.venv/lib/python3.7/site-packages/websocket/_socket.py", line 117, in send
    return sock.send(data)
BrokenPipeError: [Errno 32] Broken pipe

During handling of the above exception, another exception occurred:

Traceback (most recent call last):
  File "/opt/mycroft-core/mycroft/skills/skill_manager.py", line 303, in _load_skill
    load_status = skill_loader.load()
  File "/opt/mycroft-core/mycroft/skills/skill_loader.py", line 186, in load
    return self._load()
  File "/opt/mycroft-core/mycroft/skills/skill_loader.py", line 244, in _load
    if skill_module and self._create_skill_instance(skill_module):
  File "/opt/mycroft-core/mycroft/skills/skill_loader.py", line 310, in _create_skill_instance
    self.instance.default_shutdown()
  File "/opt/mycroft-core/mycroft/skills/mycroft_skill/mycroft_skill.py", line 1374, in default_shutdown
    self.gui.shutdown()
  File "/opt/mycroft-core/mycroft/enclosure/gui.py", line 376, in shutdown
    self.release()
  File "/opt/mycroft-core/mycroft/enclosure/gui.py", line 366, in release
    self.clear()
  File "/opt/mycroft-core/mycroft/enclosure/gui.py", line 130, in clear
    {"__from": self.skill.skill_id}))
  File "/opt/mycroft-core/.venv/lib/python3.7/site-packages/mycroft_bus_client/client/client.py", line 160, in emit
    self.client.send(message.serialize())
  File "/opt/mycroft-core/.venv/lib/python3.7/site-packages/websocket/_app.py", line 153, in send
    if not self.sock or self.sock.send(data, opcode) == 0:
  File "/opt/mycroft-core/.venv/lib/python3.7/site-packages/websocket/_core.py", line 250, in send
    return self.send_frame(frame)
  File "/opt/mycroft-core/.venv/lib/python3.7/site-packages/websocket/_core.py", line 275, in send_frame
    l = self._send(data)
  File "/opt/mycroft-core/.venv/lib/python3.7/site-packages/websocket/_core.py", line 445, in _send
    return send(self.sock, data)
  File "/opt/mycroft-core/.venv/lib/python3.7/site-packages/websocket/_socket.py", line 117, in send
    return sock.send(data)
BrokenPipeError: [Errno 32] Broken pipe
2021-10-15 06:39:37.607 | INFO     |  5400 | mycroft.skills.skill_loader:load:185 | ATTEMPTING TO LOAD SKILL: mycroft-weather.mycroftai
2021-10-15 06:39:37.623 | INFO     |  5400 | mycroft.skills.settings:get_local_settings:83 | /opt/mycroft/skills/mycroft-weather.mycroftai/settings.json
2021-10-15 06:39:37.635 | ERROR    |  5400 | mycroft.skills.skill_manager:_load_skill:305 | Load of skill /opt/mycroft/skills/mycroft-weather.mycroftai failed!
Traceback (most recent call last):
  File "/opt/mycroft-core/mycroft/skills/skill_loader.py", line 302, in _create_skill_instance
    self.instance.load_data_files()
  File "/opt/mycroft-core/mycroft/skills/mycroft_skill/mycroft_skill.py", line 1274, in load_data_files
    self.load_vocab_files(root_directory)
  File "/opt/mycroft-core/mycroft/skills/mycroft_skill/mycroft_skill.py", line 1300, in load_vocab_files
    aliases)
  File "/opt/mycroft-core/mycroft/skills/intent_service_interface.py", line 56, in register_adapt_keyword
    {**entity_data, **compatibility_data})
  File "/opt/mycroft-core/.venv/lib/python3.7/site-packages/mycroft_bus_client/client/client.py", line 160, in emit
    self.client.send(message.serialize())
  File "/opt/mycroft-core/.venv/lib/python3.7/site-packages/websocket/_app.py", line 153, in send
    if not self.sock or self.sock.send(data, opcode) == 0:
  File "/opt/mycroft-core/.venv/lib/python3.7/site-packages/websocket/_core.py", line 250, in send
    return self.send_frame(frame)
  File "/opt/mycroft-core/.venv/lib/python3.7/site-packages/websocket/_core.py", line 275, in send_frame
    l = self._send(data)
  File "/opt/mycroft-core/.venv/lib/python3.7/site-packages/websocket/_core.py", line 445, in _send
    return send(self.sock, data)
  File "/opt/mycroft-core/.venv/lib/python3.7/site-packages/websocket/_socket.py", line 117, in send
    return sock.send(data)
BrokenPipeError: [Errno 32] Broken pipe

During handling of the above exception, another exception occurred:

Traceback (most recent call last):
  File "/opt/mycroft-core/mycroft/skills/skill_manager.py", line 303, in _load_skill
    load_status = skill_loader.load()
  File "/opt/mycroft-core/mycroft/skills/skill_loader.py", line 186, in load
    return self._load()
  File "/opt/mycroft-core/mycroft/skills/skill_loader.py", line 244, in _load
    if skill_module and self._create_skill_instance(skill_module):
  File "/opt/mycroft-core/mycroft/skills/skill_loader.py", line 310, in _create_skill_instance
    self.instance.default_shutdown()
  File "/opt/mycroft-core/mycroft/skills/mycroft_skill/mycroft_skill.py", line 1374, in default_shutdown
    self.gui.shutdown()
  File "/opt/mycroft-core/mycroft/enclosure/gui.py", line 376, in shutdown
    self.release()
  File "/opt/mycroft-core/mycroft/enclosure/gui.py", line 366, in release
    self.clear()
  File "/opt/mycroft-core/mycroft/enclosure/gui.py", line 130, in clear
    {"__from": self.skill.skill_id}))
  File "/opt/mycroft-core/.venv/lib/python3.7/site-packages/mycroft_bus_client/client/client.py", line 160, in emit
    self.client.send(message.serialize())
  File "/opt/mycroft-core/.venv/lib/python3.7/site-packages/websocket/_app.py", line 153, in send
    if not self.sock or self.sock.send(data, opcode) == 0:
  File "/opt/mycroft-core/.venv/lib/python3.7/site-packages/websocket/_core.py", line 250, in send
    return self.send_frame(frame)
  File "/opt/mycroft-core/.venv/lib/python3.7/site-packages/websocket/_core.py", line 275, in send_frame
    l = self._send(data)
  File "/opt/mycroft-core/.venv/lib/python3.7/site-packages/websocket/_core.py", line 445, in _send
    return send(self.sock, data)
  File "/opt/mycroft-core/.venv/lib/python3.7/site-packages/websocket/_socket.py", line 117, in send
    return sock.send(data)
BrokenPipeError: [Errno 32] Broken pipe
2021-10-15 06:39:37.636 | INFO     |  5400 | mycroft.skills.skill_loader:load:185 | ATTEMPTING TO LOAD SKILL: mycroft-speak.mycroftai
2021-10-15 06:39:37.639 | INFO     |  5400 | mycroft.skills.settings:get_local_settings:83 | /opt/mycroft/skills/mycroft-speak.mycroftai/settings.json
2021-10-15 06:39:37.643 | ERROR    |  5400 | mycroft.skills.skill_manager:_load_skill:305 | Load of skill /opt/mycroft/skills/mycroft-speak.mycroftai failed!
Traceback (most recent call last):
  File "/opt/mycroft-core/mycroft/skills/skill_loader.py", line 302, in _create_skill_instance
    self.instance.load_data_files()
  File "/opt/mycroft-core/mycroft/skills/mycroft_skill/mycroft_skill.py", line 1274, in load_data_files
    self.load_vocab_files(root_directory)
  File "/opt/mycroft-core/mycroft/skills/mycroft_skill/mycroft_skill.py", line 1300, in load_vocab_files
    aliases)
  File "/opt/mycroft-core/mycroft/skills/intent_service_interface.py", line 56, in register_adapt_keyword
    {**entity_data, **compatibility_data})
  File "/opt/mycroft-core/.venv/lib/python3.7/site-packages/mycroft_bus_client/client/client.py", line 160, in emit
    self.client.send(message.serialize())
  File "/opt/mycroft-core/.venv/lib/python3.7/site-packages/websocket/_app.py", line 153, in send
    if not self.sock or self.sock.send(data, opcode) == 0:
  File "/opt/mycroft-core/.venv/lib/python3.7/site-packages/websocket/_core.py", line 250, in send
    return self.send_frame(frame)
  File "/opt/mycroft-core/.venv/lib/python3.7/site-packages/websocket/_core.py", line 275, in send_frame
    l = self._send(data)
  File "/opt/mycroft-core/.venv/lib/python3.7/site-packages/websocket/_core.py", line 445, in _send
    return send(self.sock, data)
  File "/opt/mycroft-core/.venv/lib/python3.7/site-packages/websocket/_socket.py", line 117, in send
    return sock.send(data)
BrokenPipeError: [Errno 32] Broken pipe

During handling of the above exception, another exception occurred:

Traceback (most recent call last):
  File "/opt/mycroft-core/mycroft/skills/skill_manager.py", line 303, in _load_skill
    load_status = skill_loader.load()
  File "/opt/mycroft-core/mycroft/skills/skill_loader.py", line 186, in load
    return self._load()
  File "/opt/mycroft-core/mycroft/skills/skill_loader.py", line 244, in _load
    if skill_module and self._create_skill_instance(skill_module):
  File "/opt/mycroft-core/mycroft/skills/skill_loader.py", line 310, in _create_skill_instance
    self.instance.default_shutdown()
  File "/opt/mycroft-core/mycroft/skills/mycroft_skill/mycroft_skill.py", line 1374, in default_shutdown
    self.gui.shutdown()
  File "/opt/mycroft-core/mycroft/enclosure/gui.py", line 376, in shutdown
    self.release()
  File "/opt/mycroft-core/mycroft/enclosure/gui.py", line 366, in release
    self.clear()
  File "/opt/mycroft-core/mycroft/enclosure/gui.py", line 130, in clear
    {"__from": self.skill.skill_id}))
  File "/opt/mycroft-core/.venv/lib/python3.7/site-packages/mycroft_bus_client/client/client.py", line 160, in emit
    self.client.send(message.serialize())
  File "/opt/mycroft-core/.venv/lib/python3.7/site-packages/websocket/_app.py", line 153, in send
    if not self.sock or self.sock.send(data, opcode) == 0:
  File "/opt/mycroft-core/.venv/lib/python3.7/site-packages/websocket/_core.py", line 250, in send
    return self.send_frame(frame)
  File "/opt/mycroft-core/.venv/lib/python3.7/site-packages/websocket/_core.py", line 275, in send_frame
    l = self._send(data)
  File "/opt/mycroft-core/.venv/lib/python3.7/site-packages/websocket/_core.py", line 445, in _send
    return send(self.sock, data)
  File "/opt/mycroft-core/.venv/lib/python3.7/site-packages/websocket/_socket.py", line 117, in send
    return sock.send(data)
BrokenPipeError: [Errno 32] Broken pipe
2021-10-15 06:39:37.644 | INFO     |  5400 | mycroft.skills.skill_loader:load:185 | ATTEMPTING TO LOAD SKILL: mycroft-audio-record.mycroftai
2021-10-15 06:39:37.648 | INFO     |  5400 | mycroft.skills.settings:get_local_settings:83 | /opt/mycroft/skills/mycroft-audio-record.mycroftai/settings.json
2021-10-15 06:39:37.654 | INFO     |  5400 | mycroft.skills.settings:save_settings:116 | Skill settings successfully saved to /home/runner/.config/mycroft/skills/mycroft-audio-record.mycroftai/settings.json
2021-10-15 06:39:37.654 | ERROR    |  5400 | mycroft.skills.skill_manager:_load_skill:305 | Load of skill /opt/mycroft/skills/mycroft-audio-record.mycroftai failed!
Traceback (most recent call last):
  File "/opt/mycroft-core/mycroft/skills/skill_loader.py", line 302, in _create_skill_instance
    self.instance.load_data_files()
  File "/opt/mycroft-core/mycroft/skills/mycroft_skill/mycroft_skill.py", line 1274, in load_data_files
    self.load_vocab_files(root_directory)
  File "/opt/mycroft-core/mycroft/skills/mycroft_skill/mycroft_skill.py", line 1300, in load_vocab_files
    aliases)
  File "/opt/mycroft-core/mycroft/skills/intent_service_interface.py", line 56, in register_adapt_keyword
    {**entity_data, **compatibility_data})
  File "/opt/mycroft-core/.venv/lib/python3.7/site-packages/mycroft_bus_client/client/client.py", line 160, in emit
    self.client.send(message.serialize())
  File "/opt/mycroft-core/.venv/lib/python3.7/site-packages/websocket/_app.py", line 153, in send
    if not self.sock or self.sock.send(data, opcode) == 0:
  File "/opt/mycroft-core/.venv/lib/python3.7/site-packages/websocket/_core.py", line 250, in send
    return self.send_frame(frame)
  File "/opt/mycroft-core/.venv/lib/python3.7/site-packages/websocket/_core.py", line 275, in send_frame
    l = self._send(data)
  File "/opt/mycroft-core/.venv/lib/python3.7/site-packages/websocket/_core.py", line 445, in _send
    return send(self.sock, data)
  File "/opt/mycroft-core/.venv/lib/python3.7/site-packages/websocket/_socket.py", line 117, in send
    return sock.send(data)
BrokenPipeError: [Errno 32] Broken pipe

During handling of the above exception, another exception occurred:

Traceback (most recent call last):
  File "/opt/mycroft-core/mycroft/skills/skill_manager.py", line 303, in _load_skill
    load_status = skill_loader.load()
  File "/opt/mycroft-core/mycroft/skills/skill_loader.py", line 186, in load
    return self._load()
  File "/opt/mycroft-core/mycroft/skills/skill_loader.py", line 244, in _load
    if skill_module and self._create_skill_instance(skill_module):
  File "/opt/mycroft-core/mycroft/skills/skill_loader.py", line 310, in _create_skill_instance
    self.instance.default_shutdown()
  File "/opt/mycroft-core/mycroft/skills/mycroft_skill/mycroft_skill.py", line 1374, in default_shutdown
    self.gui.shutdown()
  File "/opt/mycroft-core/mycroft/enclosure/gui.py", line 376, in shutdown
    self.release()
  File "/opt/mycroft-core/mycroft/enclosure/gui.py", line 366, in release
    self.clear()
  File "/opt/mycroft-core/mycroft/enclosure/gui.py", line 130, in clear
    {"__from": self.skill.skill_id}))
  File "/opt/mycroft-core/.venv/lib/python3.7/site-packages/mycroft_bus_client/client/client.py", line 160, in emit
    self.client.send(message.serialize())
  File "/opt/mycroft-core/.venv/lib/python3.7/site-packages/websocket/_app.py", line 153, in send
    if not self.sock or self.sock.send(data, opcode) == 0:
  File "/opt/mycroft-core/.venv/lib/python3.7/site-packages/websocket/_core.py", line 250, in send
    return self.send_frame(frame)
  File "/opt/mycroft-core/.venv/lib/python3.7/site-packages/websocket/_core.py", line 275, in send_frame
    l = self._send(data)
  File "/opt/mycroft-core/.venv/lib/python3.7/site-packages/websocket/_core.py", line 445, in _send
    return send(self.sock, data)
  File "/opt/mycroft-core/.venv/lib/python3.7/site-packages/websocket/_socket.py", line 117, in send
    return sock.send(data)
BrokenPipeError: [Errno 32] Broken pipe
2021-10-15 06:39:37.655 | INFO     |  5400 | mycroft.skills.skill_loader:load:185 | ATTEMPTING TO LOAD SKILL: mycroft-stop.mycroftai
2021-10-15 06:39:37.658 | INFO     |  5400 | mycroft.skills.settings:get_local_settings:83 | /opt/mycroft/skills/mycroft-stop.mycroftai/settings.json
2021-10-15 06:39:37.662 | ERROR    |  5400 | mycroft.skills.skill_manager:_load_skill:305 | Load of skill /opt/mycroft/skills/mycroft-stop.mycroftai failed!
Traceback (most recent call last):
  File "/opt/mycroft-core/mycroft/skills/skill_loader.py", line 302, in _create_skill_instance
    self.instance.load_data_files()
  File "/opt/mycroft-core/mycroft/skills/mycroft_skill/mycroft_skill.py", line 1274, in load_data_files
    self.load_vocab_files(root_directory)
  File "/opt/mycroft-core/mycroft/skills/mycroft_skill/mycroft_skill.py", line 1300, in load_vocab_files
    aliases)
  File "/opt/mycroft-core/mycroft/skills/intent_service_interface.py", line 56, in register_adapt_keyword
    {**entity_data, **compatibility_data})
  File "/opt/mycroft-core/.venv/lib/python3.7/site-packages/mycroft_bus_client/client/client.py", line 160, in emit
    self.client.send(message.serialize())
  File "/opt/mycroft-core/.venv/lib/python3.7/site-packages/websocket/_app.py", line 153, in send
    if not self.sock or self.sock.send(data, opcode) == 0:
  File "/opt/mycroft-core/.venv/lib/python3.7/site-packages/websocket/_core.py", line 250, in send
    return self.send_frame(frame)
  File "/opt/mycroft-core/.venv/lib/python3.7/site-packages/websocket/_core.py", line 275, in send_frame
    l = self._send(data)
  File "/opt/mycroft-core/.venv/lib/python3.7/site-packages/websocket/_core.py", line 445, in _send
    return send(self.sock, data)
  File "/opt/mycroft-core/.venv/lib/python3.7/site-packages/websocket/_socket.py", line 117, in send
    return sock.send(data)
BrokenPipeError: [Errno 32] Broken pipe

During handling of the above exception, another exception occurred:

Traceback (most recent call last):
  File "/opt/mycroft-core/mycroft/skills/skill_manager.py", line 303, in _load_skill
    load_status = skill_loader.load()
  File "/opt/mycroft-core/mycroft/skills/skill_loader.py", line 186, in load
    return self._load()
  File "/opt/mycroft-core/mycroft/skills/skill_loader.py", line 244, in _load
    if skill_module and self._create_skill_instance(skill_module):
  File "/opt/mycroft-core/mycroft/skills/skill_loader.py", line 310, in _create_skill_instance
    self.instance.default_shutdown()
  File "/opt/mycroft-core/mycroft/skills/mycroft_skill/mycroft_skill.py", line 1374, in default_shutdown
    self.gui.shutdown()
  File "/opt/mycroft-core/mycroft/enclosure/gui.py", line 376, in shutdown
    self.release()
  File "/opt/mycroft-core/mycroft/enclosure/gui.py", line 366, in release
    self.clear()
  File "/opt/mycroft-core/mycroft/enclosure/gui.py", line 130, in clear
    {"__from": self.skill.skill_id}))
  File "/opt/mycroft-core/.venv/lib/python3.7/site-packages/mycroft_bus_client/client/client.py", line 160, in emit
    self.client.send(message.serialize())
  File "/opt/mycroft-core/.venv/lib/python3.7/site-packages/websocket/_app.py", line 153, in send
    if not self.sock or self.sock.send(data, opcode) == 0:
  File "/opt/mycroft-core/.venv/lib/python3.7/site-packages/websocket/_core.py", line 250, in send
    return self.send_frame(frame)
  File "/opt/mycroft-core/.venv/lib/python3.7/site-packages/websocket/_core.py", line 275, in send_frame
    l = self._send(data)
  File "/opt/mycroft-core/.venv/lib/python3.7/site-packages/websocket/_core.py", line 445, in _send
    return send(self.sock, data)
  File "/opt/mycroft-core/.venv/lib/python3.7/site-packages/websocket/_socket.py", line 117, in send
    return sock.send(data)
BrokenPipeError: [Errno 32] Broken pipe
2021-10-15 06:39:37.663 | INFO     |  5400 | mycroft.skills.skill_loader:load:185 | ATTEMPTING TO LOAD SKILL: mycroft-hello-world.mycroftai
2021-10-15 06:39:37.666 | INFO     |  5400 | mycroft.skills.settings:get_local_settings:83 | /opt/mycroft/skills/mycroft-hello-world.mycroftai/settings.json
2021-10-15 06:39:37.670 | ERROR    |  5400 | mycroft.skills.skill_manager:_load_skill:305 | Load of skill /opt/mycroft/skills/mycroft-hello-world.mycroftai failed!
Traceback (most recent call last):
  File "/opt/mycroft-core/mycroft/skills/skill_loader.py", line 302, in _create_skill_instance
    self.instance.load_data_files()
  File "/opt/mycroft-core/mycroft/skills/mycroft_skill/mycroft_skill.py", line 1274, in load_data_files
    self.load_vocab_files(root_directory)
  File "/opt/mycroft-core/mycroft/skills/mycroft_skill/mycroft_skill.py", line 1300, in load_vocab_files
    aliases)
  File "/opt/mycroft-core/mycroft/skills/intent_service_interface.py", line 56, in register_adapt_keyword
    {**entity_data, **compatibility_data})
  File "/opt/mycroft-core/.venv/lib/python3.7/site-packages/mycroft_bus_client/client/client.py", line 160, in emit
    self.client.send(message.serialize())
  File "/opt/mycroft-core/.venv/lib/python3.7/site-packages/websocket/_app.py", line 153, in send
    if not self.sock or self.sock.send(data, opcode) == 0:
  File "/opt/mycroft-core/.venv/lib/python3.7/site-packages/websocket/_core.py", line 250, in send
    return self.send_frame(frame)
  File "/opt/mycroft-core/.venv/lib/python3.7/site-packages/websocket/_core.py", line 275, in send_frame
    l = self._send(data)
  File "/opt/mycroft-core/.venv/lib/python3.7/site-packages/websocket/_core.py", line 445, in _send
    return send(self.sock, data)
  File "/opt/mycroft-core/.venv/lib/python3.7/site-packages/websocket/_socket.py", line 117, in send
    return sock.send(data)
BrokenPipeError: [Errno 32] Broken pipe

During handling of the above exception, another exception occurred:

Traceback (most recent call last):
  File "/opt/mycroft-core/mycroft/skills/skill_manager.py", line 303, in _load_skill
    load_status = skill_loader.load()
  File "/opt/mycroft-core/mycroft/skills/skill_loader.py", line 186, in load
    return self._load()
  File "/opt/mycroft-core/mycroft/skills/skill_loader.py", line 244, in _load
    if skill_module and self._create_skill_instance(skill_module):
  File "/opt/mycroft-core/mycroft/skills/skill_loader.py", line 310, in _create_skill_instance
    self.instance.default_shutdown()
  File "/opt/mycroft-core/mycroft/skills/mycroft_skill/mycroft_skill.py", line 1374, in default_shutdown
    self.gui.shutdown()
  File "/opt/mycroft-core/mycroft/enclosure/gui.py", line 376, in shutdown
    self.release()
  File "/opt/mycroft-core/mycroft/enclosure/gui.py", line 366, in release
    self.clear()
  File "/opt/mycroft-core/mycroft/enclosure/gui.py", line 130, in clear
    {"__from": self.skill.skill_id}))
  File "/opt/mycroft-core/.venv/lib/python3.7/site-packages/mycroft_bus_client/client/client.py", line 160, in emit
    self.client.send(message.serialize())
  File "/opt/mycroft-core/.venv/lib/python3.7/site-packages/websocket/_app.py", line 153, in send
    if not self.sock or self.sock.send(data, opcode) == 0:
  File "/opt/mycroft-core/.venv/lib/python3.7/site-packages/websocket/_core.py", line 250, in send
    return self.send_frame(frame)
  File "/opt/mycroft-core/.venv/lib/python3.7/site-packages/websocket/_core.py", line 275, in send_frame
    l = self._send(data)
  File "/opt/mycroft-core/.venv/lib/python3.7/site-packages/websocket/_core.py", line 445, in _send
    return send(self.sock, data)
  File "/opt/mycroft-core/.venv/lib/python3.7/site-packages/websocket/_socket.py", line 117, in send
    return sock.send(data)
BrokenPipeError: [Errno 32] Broken pipe
2021-10-15 06:39:37.671 | INFO     |  5400 | mycroft.skills.skill_loader:load:185 | ATTEMPTING TO LOAD SKILL: mycroft-date-time.mycroftai
2021-10-15 06:39:37.974 | INFO     |  5400 | mycroft.skills.settings:get_local_settings:83 | /opt/mycroft/skills/mycroft-date-time.mycroftai/settings.json
2021-10-15 06:39:37.979 | ERROR    |  5400 | mycroft.skills.skill_manager:_load_skill:305 | Load of skill /opt/mycroft/skills/mycroft-date-time.mycroftai failed!
Traceback (most recent call last):
  File "/opt/mycroft-core/mycroft/skills/skill_loader.py", line 302, in _create_skill_instance
    self.instance.load_data_files()
  File "/opt/mycroft-core/mycroft/skills/mycroft_skill/mycroft_skill.py", line 1274, in load_data_files
    self.load_vocab_files(root_directory)
  File "/opt/mycroft-core/mycroft/skills/mycroft_skill/mycroft_skill.py", line 1300, in load_vocab_files
    aliases)
  File "/opt/mycroft-core/mycroft/skills/intent_service_interface.py", line 56, in register_adapt_keyword
    {**entity_data, **compatibility_data})
  File "/opt/mycroft-core/.venv/lib/python3.7/site-packages/mycroft_bus_client/client/client.py", line 160, in emit
    self.client.send(message.serialize())
  File "/opt/mycroft-core/.venv/lib/python3.7/site-packages/websocket/_app.py", line 153, in send
    if not self.sock or self.sock.send(data, opcode) == 0:
  File "/opt/mycroft-core/.venv/lib/python3.7/site-packages/websocket/_core.py", line 250, in send
    return self.send_frame(frame)
  File "/opt/mycroft-core/.venv/lib/python3.7/site-packages/websocket/_core.py", line 275, in send_frame
    l = self._send(data)
  File "/opt/mycroft-core/.venv/lib/python3.7/site-packages/websocket/_core.py", line 445, in _send
    return send(self.sock, data)
  File "/opt/mycroft-core/.venv/lib/python3.7/site-packages/websocket/_socket.py", line 117, in send
    return sock.send(data)
BrokenPipeError: [Errno 32] Broken pipe

During handling of the above exception, another exception occurred:

Traceback (most recent call last):
  File "/opt/mycroft-core/mycroft/skills/skill_manager.py", line 303, in _load_skill
    load_status = skill_loader.load()
  File "/opt/mycroft-core/mycroft/skills/skill_loader.py", line 186, in load
    return self._load()
  File "/opt/mycroft-core/mycroft/skills/skill_loader.py", line 244, in _load
    if skill_module and self._create_skill_instance(skill_module):
  File "/opt/mycroft-core/mycroft/skills/skill_loader.py", line 310, in _create_skill_instance
    self.instance.default_shutdown()
  File "/opt/mycroft-core/mycroft/skills/mycroft_skill/mycroft_skill.py", line 1374, in default_shutdown
    self.gui.shutdown()
  File "/opt/mycroft-core/mycroft/enclosure/gui.py", line 376, in shutdown
    self.release()
  File "/opt/mycroft-core/mycroft/enclosure/gui.py", line 366, in release
    self.clear()
  File "/opt/mycroft-core/mycroft/enclosure/gui.py", line 130, in clear
    {"__from": self.skill.skill_id}))
  File "/opt/mycroft-core/.venv/lib/python3.7/site-packages/mycroft_bus_client/client/client.py", line 160, in emit
    self.client.send(message.serialize())
  File "/opt/mycroft-core/.venv/lib/python3.7/site-packages/websocket/_app.py", line 153, in send
    if not self.sock or self.sock.send(data, opcode) == 0:
  File "/opt/mycroft-core/.venv/lib/python3.7/site-packages/websocket/_core.py", line 250, in send
    return self.send_frame(frame)
  File "/opt/mycroft-core/.venv/lib/python3.7/site-packages/websocket/_core.py", line 275, in send_frame
    l = self._send(data)
  File "/opt/mycroft-core/.venv/lib/python3.7/site-packages/websocket/_core.py", line 445, in _send
    return send(self.sock, data)
  File "/opt/mycroft-core/.venv/lib/python3.7/site-packages/websocket/_socket.py", line 117, in send
    return sock.send(data)
BrokenPipeError: [Errno 32] Broken pipe
2021-10-15 06:39:37.980 | INFO     |  5400 | mycroft.skills.skill_loader:load:185 | ATTEMPTING TO LOAD SKILL: mycroft-configuration.mycroftai
2021-10-15 06:39:37.985 | INFO     |  5400 | mycroft.skills.settings:get_local_settings:83 | /opt/mycroft/skills/mycroft-configuration.mycroftai/settings.json
2021-10-15 06:39:37.991 | INFO     |  5400 | mycroft.skills.settings:save_settings:116 | Skill settings successfully saved to /home/runner/.config/mycroft/skills/mycroft-configuration.mycroftai/settings.json
2021-10-15 06:39:37.992 | ERROR    |  5400 | mycroft.skills.skill_manager:_load_skill:305 | Load of skill /opt/mycroft/skills/mycroft-configuration.mycroftai failed!
Traceback (most recent call last):
  File "/opt/mycroft-core/mycroft/skills/skill_loader.py", line 302, in _create_skill_instance
    self.instance.load_data_files()
  File "/opt/mycroft-core/mycroft/skills/mycroft_skill/mycroft_skill.py", line 1274, in load_data_files
    self.load_vocab_files(root_directory)
  File "/opt/mycroft-core/mycroft/skills/mycroft_skill/mycroft_skill.py", line 1300, in load_vocab_files
    aliases)
  File "/opt/mycroft-core/mycroft/skills/intent_service_interface.py", line 56, in register_adapt_keyword
    {**entity_data, **compatibility_data})
  File "/opt/mycroft-core/.venv/lib/python3.7/site-packages/mycroft_bus_client/client/client.py", line 160, in emit
    self.client.send(message.serialize())
  File "/opt/mycroft-core/.venv/lib/python3.7/site-packages/websocket/_app.py", line 153, in send
    if not self.sock or self.sock.send(data, opcode) == 0:
  File "/opt/mycroft-core/.venv/lib/python3.7/site-packages/websocket/_core.py", line 250, in send
    return self.send_frame(frame)
  File "/opt/mycroft-core/.venv/lib/python3.7/site-packages/websocket/_core.py", line 275, in send_frame
    l = self._send(data)
  File "/opt/mycroft-core/.venv/lib/python3.7/site-packages/websocket/_core.py", line 445, in _send
    return send(self.sock, data)
  File "/opt/mycroft-core/.venv/lib/python3.7/site-packages/websocket/_socket.py", line 117, in send
    return sock.send(data)
BrokenPipeError: [Errno 32] Broken pipe

During handling of the above exception, another exception occurred:

Traceback (most recent call last):
  File "/opt/mycroft-core/mycroft/skills/skill_manager.py", line 303, in _load_skill
    load_status = skill_loader.load()
  File "/opt/mycroft-core/mycroft/skills/skill_loader.py", line 186, in load
    return self._load()
  File "/opt/mycroft-core/mycroft/skills/skill_loader.py", line 244, in _load
    if skill_module and self._create_skill_instance(skill_module):
  File "/opt/mycroft-core/mycroft/skills/skill_loader.py", line 310, in _create_skill_instance
    self.instance.default_shutdown()
  File "/opt/mycroft-core/mycroft/skills/mycroft_skill/mycroft_skill.py", line 1374, in default_shutdown
    self.gui.shutdown()
  File "/opt/mycroft-core/mycroft/enclosure/gui.py", line 376, in shutdown
    self.release()
  File "/opt/mycroft-core/mycroft/enclosure/gui.py", line 366, in release
    self.clear()
  File "/opt/mycroft-core/mycroft/enclosure/gui.py", line 130, in clear
    {"__from": self.skill.skill_id}))
  File "/opt/mycroft-core/.venv/lib/python3.7/site-packages/mycroft_bus_client/client/client.py", line 160, in emit
    self.client.send(message.serialize())
  File "/opt/mycroft-core/.venv/lib/python3.7/site-packages/websocket/_app.py", line 153, in send
    if not self.sock or self.sock.send(data, opcode) == 0:
  File "/opt/mycroft-core/.venv/lib/python3.7/site-packages/websocket/_core.py", line 250, in send
    return self.send_frame(frame)
  File "/opt/mycroft-core/.venv/lib/python3.7/site-packages/websocket/_core.py", line 275, in send_frame
    l = self._send(data)
  File "/opt/mycroft-core/.venv/lib/python3.7/site-packages/websocket/_core.py", line 445, in _send
    return send(self.sock, data)
  File "/opt/mycroft-core/.venv/lib/python3.7/site-packages/websocket/_socket.py", line 117, in send
    return sock.send(data)
BrokenPipeError: [Errno 32] Broken pipe
2021-10-15 06:39:37.992 | INFO     |  5400 | mycroft.skills.skill_loader:load:185 | ATTEMPTING TO LOAD SKILL: fallback-query.mycroftai
2021-10-15 06:39:37.996 | INFO     |  5400 | mycroft.skills.settings:get_local_settings:83 | /opt/mycroft/skills/fallback-query.mycroftai/settings.json
2021-10-15 06:39:38.000 | INFO     |  5400 | QuestionsAnswersSkill | Removing all handlers...
2021-10-15 06:39:38.000 | ERROR    |  5400 | mycroft.skills.skill_manager:_load_skill:305 | Load of skill /opt/mycroft/skills/fallback-query.mycroftai failed!
Traceback (most recent call last):
  File "/opt/mycroft-core/mycroft/skills/skill_loader.py", line 302, in _create_skill_instance
    self.instance.load_data_files()
  File "/opt/mycroft-core/mycroft/skills/mycroft_skill/mycroft_skill.py", line 1274, in load_data_files
    self.load_vocab_files(root_directory)
  File "/opt/mycroft-core/mycroft/skills/mycroft_skill/mycroft_skill.py", line 1300, in load_vocab_files
    aliases)
  File "/opt/mycroft-core/mycroft/skills/intent_service_interface.py", line 56, in register_adapt_keyword
    {**entity_data, **compatibility_data})
  File "/opt/mycroft-core/.venv/lib/python3.7/site-packages/mycroft_bus_client/client/client.py", line 160, in emit
    self.client.send(message.serialize())
  File "/opt/mycroft-core/.venv/lib/python3.7/site-packages/websocket/_app.py", line 153, in send
    if not self.sock or self.sock.send(data, opcode) == 0:
  File "/opt/mycroft-core/.venv/lib/python3.7/site-packages/websocket/_core.py", line 250, in send
    return self.send_frame(frame)
  File "/opt/mycroft-core/.venv/lib/python3.7/site-packages/websocket/_core.py", line 275, in send_frame
    l = self._send(data)
  File "/opt/mycroft-core/.venv/lib/python3.7/site-packages/websocket/_core.py", line 445, in _send
    return send(self.sock, data)
  File "/opt/mycroft-core/.venv/lib/python3.7/site-packages/websocket/_socket.py", line 117, in send
    return sock.send(data)
BrokenPipeError: [Errno 32] Broken pipe

During handling of the above exception, another exception occurred:

Traceback (most recent call last):
  File "/opt/mycroft-core/mycroft/skills/skill_manager.py", line 303, in _load_skill
    load_status = skill_loader.load()
  File "/opt/mycroft-core/mycroft/skills/skill_loader.py", line 186, in load
    return self._load()
  File "/opt/mycroft-core/mycroft/skills/skill_loader.py", line 244, in _load
    if skill_module and self._create_skill_instance(skill_module):
  File "/opt/mycroft-core/mycroft/skills/skill_loader.py", line 310, in _create_skill_instance
    self.instance.default_shutdown()
  File "/opt/mycroft-core/mycroft/skills/fallback_skill.py", line 199, in default_shutdown
    super(FallbackSkill, self).default_shutdown()
  File "/opt/mycroft-core/mycroft/skills/mycroft_skill/mycroft_skill.py", line 1374, in default_shutdown
    self.gui.shutdown()
  File "/opt/mycroft-core/mycroft/enclosure/gui.py", line 376, in shutdown
    self.release()
  File "/opt/mycroft-core/mycroft/enclosure/gui.py", line 366, in release
    self.clear()
  File "/opt/mycroft-core/mycroft/enclosure/gui.py", line 130, in clear
    {"__from": self.skill.skill_id}))
  File "/opt/mycroft-core/.venv/lib/python3.7/site-packages/mycroft_bus_client/client/client.py", line 160, in emit
    self.client.send(message.serialize())
  File "/opt/mycroft-core/.venv/lib/python3.7/site-packages/websocket/_app.py", line 153, in send
    if not self.sock or self.sock.send(data, opcode) == 0:
  File "/opt/mycroft-core/.venv/lib/python3.7/site-packages/websocket/_core.py", line 250, in send
    return self.send_frame(frame)
  File "/opt/mycroft-core/.venv/lib/python3.7/site-packages/websocket/_core.py", line 275, in send_frame
    l = self._send(data)
  File "/opt/mycroft-core/.venv/lib/python3.7/site-packages/websocket/_core.py", line 445, in _send
    return send(self.sock, data)
  File "/opt/mycroft-core/.venv/lib/python3.7/site-packages/websocket/_socket.py", line 117, in send
    return sock.send(data)
BrokenPipeError: [Errno 32] Broken pipe
2021-10-15 06:39:38.001 | INFO     |  5400 | mycroft.skills.skill_loader:load:185 | ATTEMPTING TO LOAD SKILL: mycroft-personal.mycroftai
2021-10-15 06:39:38.004 | INFO     |  5400 | mycroft.skills.settings:get_local_settings:83 | /opt/mycroft/skills/mycroft-personal.mycroftai/settings.json
2021-10-15 06:39:38.008 | ERROR    |  5400 | mycroft.skills.skill_manager:_load_skill:305 | Load of skill /opt/mycroft/skills/mycroft-personal.mycroftai failed!
Traceback (most recent call last):
  File "/opt/mycroft-core/mycroft/skills/skill_loader.py", line 305, in _create_skill_instance
    self.instance._register_decorated()
  File "/opt/mycroft-core/mycroft/skills/mycroft_skill/mycroft_skill.py", line 749, in _register_decorated
    self.register_intent(intent, method)
  File "/opt/mycroft-core/mycroft/skills/mycroft_skill/mycroft_skill.py", line 985, in register_intent
    return self.register_intent_file(intent_parser, handler)
  File "/opt/mycroft-core/mycroft/skills/mycroft_skill/mycroft_skill.py", line 1022, in register_intent_file
    self.intent_service.register_padatious_intent(name, filename)
  File "/opt/mycroft-core/mycroft/skills/intent_service_interface.py", line 129, in register_padatious_intent
    self.bus.emit(Message("padatious:register_intent", data))
  File "/opt/mycroft-core/.venv/lib/python3.7/site-packages/mycroft_bus_client/client/client.py", line 160, in emit
    self.client.send(message.serialize())
  File "/opt/mycroft-core/.venv/lib/python3.7/site-packages/websocket/_app.py", line 153, in send
    if not self.sock or self.sock.send(data, opcode) == 0:
  File "/opt/mycroft-core/.venv/lib/python3.7/site-packages/websocket/_core.py", line 250, in send
    return self.send_frame(frame)
  File "/opt/mycroft-core/.venv/lib/python3.7/site-packages/websocket/_core.py", line 275, in send_frame
    l = self._send(data)
  File "/opt/mycroft-core/.venv/lib/python3.7/site-packages/websocket/_core.py", line 445, in _send
    return send(self.sock, data)
  File "/opt/mycroft-core/.venv/lib/python3.7/site-packages/websocket/_socket.py", line 117, in send
    return sock.send(data)
BrokenPipeError: [Errno 32] Broken pipe

During handling of the above exception, another exception occurred:

Traceback (most recent call last):
  File "/opt/mycroft-core/mycroft/skills/skill_manager.py", line 303, in _load_skill
    load_status = skill_loader.load()
  File "/opt/mycroft-core/mycroft/skills/skill_loader.py", line 186, in load
    return self._load()
  File "/opt/mycroft-core/mycroft/skills/skill_loader.py", line 244, in _load
    if skill_module and self._create_skill_instance(skill_module):
  File "/opt/mycroft-core/mycroft/skills/skill_loader.py", line 310, in _create_skill_instance
    self.instance.default_shutdown()
  File "/opt/mycroft-core/mycroft/skills/mycroft_skill/mycroft_skill.py", line 1374, in default_shutdown
    self.gui.shutdown()
  File "/opt/mycroft-core/mycroft/enclosure/gui.py", line 376, in shutdown
    self.release()
  File "/opt/mycroft-core/mycroft/enclosure/gui.py", line 366, in release
    self.clear()
  File "/opt/mycroft-core/mycroft/enclosure/gui.py", line 130, in clear
    {"__from": self.skill.skill_id}))
  File "/opt/mycroft-core/.venv/lib/python3.7/site-packages/mycroft_bus_client/client/client.py", line 160, in emit
    self.client.send(message.serialize())
  File "/opt/mycroft-core/.venv/lib/python3.7/site-packages/websocket/_app.py", line 153, in send
    if not self.sock or self.sock.send(data, opcode) == 0:
  File "/opt/mycroft-core/.venv/lib/python3.7/site-packages/websocket/_core.py", line 250, in send
    return self.send_frame(frame)
  File "/opt/mycroft-core/.venv/lib/python3.7/site-packages/websocket/_core.py", line 275, in send_frame
    l = self._send(data)
  File "/opt/mycroft-core/.venv/lib/python3.7/site-packages/websocket/_core.py", line 445, in _send
    return send(self.sock, data)
  File "/opt/mycroft-core/.venv/lib/python3.7/site-packages/websocket/_socket.py", line 117, in send
    return sock.send(data)
BrokenPipeError: [Errno 32] Broken pipe
2021-10-15 06:39:38.009 | INFO     |  5400 | mycroft.skills.skill_loader:load:185 | ATTEMPTING TO LOAD SKILL: fallback-wolfram-alpha.mycroftai
2021-10-15 06:39:38.031 | INFO     |  5400 | mycroft.skills.settings:get_local_settings:83 | /opt/mycroft/skills/fallback-wolfram-alpha.mycroftai/settings.json
2021-10-15 06:39:38.037 | ERROR    |  5400 | mycroft.skills.skill_manager:_load_skill:305 | Load of skill /opt/mycroft/skills/fallback-wolfram-alpha.mycroftai failed!
Traceback (most recent call last):
  File "/opt/mycroft-core/mycroft/skills/skill_loader.py", line 302, in _create_skill_instance
    self.instance.load_data_files()
  File "/opt/mycroft-core/mycroft/skills/mycroft_skill/mycroft_skill.py", line 1274, in load_data_files
    self.load_vocab_files(root_directory)
  File "/opt/mycroft-core/mycroft/skills/mycroft_skill/mycroft_skill.py", line 1300, in load_vocab_files
    aliases)
  File "/opt/mycroft-core/mycroft/skills/intent_service_interface.py", line 56, in register_adapt_keyword
    {**entity_data, **compatibility_data})
  File "/opt/mycroft-core/.venv/lib/python3.7/site-packages/mycroft_bus_client/client/client.py", line 160, in emit
    self.client.send(message.serialize())
  File "/opt/mycroft-core/.venv/lib/python3.7/site-packages/websocket/_app.py", line 153, in send
    if not self.sock or self.sock.send(data, opcode) == 0:
  File "/opt/mycroft-core/.venv/lib/python3.7/site-packages/websocket/_core.py", line 250, in send
    return self.send_frame(frame)
  File "/opt/mycroft-core/.venv/lib/python3.7/site-packages/websocket/_core.py", line 275, in send_frame
    l = self._send(data)
  File "/opt/mycroft-core/.venv/lib/python3.7/site-packages/websocket/_core.py", line 445, in _send
    return send(self.sock, data)
  File "/opt/mycroft-core/.venv/lib/python3.7/site-packages/websocket/_socket.py", line 117, in send
    return sock.send(data)
BrokenPipeError: [Errno 32] Broken pipe

During handling of the above exception, another exception occurred:

Traceback (most recent call last):
  File "/opt/mycroft-core/mycroft/skills/skill_manager.py", line 303, in _load_skill
    load_status = skill_loader.load()
  File "/opt/mycroft-core/mycroft/skills/skill_loader.py", line 186, in load
    return self._load()
  File "/opt/mycroft-core/mycroft/skills/skill_loader.py", line 244, in _load
    if skill_module and self._create_skill_instance(skill_module):
  File "/opt/mycroft-core/mycroft/skills/skill_loader.py", line 310, in _create_skill_instance
    self.instance.default_shutdown()
  File "/opt/mycroft-core/mycroft/skills/mycroft_skill/mycroft_skill.py", line 1374, in default_shutdown
    self.gui.shutdown()
  File "/opt/mycroft-core/mycroft/enclosure/gui.py", line 376, in shutdown
    self.release()
  File "/opt/mycroft-core/mycroft/enclosure/gui.py", line 366, in release
    self.clear()
  File "/opt/mycroft-core/mycroft/enclosure/gui.py", line 130, in clear
    {"__from": self.skill.skill_id}))
  File "/opt/mycroft-core/.venv/lib/python3.7/site-packages/mycroft_bus_client/client/client.py", line 160, in emit
    self.client.send(message.serialize())
  File "/opt/mycroft-core/.venv/lib/python3.7/site-packages/websocket/_app.py", line 153, in send
    if not self.sock or self.sock.send(data, opcode) == 0:
  File "/opt/mycroft-core/.venv/lib/python3.7/site-packages/websocket/_core.py", line 250, in send
    return self.send_frame(frame)
  File "/opt/mycroft-core/.venv/lib/python3.7/site-packages/websocket/_core.py", line 275, in send_frame
    l = self._send(data)
  File "/opt/mycroft-core/.venv/lib/python3.7/site-packages/websocket/_core.py", line 445, in _send
    return send(self.sock, data)
  File "/opt/mycroft-core/.venv/lib/python3.7/site-packages/websocket/_socket.py", line 117, in send
    return sock.send(data)
BrokenPipeError: [Errno 32] Broken pipe
2021-10-15 06:39:38.039 | INFO     |  5400 | mycroft.skills.skill_loader:load:185 | ATTEMPTING TO LOAD SKILL: mycroft-wiki.mycroftai
2021-10-15 06:39:38.043 | INFO     |  5400 | mycroft.skills.settings:get_local_settings:83 | /opt/mycroft/skills/mycroft-wiki.mycroftai/settings.json
2021-10-15 06:39:38.047 | ERROR    |  5400 | mycroft.skills.skill_manager:_load_skill:305 | Load of skill /opt/mycroft/skills/mycroft-wiki.mycroftai failed!
Traceback (most recent call last):
  File "/opt/mycroft-core/mycroft/skills/skill_loader.py", line 302, in _create_skill_instance
    self.instance.load_data_files()
  File "/opt/mycroft-core/mycroft/skills/mycroft_skill/mycroft_skill.py", line 1274, in load_data_files
    self.load_vocab_files(root_directory)
  File "/opt/mycroft-core/mycroft/skills/mycroft_skill/mycroft_skill.py", line 1300, in load_vocab_files
    aliases)
  File "/opt/mycroft-core/mycroft/skills/intent_service_interface.py", line 56, in register_adapt_keyword
    {**entity_data, **compatibility_data})
  File "/opt/mycroft-core/.venv/lib/python3.7/site-packages/mycroft_bus_client/client/client.py", line 160, in emit
    self.client.send(message.serialize())
  File "/opt/mycroft-core/.venv/lib/python3.7/site-packages/websocket/_app.py", line 153, in send
    if not self.sock or self.sock.send(data, opcode) == 0:
  File "/opt/mycroft-core/.venv/lib/python3.7/site-packages/websocket/_core.py", line 250, in send
    return self.send_frame(frame)
  File "/opt/mycroft-core/.venv/lib/python3.7/site-packages/websocket/_core.py", line 275, in send_frame
    l = self._send(data)
  File "/opt/mycroft-core/.venv/lib/python3.7/site-packages/websocket/_core.py", line 445, in _send
    return send(self.sock, data)
  File "/opt/mycroft-core/.venv/lib/python3.7/site-packages/websocket/_socket.py", line 117, in send
    return sock.send(data)
BrokenPipeError: [Errno 32] Broken pipe

During handling of the above exception, another exception occurred:

Traceback (most recent call last):
  File "/opt/mycroft-core/mycroft/skills/skill_manager.py", line 303, in _load_skill
    load_status = skill_loader.load()
  File "/opt/mycroft-core/mycroft/skills/skill_loader.py", line 186, in load
    return self._load()
  File "/opt/mycroft-core/mycroft/skills/skill_loader.py", line 244, in _load
    if skill_module and self._create_skill_instance(skill_module):
  File "/opt/mycroft-core/mycroft/skills/skill_loader.py", line 310, in _create_skill_instance
    self.instance.default_shutdown()
  File "/opt/mycroft-core/mycroft/skills/mycroft_skill/mycroft_skill.py", line 1374, in default_shutdown
    self.gui.shutdown()
  File "/opt/mycroft-core/mycroft/enclosure/gui.py", line 376, in shutdown
    self.release()
  File "/opt/mycroft-core/mycroft/enclosure/gui.py", line 366, in release
    self.clear()
  File "/opt/mycroft-core/mycroft/enclosure/gui.py", line 130, in clear
    {"__from": self.skill.skill_id}))
  File "/opt/mycroft-core/.venv/lib/python3.7/site-packages/mycroft_bus_client/client/client.py", line 160, in emit
    self.client.send(message.serialize())
  File "/opt/mycroft-core/.venv/lib/python3.7/site-packages/websocket/_app.py", line 153, in send
    if not self.sock or self.sock.send(data, opcode) == 0:
  File "/opt/mycroft-core/.venv/lib/python3.7/site-packages/websocket/_core.py", line 250, in send
    return self.send_frame(frame)
  File "/opt/mycroft-core/.venv/lib/python3.7/site-packages/websocket/_core.py", line 275, in send_frame
    l = self._send(data)
  File "/opt/mycroft-core/.venv/lib/python3.7/site-packages/websocket/_core.py", line 445, in _send
    return send(self.sock, data)
  File "/opt/mycroft-core/.venv/lib/python3.7/site-packages/websocket/_socket.py", line 117, in send
    return sock.send(data)
BrokenPipeError: [Errno 32] Broken pipe
2021-10-15 06:39:38.048 | INFO     |  5400 | mycroft.skills.skill_loader:load:185 | ATTEMPTING TO LOAD SKILL: fallback-unknown.mycroftai
2021-10-15 06:39:38.051 | INFO     |  5400 | mycroft.skills.settings:get_local_settings:83 | /opt/mycroft/skills/fallback-unknown.mycroftai/settings.json
2021-10-15 06:39:38.055 | INFO     |  5400 | UnknownSkill | Removing all handlers...
2021-10-15 06:39:38.055 | ERROR    |  5400 | mycroft.skills.skill_manager:_load_skill:305 | Load of skill /opt/mycroft/skills/fallback-unknown.mycroftai failed!
Traceback (most recent call last):
  File "/opt/mycroft-core/mycroft/skills/skill_loader.py", line 302, in _create_skill_instance
    self.instance.load_data_files()
  File "/opt/mycroft-core/mycroft/skills/mycroft_skill/mycroft_skill.py", line 1274, in load_data_files
    self.load_vocab_files(root_directory)
  File "/opt/mycroft-core/mycroft/skills/mycroft_skill/mycroft_skill.py", line 1300, in load_vocab_files
    aliases)
  File "/opt/mycroft-core/mycroft/skills/intent_service_interface.py", line 56, in register_adapt_keyword
    {**entity_data, **compatibility_data})
  File "/opt/mycroft-core/.venv/lib/python3.7/site-packages/mycroft_bus_client/client/client.py", line 160, in emit
    self.client.send(message.serialize())
  File "/opt/mycroft-core/.venv/lib/python3.7/site-packages/websocket/_app.py", line 153, in send
    if not self.sock or self.sock.send(data, opcode) == 0:
  File "/opt/mycroft-core/.venv/lib/python3.7/site-packages/websocket/_core.py", line 250, in send
    return self.send_frame(frame)
  File "/opt/mycroft-core/.venv/lib/python3.7/site-packages/websocket/_core.py", line 275, in send_frame
    l = self._send(data)
  File "/opt/mycroft-core/.venv/lib/python3.7/site-packages/websocket/_core.py", line 445, in _send
    return send(self.sock, data)
  File "/opt/mycroft-core/.venv/lib/python3.7/site-packages/websocket/_socket.py", line 117, in send
    return sock.send(data)
BrokenPipeError: [Errno 32] Broken pipe

During handling of the above exception, another exception occurred:

Traceback (most recent call last):
  File "/opt/mycroft-core/mycroft/skills/skill_manager.py", line 303, in _load_skill
    load_status = skill_loader.load()
  File "/opt/mycroft-core/mycroft/skills/skill_loader.py", line 186, in load
    return self._load()
  File "/opt/mycroft-core/mycroft/skills/skill_loader.py", line 244, in _load
    if skill_module and self._create_skill_instance(skill_module):
  File "/opt/mycroft-core/mycroft/skills/skill_loader.py", line 310, in _create_skill_instance
    self.instance.default_shutdown()
  File "/opt/mycroft-core/mycroft/skills/fallback_skill.py", line 199, in default_shutdown
    super(FallbackSkill, self).default_shutdown()
  File "/opt/mycroft-core/mycroft/skills/mycroft_skill/mycroft_skill.py", line 1374, in default_shutdown
    self.gui.shutdown()
  File "/opt/mycroft-core/mycroft/enclosure/gui.py", line 376, in shutdown
    self.release()
  File "/opt/mycroft-core/mycroft/enclosure/gui.py", line 366, in release
    self.clear()
  File "/opt/mycroft-core/mycroft/enclosure/gui.py", line 130, in clear
    {"__from": self.skill.skill_id}))
  File "/opt/mycroft-core/.venv/lib/python3.7/site-packages/mycroft_bus_client/client/client.py", line 160, in emit
    self.client.send(message.serialize())
  File "/opt/mycroft-core/.venv/lib/python3.7/site-packages/websocket/_app.py", line 153, in send
    if not self.sock or self.sock.send(data, opcode) == 0:
  File "/opt/mycroft-core/.venv/lib/python3.7/site-packages/websocket/_core.py", line 250, in send
    return self.send_frame(frame)
  File "/opt/mycroft-core/.venv/lib/python3.7/site-packages/websocket/_core.py", line 275, in send_frame
    l = self._send(data)
  File "/opt/mycroft-core/.venv/lib/python3.7/site-packages/websocket/_core.py", line 445, in _send
    return send(self.sock, data)
  File "/opt/mycroft-core/.venv/lib/python3.7/site-packages/websocket/_socket.py", line 117, in send
    return sock.send(data)
BrokenPipeError: [Errno 32] Broken pipe
2021-10-15 06:39:38.056 | INFO     |  5400 | mycroft.skills.skill_loader:load:185 | ATTEMPTING TO LOAD SKILL: mycroft-playback-control.mycroftai
2021-10-15 06:39:38.060 | INFO     |  5400 | mycroft.skills.settings:get_local_settings:83 | /opt/mycroft/skills/mycroft-playback-control.mycroftai/settings.json
2021-10-15 06:39:38.065 | ERROR    |  5400 | mycroft.skills.skill_manager:_load_skill:305 | Load of skill /opt/mycroft/skills/mycroft-playback-control.mycroftai failed!
Traceback (most recent call last):
  File "/opt/mycroft-core/mycroft/skills/skill_loader.py", line 302, in _create_skill_instance
    self.instance.load_data_files()
  File "/opt/mycroft-core/mycroft/skills/mycroft_skill/mycroft_skill.py", line 1274, in load_data_files
    self.load_vocab_files(root_directory)
  File "/opt/mycroft-core/mycroft/skills/mycroft_skill/mycroft_skill.py", line 1300, in load_vocab_files
    aliases)
  File "/opt/mycroft-core/mycroft/skills/intent_service_interface.py", line 56, in register_adapt_keyword
    {**entity_data, **compatibility_data})
  File "/opt/mycroft-core/.venv/lib/python3.7/site-packages/mycroft_bus_client/client/client.py", line 160, in emit
    self.client.send(message.serialize())
  File "/opt/mycroft-core/.venv/lib/python3.7/site-packages/websocket/_app.py", line 153, in send
    if not self.sock or self.sock.send(data, opcode) == 0:
  File "/opt/mycroft-core/.venv/lib/python3.7/site-packages/websocket/_core.py", line 250, in send
    return self.send_frame(frame)
  File "/opt/mycroft-core/.venv/lib/python3.7/site-packages/websocket/_core.py", line 275, in send_frame
    l = self._send(data)
  File "/opt/mycroft-core/.venv/lib/python3.7/site-packages/websocket/_core.py", line 445, in _send
    return send(self.sock, data)
  File "/opt/mycroft-core/.venv/lib/python3.7/site-packages/websocket/_socket.py", line 117, in send
    return sock.send(data)
BrokenPipeError: [Errno 32] Broken pipe

During handling of the above exception, another exception occurred:

Traceback (most recent call last):
  File "/opt/mycroft-core/mycroft/skills/skill_manager.py", line 303, in _load_skill
    load_status = skill_loader.load()
  File "/opt/mycroft-core/mycroft/skills/skill_loader.py", line 186, in load
    return self._load()
  File "/opt/mycroft-core/mycroft/skills/skill_loader.py", line 244, in _load
    if skill_module and self._create_skill_instance(skill_module):
  File "/opt/mycroft-core/mycroft/skills/skill_loader.py", line 310, in _create_skill_instance
    self.instance.default_shutdown()
  File "/opt/mycroft-core/mycroft/skills/mycroft_skill/mycroft_skill.py", line 1374, in default_shutdown
    self.gui.shutdown()
  File "/opt/mycroft-core/mycroft/enclosure/gui.py", line 376, in shutdown
    self.release()
  File "/opt/mycroft-core/mycroft/enclosure/gui.py", line 366, in release
    self.clear()
  File "/opt/mycroft-core/mycroft/enclosure/gui.py", line 130, in clear
    {"__from": self.skill.skill_id}))
  File "/opt/mycroft-core/.venv/lib/python3.7/site-packages/mycroft_bus_client/client/client.py", line 160, in emit
    self.client.send(message.serialize())
  File "/opt/mycroft-core/.venv/lib/python3.7/site-packages/websocket/_app.py", line 153, in send
    if not self.sock or self.sock.send(data, opcode) == 0:
  File "/opt/mycroft-core/.venv/lib/python3.7/site-packages/websocket/_core.py", line 250, in send
    return self.send_frame(frame)
  File "/opt/mycroft-core/.venv/lib/python3.7/site-packages/websocket/_core.py", line 275, in send_frame
    l = self._send(data)
  File "/opt/mycroft-core/.venv/lib/python3.7/site-packages/websocket/_core.py", line 445, in _send
    return send(self.sock, data)
  File "/opt/mycroft-core/.venv/lib/python3.7/site-packages/websocket/_socket.py", line 117, in send
    return sock.send(data)
BrokenPipeError: [Errno 32] Broken pipe
2021-10-15 06:39:38.066 | INFO     |  5400 | mycroft.skills.skill_manager:_load_on_startup:275 | Skills all loaded!
2021-10-15 06:39:41.623 | INFO     |  5400 | mycroft_bus_client.client.client | Connected
2021-10-15 06:39:52.911 | INFO     |  5400 | mycroft.skills.settings:save_settings:116 | Skill settings successfully saved to /home/runner/.config/mycroft/skills/mycroft-pairing.mycroftai/settings.json
2021-10-15 06:39:53.210 | INFO     |  5400 | mycroft.skills.settings:save_settings:116 | Skill settings successfully saved to /home/runner/.config/mycroft/skills/mycroft-timer.mycroftai/settings.json
