{
  "uid" : "6f3a5d9c92559409",
  "name" : "decrease light brightness",
  "historyId" : "c083537c88c89adea9828a20adea4854",
  "time" : {
    "start" : 1633806221707,
    "stop" : 1633806242316,
    "duration" : 20609
  },
  "status" : "failed",
  "statusMessage" : "AssertionError: Mycroft responded with:\nMycroft: homeassistant.device.unknown.dialog(HomeAssistantSkill)\n\"Sorry, I can't find the Home Assistant entity \"bathroom light please\".\"\n\n",
  "statusTrace" : "  File \"/opt/mycroft-core/.venv/lib/python3.7/site-packages/behave/model.py\", line 1806, in run\n    match.run(runner.context)\n  File \"/opt/mycroft-core/.venv/lib/python3.7/site-packages/behave/matchers.py\", line 97, in run\n    self.func(context, *args, **kwargs)\n  File \"features/steps/utterance_responses.py\", line 157, in then_dialog\n    assert passed, assert_msg or 'Mycroft didn\\'t respond'\n",
  "flaky" : false,
  "newFailed" : false,
  "beforeStages" : [ ],
  "testStage" : {
    "status" : "failed",
    "statusMessage" : "AssertionError: Mycroft responded with:\nMycroft: homeassistant.device.unknown.dialog(HomeAssistantSkill)\n\"Sorry, I can't find the Home Assistant entity \"bathroom light please\".\"\n\n",
    "statusTrace" : "  File \"/opt/mycroft-core/.venv/lib/python3.7/site-packages/behave/model.py\", line 1806, in run\n    match.run(runner.context)\n  File \"/opt/mycroft-core/.venv/lib/python3.7/site-packages/behave/matchers.py\", line 97, in run\n    self.func(context, *args, **kwargs)\n  File \"features/steps/utterance_responses.py\", line 157, in then_dialog\n    assert passed, assert_msg or 'Mycroft didn\\'t respond'\n",
    "steps" : [ {
      "name" : "Given an English speaking user",
      "time" : {
        "start" : 1633806221708,
        "stop" : 1633806221708,
        "duration" : 0
      },
      "status" : "passed",
      "steps" : [ ],
      "attachments" : [ ],
      "parameters" : [ ],
      "hasContent" : false,
      "stepsCount" : 0,
      "attachmentsCount" : 0,
      "shouldDisplayMessage" : false
    }, {
      "name" : "When the user says \"decrease the brightness of bathroom light please\"",
      "time" : {
        "start" : 1633806221708,
        "stop" : 1633806221711,
        "duration" : 3
      },
      "status" : "passed",
      "steps" : [ ],
      "attachments" : [ ],
      "parameters" : [ ],
      "hasContent" : false,
      "stepsCount" : 0,
      "attachmentsCount" : 0,
      "shouldDisplayMessage" : false
    }, {
      "name" : "Then \"homeassistant\" should reply with dialog from \"homeassistant.brightness.decreased\"",
      "time" : {
        "start" : 1633806221711,
        "stop" : 1633806231712,
        "duration" : 10001
      },
      "status" : "failed",
      "statusMessage" : "AssertionError: Mycroft responded with:\nMycroft: homeassistant.device.unknown.dialog(HomeAssistantSkill)\n\"Sorry, entity \"bathroom light please\" wasn't found.\"\nMycroft: pairing.code.dialog(PairingSkill)\n\"Enter the code. 'U' as in Uniform. 'V' as in Victor. the number Three. 'N' as in November. the number Nine. the number Nine.\"\n\n",
      "statusTrace" : "  File \"/opt/mycroft-core/.venv/lib/python3.7/site-packages/behave/model.py\", line 1806, in run\n    match.run(runner.context)\n  File \"/opt/mycroft-core/.venv/lib/python3.7/site-packages/behave/matchers.py\", line 97, in run\n    self.func(context, *args, **kwargs)\n  File \"features/steps/utterance_responses.py\", line 157, in then_dialog\n    assert passed, assert_msg or 'Mycroft didn\\'t respond'\n",
      "steps" : [ ],
      "attachments" : [ ],
      "parameters" : [ ],
      "hasContent" : true,
      "stepsCount" : 0,
      "attachmentsCount" : 0,
      "shouldDisplayMessage" : true
    }, {
      "name" : "Given an English speaking user",
      "time" : {
        "start" : 1633806232013,
        "stop" : 1633806232013,
        "duration" : 0
      },
      "status" : "passed",
      "steps" : [ ],
      "attachments" : [ ],
      "parameters" : [ ],
      "hasContent" : false,
      "stepsCount" : 0,
      "attachmentsCount" : 0,
      "shouldDisplayMessage" : false
    }, {
      "name" : "When the user says \"decrease the brightness of bathroom light please\"",
      "time" : {
        "start" : 1633806232014,
        "stop" : 1633806232014,
        "duration" : 0
      },
      "status" : "passed",
      "steps" : [ ],
      "attachments" : [ ],
      "parameters" : [ ],
      "hasContent" : false,
      "stepsCount" : 0,
      "attachmentsCount" : 0,
      "shouldDisplayMessage" : false
    }, {
      "name" : "Then \"homeassistant\" should reply with dialog from \"homeassistant.brightness.decreased\"",
      "time" : {
        "start" : 1633806232014,
        "stop" : 1633806242015,
        "duration" : 10001
      },
      "status" : "failed",
      "statusMessage" : "AssertionError: Mycroft responded with:\nMycroft: homeassistant.device.unknown.dialog(HomeAssistantSkill)\n\"Sorry, I can't find the Home Assistant entity \"bathroom light please\".\"\n\n",
      "statusTrace" : "  File \"/opt/mycroft-core/.venv/lib/python3.7/site-packages/behave/model.py\", line 1806, in run\n    match.run(runner.context)\n  File \"/opt/mycroft-core/.venv/lib/python3.7/site-packages/behave/matchers.py\", line 97, in run\n    self.func(context, *args, **kwargs)\n  File \"features/steps/utterance_responses.py\", line 157, in then_dialog\n    assert passed, assert_msg or 'Mycroft didn\\'t respond'\n",
      "steps" : [ ],
      "attachments" : [ ],
      "parameters" : [ ],
      "hasContent" : true,
      "stepsCount" : 0,
      "attachmentsCount" : 0,
      "shouldDisplayMessage" : true
    } ],
    "attachments" : [ ],
    "parameters" : [ ],
    "hasContent" : true,
    "stepsCount" : 6,
    "attachmentsCount" : 0,
    "shouldDisplayMessage" : false
  },
  "afterStages" : [ ],
  "labels" : [ {
    "name" : "severity",
    "value" : "normal"
  }, {
    "name" : "feature",
    "value" : "decrease brightness"
  }, {
    "name" : "framework",
    "value" : "behave"
  }, {
    "name" : "language",
    "value" : "cpython3"
  }, {
    "name" : "resultFormat",
    "value" : "allure2"
  } ],
  "parameters" : [ ],
  "links" : [ ],
  "hidden" : false,
  "retry" : false,
  "extra" : {
    "severity" : "normal",
    "retries" : [ ],
    "categories" : [ {
      "name" : "Product defects",
      "matchedStatuses" : [ ],
      "flaky" : false
    } ],
    "tags" : [ ]
  },
  "source" : "6f3a5d9c92559409.json",
  "parameterValues" : [ ]
}