{
  "uid" : "af0f4c97affa3ceb",
  "name" : "turn off light",
  "historyId" : "88fead54c29dc231d3491543adb9c633",
  "time" : {
    "start" : 1633812965513,
    "stop" : 1633812986120,
    "duration" : 20607
  },
  "status" : "failed",
  "statusMessage" : "AssertionError: Mycroft responded with:\nMycroft: homeassistant.device.unknown.dialog(HomeAssistantSkill)\n\"Sorry, I can't find the Home Assistant entity \"stairs light please\".\"\n\n",
  "statusTrace" : "  File \"/opt/mycroft-core/.venv/lib/python3.7/site-packages/behave/model.py\", line 1806, in run\n    match.run(runner.context)\n  File \"/opt/mycroft-core/.venv/lib/python3.7/site-packages/behave/matchers.py\", line 97, in run\n    self.func(context, *args, **kwargs)\n  File \"features/steps/utterance_responses.py\", line 157, in then_dialog\n    assert passed, assert_msg or 'Mycroft didn\\'t respond'\n",
  "flaky" : false,
  "newFailed" : false,
  "beforeStages" : [ ],
  "testStage" : {
    "status" : "failed",
    "statusMessage" : "AssertionError: Mycroft responded with:\nMycroft: homeassistant.device.unknown.dialog(HomeAssistantSkill)\n\"Sorry, I can't find the Home Assistant entity \"stairs light please\".\"\n\n",
    "statusTrace" : "  File \"/opt/mycroft-core/.venv/lib/python3.7/site-packages/behave/model.py\", line 1806, in run\n    match.run(runner.context)\n  File \"/opt/mycroft-core/.venv/lib/python3.7/site-packages/behave/matchers.py\", line 97, in run\n    self.func(context, *args, **kwargs)\n  File \"features/steps/utterance_responses.py\", line 157, in then_dialog\n    assert passed, assert_msg or 'Mycroft didn\\'t respond'\n",
    "steps" : [ {
      "name" : "Given an English speaking user",
      "time" : {
        "start" : 1633812965514,
        "stop" : 1633812965514,
        "duration" : 0
      },
      "status" : "passed",
      "steps" : [ ],
      "attachments" : [ ],
      "parameters" : [ ],
      "stepsCount" : 0,
      "attachmentsCount" : 0,
      "shouldDisplayMessage" : false,
      "hasContent" : false
    }, {
      "name" : "When the user says \"can you turn off stairs light please\"",
      "time" : {
        "start" : 1633812965514,
        "stop" : 1633812965514,
        "duration" : 0
      },
      "status" : "passed",
      "steps" : [ ],
      "attachments" : [ ],
      "parameters" : [ ],
      "stepsCount" : 0,
      "attachmentsCount" : 0,
      "shouldDisplayMessage" : false,
      "hasContent" : false
    }, {
      "name" : "Then \"homeassistant\" should reply with dialog from \"homeassistant.device.off.dialog\"",
      "time" : {
        "start" : 1633812965515,
        "stop" : 1633812975515,
        "duration" : 10000
      },
      "status" : "failed",
      "statusMessage" : "AssertionError: Mycroft responded with:\nMycroft: homeassistant.device.unknown.dialog(HomeAssistantSkill)\n\"Entity \"stairs light please\" could not be found.\"\n\n",
      "statusTrace" : "  File \"/opt/mycroft-core/.venv/lib/python3.7/site-packages/behave/model.py\", line 1806, in run\n    match.run(runner.context)\n  File \"/opt/mycroft-core/.venv/lib/python3.7/site-packages/behave/matchers.py\", line 97, in run\n    self.func(context, *args, **kwargs)\n  File \"features/steps/utterance_responses.py\", line 157, in then_dialog\n    assert passed, assert_msg or 'Mycroft didn\\'t respond'\n",
      "steps" : [ ],
      "attachments" : [ ],
      "parameters" : [ ],
      "stepsCount" : 0,
      "attachmentsCount" : 0,
      "shouldDisplayMessage" : true,
      "hasContent" : true
    }, {
      "name" : "Given an English speaking user",
      "time" : {
        "start" : 1633812975817,
        "stop" : 1633812975817,
        "duration" : 0
      },
      "status" : "passed",
      "steps" : [ ],
      "attachments" : [ ],
      "parameters" : [ ],
      "stepsCount" : 0,
      "attachmentsCount" : 0,
      "shouldDisplayMessage" : false,
      "hasContent" : false
    }, {
      "name" : "When the user says \"can you turn off stairs light please\"",
      "time" : {
        "start" : 1633812975817,
        "stop" : 1633812975817,
        "duration" : 0
      },
      "status" : "passed",
      "steps" : [ ],
      "attachments" : [ ],
      "parameters" : [ ],
      "stepsCount" : 0,
      "attachmentsCount" : 0,
      "shouldDisplayMessage" : false,
      "hasContent" : false
    }, {
      "name" : "Then \"homeassistant\" should reply with dialog from \"homeassistant.device.off.dialog\"",
      "time" : {
        "start" : 1633812975817,
        "stop" : 1633812985818,
        "duration" : 10001
      },
      "status" : "failed",
      "statusMessage" : "AssertionError: Mycroft responded with:\nMycroft: homeassistant.device.unknown.dialog(HomeAssistantSkill)\n\"Sorry, I can't find the Home Assistant entity \"stairs light please\".\"\n\n",
      "statusTrace" : "  File \"/opt/mycroft-core/.venv/lib/python3.7/site-packages/behave/model.py\", line 1806, in run\n    match.run(runner.context)\n  File \"/opt/mycroft-core/.venv/lib/python3.7/site-packages/behave/matchers.py\", line 97, in run\n    self.func(context, *args, **kwargs)\n  File \"features/steps/utterance_responses.py\", line 157, in then_dialog\n    assert passed, assert_msg or 'Mycroft didn\\'t respond'\n",
      "steps" : [ ],
      "attachments" : [ ],
      "parameters" : [ ],
      "stepsCount" : 0,
      "attachmentsCount" : 0,
      "shouldDisplayMessage" : true,
      "hasContent" : true
    } ],
    "attachments" : [ ],
    "parameters" : [ ],
    "stepsCount" : 6,
    "attachmentsCount" : 0,
    "shouldDisplayMessage" : false,
    "hasContent" : true
  },
  "afterStages" : [ ],
  "labels" : [ {
    "name" : "severity",
    "value" : "normal"
  }, {
    "name" : "feature",
    "value" : "turn off"
  }, {
    "name" : "framework",
    "value" : "behave"
  }, {
    "name" : "language",
    "value" : "cpython3"
  }, {
    "name" : "resultFormat",
    "value" : "allure2"
  } ],
  "parameters" : [ ],
  "links" : [ ],
  "hidden" : false,
  "retry" : false,
  "extra" : {
    "severity" : "normal",
    "retries" : [ ],
    "categories" : [ {
      "name" : "Product defects",
      "matchedStatuses" : [ ],
      "flaky" : false
    } ],
    "tags" : [ ]
  },
  "source" : "af0f4c97affa3ceb.json",
  "parameterValues" : [ ]
}