2021-10-26 14:57:23.437 | INFO     |  5331 | mycroft.messagebus.load_config:load_message_bus_config:33 | Loading message bus configs
2021-10-26 14:57:23.442 | ERROR    |  5331 | mycroft_bus_client.client.client | === ConnectionRefusedError(111, 'Connection refused') ===
Traceback (most recent call last):
  File "/opt/mycroft-core/.venv/lib/python3.7/site-packages/websocket/_app.py", line 254, in run_forever
    proxy_type=proxy_type)
  File "/opt/mycroft-core/.venv/lib/python3.7/site-packages/websocket/_core.py", line 220, in connect
    options.pop('socket', None))
  File "/opt/mycroft-core/.venv/lib/python3.7/site-packages/websocket/_http.py", line 120, in connect
    sock = _open_socket(addrinfo_list, options.sockopt, options.timeout)
  File "/opt/mycroft-core/.venv/lib/python3.7/site-packages/websocket/_http.py", line 190, in _open_socket
    raise err
  File "/opt/mycroft-core/.venv/lib/python3.7/site-packages/websocket/_http.py", line 170, in _open_socket
    sock.connect(address)
ConnectionRefusedError: [Errno 111] Connection refused
2021-10-26 14:57:23.443 | ERROR    |  5331 | mycroft_bus_client.client.client | Exception closing websocket: ConnectionRefusedError(111, 'Connection refused')
2021-10-26 14:57:23.443 | WARNING  |  5331 | mycroft_bus_client.client.client | Message Bus Client will reconnect in 5 seconds.
2021-10-26 14:57:28.455 | INFO     |  5331 | mycroft_bus_client.client.client | Connected
2021-10-26 14:57:28.463 | INFO     |  5331 | mycroft.util.process_utils:start_message_bus_client:155 | Connected to messagebus
2021-10-26 14:57:28.473 | INFO     |  5331 | mycroft.skills.msm_wrapper:create_msm:96 | Acquiring lock to instantiate MSM
2021-10-26 14:57:28.473 | INFO     |  5331 | msm.mycroft_skills_manager | building SkillEntry objects for all skills
2021-10-26 14:57:29.509 | INFO     |  5331 | mycroft.skills.msm_wrapper:create_msm:112 | Releasing MSM instantiation lock.
2021-10-26 14:57:29.510 | INFO     |  5331 | mycroft.skills.skill_updater:_log_next_download_time:267 | Next scheduled skill update: 2021-10-26 14:57:28.510200
2021-10-26 14:57:29.510 | INFO     |  5331 | msm.skill_entry | Downloading skill: https://github.com/mycroftai/skill-pairing
2021-10-26 14:57:30.247 | INFO     |  5331 | msm.skill_entry | Installing system requirements...
2021-10-26 14:57:30.257 | INFO     |  5331 | msm.skill_entry | Successfully installed mycroft-pairing
2021-10-26 14:57:30.257 | INFO     |  5331 | msm.mycroft_skills_manager | invalidating skills cache
2021-10-26 14:57:30.259 | INFO     |  5331 | mycroft.skills.skill_loader:load:185 | ATTEMPTING TO LOAD SKILL: mycroft-pairing.mycroftai
2021-10-26 14:57:30.266 | INFO     |  5331 | mycroft.skills.settings:get_local_settings:83 | /opt/mycroft/skills/mycroft-pairing.mycroftai/settings.json
2021-10-26 14:57:30.288 | INFO     |  5331 | mycroft.skills.skill_loader:_check_for_first_run:324 | First run of mycroft-pairing.mycroftai
2021-10-26 14:57:30.288 | INFO     |  5331 | mycroft.skills.settings:save_settings:116 | Skill settings successfully saved to /home/runner/.config/mycroft/skills/mycroft-pairing.mycroftai/settings.json
2021-10-26 14:57:30.294 | INFO     |  5331 | mycroft.skills.skill_loader:_communicate_load_status:344 | Skill mycroft-pairing.mycroftai loaded successfully
2021-10-26 14:57:30.294 | INFO     |  5331 | msm.skill_entry | Downloading skill: https://github.com/mycroftai/skill-volume
2021-10-26 14:57:31.134 | INFO     |  5331 | msm.skill_entry | Installing system requirements...
2021-10-26 14:57:31.144 | INFO     |  5331 | msm.skill_entry | Installing requirements.txt for mycroft-volume
2021-10-26 14:57:31.947 | INFO     |  5331 | msm.skill_entry | Successfully installed mycroft-volume
2021-10-26 14:57:31.948 | INFO     |  5331 | msm.mycroft_skills_manager | invalidating skills cache
2021-10-26 14:57:31.949 | INFO     |  5331 | mycroft.skills.skill_loader:load:185 | ATTEMPTING TO LOAD SKILL: mycroft-volume.mycroftai
2021-10-26 14:57:31.958 | INFO     |  5331 | mycroft.skills.settings:get_local_settings:83 | /opt/mycroft/skills/mycroft-volume.mycroftai/settings.json
2021-10-26 14:57:32.002 | ERROR    |  5331 | VolumeSkill | Couldn't allocate mixer, ALSAAudioError('No such file or directory [default]')
2021-10-26 14:57:35.003 | INFO     |  5331 | mycroft.skills.skill_loader:_check_for_first_run:324 | First run of mycroft-volume.mycroftai
2021-10-26 14:57:35.004 | INFO     |  5331 | mycroft.skills.settings:save_settings:116 | Skill settings successfully saved to /home/runner/.config/mycroft/skills/mycroft-volume.mycroftai/settings.json
2021-10-26 14:57:35.005 | INFO     |  5331 | mycroft.skills.skill_loader:_communicate_load_status:344 | Skill mycroft-volume.mycroftai loaded successfully
2021-10-26 14:57:35.005 | INFO     |  5331 | __main__:on_started:177 | Skills service is starting up.
2021-10-26 14:57:35.116 | INFO     |  5331 | __main__:_update_system:154 | Attempting system update...
2021-10-26 14:57:38.118 | INFO     |  5331 | mycroft.enclosure.display_manager:_write_data:70 | Display Manager is creating /tmp/mycroft/ipc/managers/disp_info
2021-10-26 14:57:38.120 | INFO     |  5331 | __main__:_ensure_device_is_paired:133 | Device not paired, invoking the pairing skill
2021-10-26 14:57:38.120 | INFO     |  5331 | __main__:on_alive:181 | Skills service is alive.
2021-10-26 14:57:38.164 | INFO     |  5331 | msm.mycroft_skills_manager | building SkillEntry objects for all skills
2021-10-26 14:57:38.462 | INFO     |  5331 | PairingSkill | Communicating account URL to user
2021-10-26 14:57:38.627 | WARNING  |  5331 | msm.mycroft_skills_manager | No such default skill: mycroft-pandora
2021-10-26 14:57:38.628 | INFO     |  5331 | mycroft.skills.skill_manager:run:234 | Not all default skills are installed, performing skill update...
2021-10-26 14:57:38.628 | INFO     |  5331 | mycroft.skills.skill_updater:update_skills:149 | Beginning skill update...
2021-10-26 14:57:38.737 | INFO     |  5331 | msm.mycroft_skills_manager | building SkillEntry objects for all skills
2021-10-26 14:57:39.181 | INFO     |  5331 | msm.mycroft_skills_manager | invalidating skills cache
2021-10-26 14:57:39.215 | INFO     |  5331 | msm.skill_entry | Downloading skill: https://github.com/mycroftai/skill-alarm
2021-10-26 14:57:39.220 | INFO     |  5331 | msm.skill_entry | Downloading skill: https://github.com/mycroftai/skill-configuration
2021-10-26 14:57:39.226 | INFO     |  5331 | msm.skill_entry | Downloading skill: https://github.com/mycroftai/fallback-wolfram-alpha
2021-10-26 14:57:39.227 | INFO     |  5331 | msm.skill_entry | Downloading skill: https://github.com/mycroftai/skill-hello-world
2021-10-26 14:57:39.253 | INFO     |  5331 | msm.skill_entry | Downloading skill: https://github.com/mycroftai/skill-playback-control
2021-10-26 14:57:39.228 | INFO     |  5331 | msm.skill_entry | Downloading skill: https://github.com/mycroftai/skill-audio-record
2021-10-26 14:57:39.228 | INFO     |  5331 | msm.skill_entry | Downloading skill: https://github.com/mycroftai/skill-ip
2021-10-26 14:57:39.229 | INFO     |  5331 | msm.skill_entry | Downloading skill: https://github.com/mycroftai/skill-date-time
2021-10-26 14:57:39.229 | INFO     |  5331 | msm.skill_entry | Downloading skill: https://github.com/mycroftai/skill-joke
2021-10-26 14:57:39.255 | INFO     |  5331 | msm.skill_entry | Downloading skill: https://github.com/mycroftai/skill-singing
2021-10-26 14:57:39.227 | INFO     |  5331 | msm.skill_entry | Downloading skill: https://github.com/mycroftai/skill-installer
2021-10-26 14:57:39.265 | INFO     |  5331 | msm.skill_entry | Downloading skill: https://github.com/mycroftai/skill-naptime
2021-10-26 14:57:39.265 | INFO     |  5331 | msm.skill_entry | Downloading skill: https://github.com/mycroftai/fallback-unknown
2021-10-26 14:57:39.274 | INFO     |  5331 | msm.skill_entry | Downloading skill: https://github.com/mycroftai/fallback-duckduckgo
2021-10-26 14:57:39.274 | INFO     |  5331 | msm.skill_entry | Downloading skill: https://github.com/mycroftai/skill-personal
2021-10-26 14:57:39.290 | INFO     |  5331 | msm.skill_entry | Downloading skill: https://github.com/mycroftai/skill-reminder
2021-10-26 14:57:39.309 | INFO     |  5331 | msm.skill_entry | Downloading skill: https://github.com/mycroftai/skill-npr-news
2021-10-26 14:57:39.885 | ERROR    |  5331 | msm.mycroft_skills_manager | Error running install_or_update on homeassistant.mycroftai: MergeConflict
2021-10-26 14:57:39.889 | INFO     |  5331 | msm.skill_entry | Downloading skill: https://github.com/mycroftai/skill-speak
2021-10-26 14:57:40.372 | INFO     |  5331 | msm.skill_entry | Installing system requirements...
2021-10-26 14:57:40.394 | INFO     |  5331 | msm.skill_entry | Installing system requirements...
2021-10-26 14:57:40.409 | INFO     |  5331 | msm.skill_entry | Installing requirements.txt for mycroft-fallback-duck-duck-go
2021-10-26 14:57:40.426 | INFO     |  5331 | msm.skill_entry | Installing requirements.txt for mycroft-audio-record
2021-10-26 14:57:40.448 | INFO     |  5331 | msm.skill_entry | Installing system requirements...
2021-10-26 14:57:40.472 | INFO     |  5331 | msm.skill_entry | Installing requirements.txt for mycroft-joke
2021-10-26 14:57:40.501 | INFO     |  5331 | msm.skill_entry | Installing system requirements...
2021-10-26 14:57:40.540 | INFO     |  5331 | msm.skill_entry | Successfully installed mycroft-playback-control
2021-10-26 14:57:40.540 | INFO     |  5331 | msm.mycroft_skills_manager | invalidating skills cache
2021-10-26 14:57:40.548 | INFO     |  5331 | msm.skill_entry | Downloading skill: https://github.com/mycroftai/skill-spelling
2021-10-26 14:57:40.631 | INFO     |  5331 | msm.skill_entry | Installing system requirements...
2021-10-26 14:57:40.734 | INFO     |  5331 | msm.skill_entry | Installing requirements.txt for mycroft-configuration
2021-10-26 14:57:40.791 | INFO     |  5331 | msm.skill_entry | Nothing new for mycroft-volume
2021-10-26 14:57:40.820 | INFO     |  5331 | msm.skill_entry | Nothing new for mycroft-pairing
2021-10-26 14:57:40.833 | INFO     |  5331 | msm.skill_entry | Installing system requirements...
2021-10-26 14:57:40.889 | INFO     |  5331 | msm.skill_entry | Installing system requirements...
2021-10-26 14:57:40.929 | INFO     |  5331 | msm.skill_entry | Downloading skill: https://github.com/mycroftai/skill-stop
2021-10-26 14:57:40.949 | INFO     |  5331 | msm.skill_entry | Installing system requirements...
2021-10-26 14:57:41.042 | INFO     |  5331 | msm.skill_entry | Installing requirements.txt for mycroft-volume
2021-10-26 14:57:41.059 | INFO     |  5331 | msm.skill_entry | Successfully installed mycroft-speak
2021-10-26 14:57:41.059 | INFO     |  5331 | msm.mycroft_skills_manager | invalidating skills cache
2021-10-26 14:57:41.060 | INFO     |  5331 | msm.skill_entry | Downloading skill: https://github.com/mycroftai/skill-support
2021-10-26 14:57:41.140 | INFO     |  5331 | msm.skill_entry | Installing system requirements...
2021-10-26 14:57:41.188 | INFO     |  5331 | msm.skill_entry | Installing system requirements...
2021-10-26 14:57:41.220 | INFO     |  5331 | msm.skill_entry | Installing system requirements...
2021-10-26 14:57:41.274 | INFO     |  5331 | msm.skill_entry | Successfully installed mycroft-hello-world
2021-10-26 14:57:41.275 | INFO     |  5331 | msm.mycroft_skills_manager | invalidating skills cache
2021-10-26 14:57:41.275 | INFO     |  5331 | msm.skill_entry | Downloading skill: https://github.com/mycroftai/mycroft-timer
2021-10-26 14:57:41.293 | INFO     |  5331 | msm.skill_entry | Installing requirements.txt for fallback-wolfram-alpha
2021-10-26 14:57:41.311 | INFO     |  5331 | msm.skill_entry | Installing requirements.txt for mycroft-date-time
2021-10-26 14:57:41.312 | INFO     |  5331 | msm.skill_entry | Installing system requirements...
2021-10-26 14:57:41.341 | INFO     |  5331 | msm.skill_entry | Installing requirements.txt for mycroft-ip
2021-10-26 14:57:41.394 | INFO     |  5331 | msm.skill_entry | Installing system requirements...
2021-10-26 14:57:41.402 | INFO     |  5331 | msm.skill_entry | Installing system requirements...
2021-10-26 14:57:41.423 | INFO     |  5331 | msm.skill_entry | Installing system requirements...
2021-10-26 14:57:41.522 | INFO     |  5331 | msm.skill_entry | Successfully installed mycroft-personal
2021-10-26 14:57:41.522 | INFO     |  5331 | msm.mycroft_skills_manager | invalidating skills cache
2021-10-26 14:57:41.523 | INFO     |  5331 | msm.skill_entry | Downloading skill: https://github.com/mycroftai/skill-weather
2021-10-26 14:57:41.559 | INFO     |  5331 | msm.skill_entry | Successfully installed mycroft-naptime
2021-10-26 14:57:41.560 | INFO     |  5331 | msm.mycroft_skills_manager | invalidating skills cache
2021-10-26 14:57:41.561 | INFO     |  5331 | msm.skill_entry | Downloading skill: https://github.com/mycroftai/skill-version-checker
2021-10-26 14:57:41.569 | INFO     |  5331 | msm.skill_entry | Installing system requirements...
2021-10-26 14:57:41.580 | INFO     |  5331 | msm.skill_entry | Successfully installed fallback-unknown
2021-10-26 14:57:41.580 | INFO     |  5331 | msm.mycroft_skills_manager | invalidating skills cache
2021-10-26 14:57:41.582 | INFO     |  5331 | msm.skill_entry | Downloading skill: https://github.com/mycroftai/skill-wiki
2021-10-26 14:57:41.656 | INFO     |  5331 | msm.skill_entry | Installing requirements.txt for mycroft-installer
2021-10-26 14:57:41.668 | INFO     |  5331 | msm.skill_entry | Installing system requirements...
2021-10-26 14:57:41.721 | INFO     |  5331 | msm.skill_entry | Successfully installed mycroft-reminder
2021-10-26 14:57:41.721 | INFO     |  5331 | msm.mycroft_skills_manager | invalidating skills cache
2021-10-26 14:57:41.724 | INFO     |  5331 | msm.skill_entry | Downloading skill: https://github.com/MycroftAI/skill-query
2021-10-26 14:57:41.791 | INFO     |  5331 | msm.skill_entry | Installing system requirements...
2021-10-26 14:57:41.819 | INFO     |  5331 | msm.skill_entry | Installing system requirements...
2021-10-26 14:57:41.876 | INFO     |  5331 | msm.skill_entry | Successfully installed mycroft-spelling
2021-10-26 14:57:41.877 | INFO     |  5331 | msm.mycroft_skills_manager | invalidating skills cache
2021-10-26 14:57:41.887 | INFO     |  5331 | msm.skill_entry | Installing system requirements...
2021-10-26 14:57:41.924 | INFO     |  5331 | msm.skill_entry | Installing requirements.txt for mycroft-alarm
2021-10-26 14:57:41.940 | INFO     |  5331 | msm.skill_entry | Installing requirements.txt for mycroft-npr-news
2021-10-26 14:57:42.153 | ERROR    |  5331 | msm.mycroft_skills_manager | Error running install_or_update on homeassistant: MergeConflict
2021-10-26 14:57:42.745 | INFO     |  5331 | msm.skill_entry | Installing system requirements...
2021-10-26 14:57:42.767 | INFO     |  5331 | msm.skill_entry | Installing system requirements...
2021-10-26 14:57:42.804 | INFO     |  5331 | msm.skill_entry | Installing requirements.txt for mycroft-wiki
2021-10-26 14:57:42.823 | INFO     |  5331 | msm.skill_entry | Successfully installed mycroft-singing
2021-10-26 14:57:42.823 | INFO     |  5331 | msm.mycroft_skills_manager | invalidating skills cache
2021-10-26 14:57:42.913 | INFO     |  5331 | msm.skill_entry | Installing system requirements...
2021-10-26 14:57:42.944 | INFO     |  5331 | msm.skill_entry | Installing system requirements...
2021-10-26 14:57:42.976 | INFO     |  5331 | msm.skill_entry | Successfully installed mycroft-stop
2021-10-26 14:57:42.976 | INFO     |  5331 | msm.mycroft_skills_manager | invalidating skills cache
2021-10-26 14:57:43.004 | INFO     |  5331 | msm.skill_entry | Successfully installed mycroft-timer
2021-10-26 14:57:43.004 | INFO     |  5331 | msm.mycroft_skills_manager | invalidating skills cache
2021-10-26 14:57:43.047 | INFO     |  5331 | msm.skill_entry | Installing system requirements...
2021-10-26 14:57:43.077 | INFO     |  5331 | msm.skill_entry | Installing requirements.txt for mycroft-support-helper
2021-10-26 14:57:43.146 | INFO     |  5331 | msm.skill_entry | Installing system requirements...
2021-10-26 14:57:43.182 | INFO     |  5331 | msm.skill_entry | Installing requirements.txt for mycroft-weather
2021-10-26 14:57:43.191 | INFO     |  5331 | msm.skill_entry | Installing system requirements...
2021-10-26 14:57:43.212 | INFO     |  5331 | msm.skill_entry | Successfully installed fallback-query
2021-10-26 14:57:43.213 | INFO     |  5331 | msm.mycroft_skills_manager | invalidating skills cache
2021-10-26 14:57:43.348 | INFO     |  5331 | msm.skill_entry | Installing system requirements...
2021-10-26 14:57:43.367 | INFO     |  5331 | msm.skill_entry | Successfully installed mycroft-version-checker
2021-10-26 14:57:43.367 | INFO     |  5331 | msm.mycroft_skills_manager | invalidating skills cache
2021-10-26 14:57:43.485 | INFO     |  5331 | msm.skill_entry | Successfully installed mycroft-fallback-duck-duck-go
2021-10-26 14:57:43.485 | INFO     |  5331 | msm.mycroft_skills_manager | invalidating skills cache
2021-10-26 14:57:44.290 | INFO     |  5331 | msm.skill_entry | Successfully installed mycroft-audio-record
2021-10-26 14:57:44.290 | INFO     |  5331 | msm.mycroft_skills_manager | invalidating skills cache
2021-10-26 14:57:45.336 | INFO     |  5331 | msm.skill_entry | Successfully installed mycroft-joke
2021-10-26 14:57:45.337 | INFO     |  5331 | msm.mycroft_skills_manager | invalidating skills cache
2021-10-26 14:57:47.723 | INFO     |  5331 | msm.skill_entry | Successfully installed mycroft-configuration
2021-10-26 14:57:47.723 | INFO     |  5331 | msm.mycroft_skills_manager | invalidating skills cache
2021-10-26 14:57:52.261 | INFO     |  5331 | msm.skill_entry | Successfully installed fallback-wolfram-alpha
2021-10-26 14:57:52.261 | INFO     |  5331 | msm.mycroft_skills_manager | invalidating skills cache
2021-10-26 14:58:07.977 | INFO     |  5331 | msm.skill_entry | Successfully installed mycroft-date-time
2021-10-26 14:58:07.978 | INFO     |  5331 | msm.mycroft_skills_manager | invalidating skills cache
2021-10-26 14:58:08.798 | INFO     |  5331 | PairingSkill | Initiating device pairing sequence...
2021-10-26 14:58:08.798 | INFO     |  5331 | PairingSkill | Retrieving pairing code from device API...
2021-10-26 14:58:08.838 | INFO     |  5331 | msm.skill_entry | Successfully installed mycroft-ip
2021-10-26 14:58:08.839 | INFO     |  5331 | msm.mycroft_skills_manager | invalidating skills cache
2021-10-26 14:58:09.146 | INFO     |  5331 | PairingSkill | Pairing code obtained: MVMFY3
2021-10-26 14:58:09.146 | INFO     |  5331 | PairingSkill | Communicating pairing URL to user
2021-10-26 14:58:09.723 | INFO     |  5331 | msm.skill_entry | Successfully installed mycroft-installer
2021-10-26 14:58:09.723 | INFO     |  5331 | msm.mycroft_skills_manager | invalidating skills cache
2021-10-26 14:58:10.609 | INFO     |  5331 | msm.skill_entry | Successfully installed mycroft-alarm
2021-10-26 14:58:10.610 | INFO     |  5331 | msm.mycroft_skills_manager | invalidating skills cache
2021-10-26 14:58:13.999 | INFO     |  5331 | msm.skill_entry | Successfully installed mycroft-npr-news
2021-10-26 14:58:14.000 | INFO     |  5331 | msm.mycroft_skills_manager | invalidating skills cache
2021-10-26 14:58:15.873 | INFO     |  5331 | msm.skill_entry | Successfully installed mycroft-wiki
2021-10-26 14:58:15.874 | INFO     |  5331 | msm.mycroft_skills_manager | invalidating skills cache
2021-10-26 14:58:18.006 | INFO     |  5331 | msm.skill_entry | Successfully installed mycroft-support-helper
2021-10-26 14:58:18.006 | INFO     |  5331 | msm.mycroft_skills_manager | invalidating skills cache
2021-10-26 14:58:18.970 | INFO     |  5331 | msm.skill_entry | Successfully installed mycroft-weather
2021-10-26 14:58:18.970 | INFO     |  5331 | msm.mycroft_skills_manager | invalidating skills cache
2021-10-26 14:58:19.016 | INFO     |  5331 | mycroft.skills.skill_updater:_log_next_download_time:267 | Next scheduled skill update: 2021-10-26 15:58:19.015705
2021-10-26 14:58:19.016 | INFO     |  5331 | mycroft.skills.skill_updater:update_skills:170 | Skill update complete
2021-10-26 14:58:19.016 | INFO     |  5331 | mycroft.skills.skill_manager:_load_on_startup:273 | Loading installed skills...
2021-10-26 14:58:19.018 | INFO     |  5331 | mycroft.skills.skill_loader:load:185 | ATTEMPTING TO LOAD SKILL: mycroft-ip.mycroftai
2021-10-26 14:58:19.050 | INFO     |  5331 | mycroft.skills.settings:get_local_settings:83 | /opt/mycroft/skills/mycroft-ip.mycroftai/settings.json
2021-10-26 14:58:19.071 | INFO     |  5331 | mycroft.skills.skill_loader:_check_for_first_run:324 | First run of mycroft-ip.mycroftai
2021-10-26 14:58:19.071 | INFO     |  5331 | mycroft.skills.settings:save_settings:116 | Skill settings successfully saved to /home/runner/.config/mycroft/skills/mycroft-ip.mycroftai/settings.json
2021-10-26 14:58:19.072 | INFO     |  5331 | mycroft.skills.skill_loader:_communicate_load_status:344 | Skill mycroft-ip.mycroftai loaded successfully
2021-10-26 14:58:19.083 | INFO     |  5331 | mycroft.skills.skill_loader:load:185 | ATTEMPTING TO LOAD SKILL: mycroft-reminder.mycroftai
2021-10-26 14:58:19.106 | INFO     |  5331 | mycroft.skills.settings:get_local_settings:83 | /opt/mycroft/skills/mycroft-reminder.mycroftai/settings.json
2021-10-26 14:58:19.138 | INFO     |  5331 | mycroft.skills.skill_loader:_check_for_first_run:324 | First run of mycroft-reminder.mycroftai
2021-10-26 14:58:19.139 | INFO     |  5331 | mycroft.skills.settings:save_settings:116 | Skill settings successfully saved to /home/runner/.config/mycroft/skills/mycroft-reminder.mycroftai/settings.json
2021-10-26 14:58:19.140 | INFO     |  5331 | mycroft.skills.skill_loader:_communicate_load_status:344 | Skill mycroft-reminder.mycroftai loaded successfully
2021-10-26 14:58:19.140 | INFO     |  5331 | mycroft.skills.skill_loader:load:185 | ATTEMPTING TO LOAD SKILL: mycroft-installer.mycroftai
2021-10-26 14:58:19.145 | INFO     |  5331 | mycroft.skills.settings:get_local_settings:83 | /opt/mycroft/skills/mycroft-installer.mycroftai/settings.json
2021-10-26 14:58:19.224 | INFO     |  5331 | mycroft.skills.skill_loader:_check_for_first_run:324 | First run of mycroft-installer.mycroftai
2021-10-26 14:58:19.230 | INFO     |  5331 | mycroft.skills.settings:save_settings:116 | Skill settings successfully saved to /home/runner/.config/mycroft/skills/mycroft-installer.mycroftai/settings.json
2021-10-26 14:58:19.233 | INFO     |  5331 | mycroft.skills.skill_loader:_communicate_load_status:344 | Skill mycroft-installer.mycroftai loaded successfully
2021-10-26 14:58:19.234 | INFO     |  5331 | mycroft.skills.skill_loader:load:185 | ATTEMPTING TO LOAD SKILL: mycroft-version-checker.mycroftai
2021-10-26 14:58:19.246 | INFO     |  5331 | mycroft.skills.settings:get_local_settings:83 | /opt/mycroft/skills/mycroft-version-checker.mycroftai/settings.json
2021-10-26 14:58:19.278 | INFO     |  5331 | mycroft.skills.skill_loader:_check_for_first_run:324 | First run of mycroft-version-checker.mycroftai
2021-10-26 14:58:19.279 | INFO     |  5331 | mycroft.skills.settings:save_settings:116 | Skill settings successfully saved to /home/runner/.config/mycroft/skills/mycroft-version-checker.mycroftai/settings.json
2021-10-26 14:58:19.282 | INFO     |  5331 | mycroft.skills.skill_loader:_communicate_load_status:344 | Skill mycroft-version-checker.mycroftai loaded successfully
2021-10-26 14:58:19.283 | INFO     |  5331 | mycroft.skills.skill_loader:load:185 | ATTEMPTING TO LOAD SKILL: mycroft-singing.mycroftai
2021-10-26 14:58:19.289 | INFO     |  5331 | mycroft.skills.settings:get_local_settings:83 | /opt/mycroft/skills/mycroft-singing.mycroftai/settings.json
2021-10-26 14:58:19.299 | INFO     |  5331 | mycroft.skills.skill_loader:_check_for_first_run:324 | First run of mycroft-singing.mycroftai
2021-10-26 14:58:19.300 | INFO     |  5331 | mycroft.skills.settings:save_settings:116 | Skill settings successfully saved to /home/runner/.config/mycroft/skills/mycroft-singing.mycroftai/settings.json
2021-10-26 14:58:19.318 | INFO     |  5331 | mycroft.skills.skill_loader:_communicate_load_status:344 | Skill mycroft-singing.mycroftai loaded successfully
2021-10-26 14:58:19.319 | INFO     |  5331 | mycroft.skills.skill_loader:load:185 | ATTEMPTING TO LOAD SKILL: mycroft-joke.mycroftai
2021-10-26 14:58:19.333 | INFO     |  5331 | mycroft.skills.settings:get_local_settings:83 | /opt/mycroft/skills/mycroft-joke.mycroftai/settings.json
2021-10-26 14:58:19.375 | INFO     |  5331 | mycroft.skills.skill_loader:_check_for_first_run:324 | First run of mycroft-joke.mycroftai
2021-10-26 14:58:19.376 | INFO     |  5331 | mycroft.skills.settings:save_settings:116 | Skill settings successfully saved to /home/runner/.config/mycroft/skills/mycroft-joke.mycroftai/settings.json
2021-10-26 14:58:19.388 | INFO     |  5331 | mycroft.skills.skill_loader:_communicate_load_status:344 | Skill mycroft-joke.mycroftai loaded successfully
2021-10-26 14:58:19.389 | INFO     |  5331 | mycroft.skills.skill_loader:load:185 | ATTEMPTING TO LOAD SKILL: mycroft-timer.mycroftai
2021-10-26 14:58:19.458 | INFO     |  5331 | mycroft.skills.settings:get_local_settings:83 | /opt/mycroft/skills/mycroft-timer.mycroftai/settings.json
2021-10-26 14:58:19.564 | INFO     |  5331 | mycroft.skills.skill_loader:_check_for_first_run:324 | First run of mycroft-timer.mycroftai
2021-10-26 14:58:19.564 | INFO     |  5331 | mycroft.skills.settings:save_settings:116 | Skill settings successfully saved to /home/runner/.config/mycroft/skills/mycroft-timer.mycroftai/settings.json
2021-10-26 14:58:19.565 | INFO     |  5331 | mycroft.skills.skill_loader:_communicate_load_status:344 | Skill mycroft-timer.mycroftai loaded successfully
2021-10-26 14:58:19.577 | INFO     |  5331 | mycroft.skills.skill_loader:load:185 | ATTEMPTING TO LOAD SKILL: homeassistant.mycroftai
2021-10-26 14:58:20.524 | INFO     |  5331 | mycroft.skills.settings:get_local_settings:83 | /opt/mycroft/skills/homeassistant.mycroftai/settings.json
2021-10-26 14:58:20.528 | INFO     |  5331 | mycroft.skills.settings:get_local_settings:83 | /opt/mycroft/skills/homeassistant.mycroftai/settings.json
2021-10-26 14:58:20.624 | INFO     |  5331 | mycroft.skills.skill_loader:_communicate_load_status:344 | Skill homeassistant.mycroftai loaded successfully
2021-10-26 14:58:20.631 | INFO     |  5331 | mycroft.skills.skill_loader:load:185 | ATTEMPTING TO LOAD SKILL: mycroft-alarm.mycroftai
2021-10-26 14:58:20.770 | INFO     |  5331 | mycroft.skills.settings:get_local_settings:83 | /opt/mycroft/skills/mycroft-alarm.mycroftai/settings.json
2021-10-26 14:58:20.776 | ERROR    |  5331 | AlarmSkill | Couldn't allocate mixer, ALSAAudioError('No such file or directory [default]')
2021-10-26 14:58:21.098 | INFO     |  5331 | mycroft.skills.skill_loader:_check_for_first_run:324 | First run of mycroft-alarm.mycroftai
2021-10-26 14:58:21.099 | INFO     |  5331 | mycroft.skills.settings:save_settings:116 | Skill settings successfully saved to /home/runner/.config/mycroft/skills/mycroft-alarm.mycroftai/settings.json
2021-10-26 14:58:21.107 | INFO     |  5331 | mycroft.skills.skill_loader:_communicate_load_status:344 | Skill mycroft-alarm.mycroftai loaded successfully
2021-10-26 14:58:21.115 | INFO     |  5331 | mycroft.skills.skill_loader:load:185 | ATTEMPTING TO LOAD SKILL: mycroft-naptime.mycroftai
2021-10-26 14:58:21.136 | INFO     |  5331 | mycroft.skills.settings:get_local_settings:83 | /opt/mycroft/skills/mycroft-naptime.mycroftai/settings.json
2021-10-26 14:58:21.176 | INFO     |  5331 | mycroft.skills.skill_loader:_check_for_first_run:324 | First run of mycroft-naptime.mycroftai
2021-10-26 14:58:21.179 | INFO     |  5331 | mycroft.skills.settings:save_settings:116 | Skill settings successfully saved to /home/runner/.config/mycroft/skills/mycroft-naptime.mycroftai/settings.json
2021-10-26 14:58:21.182 | INFO     |  5331 | mycroft.skills.skill_loader:_communicate_load_status:344 | Skill mycroft-naptime.mycroftai loaded successfully
2021-10-26 14:58:21.183 | INFO     |  5331 | mycroft.skills.skill_loader:load:185 | ATTEMPTING TO LOAD SKILL: mycroft-spelling.mycroftai
2021-10-26 14:58:21.205 | INFO     |  5331 | mycroft.skills.settings:get_local_settings:83 | /opt/mycroft/skills/mycroft-spelling.mycroftai/settings.json
2021-10-26 14:58:21.256 | INFO     |  5331 | mycroft.skills.skill_loader:_check_for_first_run:324 | First run of mycroft-spelling.mycroftai
2021-10-26 14:58:21.258 | INFO     |  5331 | mycroft.skills.settings:save_settings:116 | Skill settings successfully saved to /home/runner/.config/mycroft/skills/mycroft-spelling.mycroftai/settings.json
2021-10-26 14:58:21.261 | INFO     |  5331 | mycroft.skills.skill_loader:_communicate_load_status:344 | Skill mycroft-spelling.mycroftai loaded successfully
2021-10-26 14:58:21.261 | INFO     |  5331 | mycroft.skills.skill_loader:load:185 | ATTEMPTING TO LOAD SKILL: mycroft-fallback-duck-duck-go.mycroftai
2021-10-26 14:58:21.301 | INFO     |  5331 | mycroft.skills.settings:get_local_settings:83 | /opt/mycroft/skills/mycroft-fallback-duck-duck-go.mycroftai/settings.json
2021-10-26 14:58:21.380 | INFO     |  5331 | mycroft.skills.skill_loader:_check_for_first_run:324 | First run of mycroft-fallback-duck-duck-go.mycroftai
2021-10-26 14:58:21.393 | INFO     |  5331 | mycroft.skills.settings:save_settings:116 | Skill settings successfully saved to /home/runner/.config/mycroft/skills/mycroft-fallback-duck-duck-go.mycroftai/settings.json
2021-10-26 14:58:21.395 | INFO     |  5331 | mycroft.skills.skill_loader:_communicate_load_status:344 | Skill mycroft-fallback-duck-duck-go.mycroftai loaded successfully
2021-10-26 14:58:21.396 | INFO     |  5331 | mycroft.skills.skill_loader:load:185 | ATTEMPTING TO LOAD SKILL: mycroft-npr-news.mycroftai
2021-10-26 14:58:21.592 | INFO     |  5331 | mycroft.skills.settings:get_local_settings:83 | /opt/mycroft/skills/mycroft-npr-news.mycroftai/settings.json
2021-10-26 14:58:22.635 | INFO     |  5331 | mycroft.skills.skill_loader:_check_for_first_run:324 | First run of mycroft-npr-news.mycroftai
2021-10-26 14:58:22.637 | INFO     |  5331 | mycroft.skills.settings:save_settings:116 | Skill settings successfully saved to /home/runner/.config/mycroft/skills/mycroft-npr-news.mycroftai/settings.json
2021-10-26 14:58:22.638 | INFO     |  5331 | mycroft.skills.skill_loader:_communicate_load_status:344 | Skill mycroft-npr-news.mycroftai loaded successfully
2021-10-26 14:58:22.638 | INFO     |  5331 | mycroft.skills.skill_loader:load:185 | ATTEMPTING TO LOAD SKILL: mycroft-support-helper.mycroftai
2021-10-26 14:58:22.650 | INFO     |  5331 | mycroft.skills.settings:get_local_settings:83 | /opt/mycroft/skills/mycroft-support-helper.mycroftai/settings.json
2021-10-26 14:58:22.662 | INFO     |  5331 | mycroft.skills.skill_loader:_check_for_first_run:324 | First run of mycroft-support-helper.mycroftai
2021-10-26 14:58:22.662 | INFO     |  5331 | mycroft.skills.settings:save_settings:116 | Skill settings successfully saved to /home/runner/.config/mycroft/skills/mycroft-support-helper.mycroftai/settings.json
2021-10-26 14:58:22.663 | INFO     |  5331 | mycroft.skills.skill_loader:_communicate_load_status:344 | Skill mycroft-support-helper.mycroftai loaded successfully
2021-10-26 14:58:22.663 | INFO     |  5331 | mycroft.skills.skill_loader:load:185 | ATTEMPTING TO LOAD SKILL: mycroft-weather.mycroftai
2021-10-26 14:58:22.698 | INFO     |  5331 | mycroft.skills.settings:get_local_settings:83 | /opt/mycroft/skills/mycroft-weather.mycroftai/settings.json
2021-10-26 14:58:22.812 | INFO     |  5331 | mycroft.skills.skill_loader:_check_for_first_run:324 | First run of mycroft-weather.mycroftai
2021-10-26 14:58:22.821 | INFO     |  5331 | mycroft.skills.settings:save_settings:116 | Skill settings successfully saved to /home/runner/.config/mycroft/skills/mycroft-weather.mycroftai/settings.json
2021-10-26 14:58:22.822 | INFO     |  5331 | mycroft.skills.skill_loader:_communicate_load_status:344 | Skill mycroft-weather.mycroftai loaded successfully
2021-10-26 14:58:22.822 | INFO     |  5331 | mycroft.skills.skill_loader:load:185 | ATTEMPTING TO LOAD SKILL: mycroft-speak.mycroftai
2021-10-26 14:58:22.832 | INFO     |  5331 | mycroft.skills.settings:get_local_settings:83 | /opt/mycroft/skills/mycroft-speak.mycroftai/settings.json
2021-10-26 14:58:22.872 | INFO     |  5331 | mycroft.skills.skill_loader:_check_for_first_run:324 | First run of mycroft-speak.mycroftai
2021-10-26 14:58:22.873 | INFO     |  5331 | mycroft.skills.settings:save_settings:116 | Skill settings successfully saved to /home/runner/.config/mycroft/skills/mycroft-speak.mycroftai/settings.json
2021-10-26 14:58:22.878 | INFO     |  5331 | mycroft.skills.skill_loader:_communicate_load_status:344 | Skill mycroft-speak.mycroftai loaded successfully
2021-10-26 14:58:22.878 | INFO     |  5331 | mycroft.skills.skill_loader:load:185 | ATTEMPTING TO LOAD SKILL: mycroft-audio-record.mycroftai
2021-10-26 14:58:22.884 | INFO     |  5331 | mycroft.skills.settings:get_local_settings:83 | /opt/mycroft/skills/mycroft-audio-record.mycroftai/settings.json
2021-10-26 14:58:22.929 | INFO     |  5331 | mycroft.skills.skill_loader:_check_for_first_run:324 | First run of mycroft-audio-record.mycroftai
2021-10-26 14:58:22.929 | INFO     |  5331 | mycroft.skills.settings:save_settings:116 | Skill settings successfully saved to /home/runner/.config/mycroft/skills/mycroft-audio-record.mycroftai/settings.json
2021-10-26 14:58:22.934 | INFO     |  5331 | mycroft.skills.skill_loader:_communicate_load_status:344 | Skill mycroft-audio-record.mycroftai loaded successfully
2021-10-26 14:58:22.941 | INFO     |  5331 | mycroft.skills.skill_loader:load:185 | ATTEMPTING TO LOAD SKILL: mycroft-stop.mycroftai
2021-10-26 14:58:22.944 | INFO     |  5331 | mycroft.skills.settings:get_local_settings:83 | /opt/mycroft/skills/mycroft-stop.mycroftai/settings.json
2021-10-26 14:58:22.977 | INFO     |  5331 | mycroft.skills.skill_loader:_check_for_first_run:324 | First run of mycroft-stop.mycroftai
2021-10-26 14:58:22.977 | INFO     |  5331 | mycroft.skills.settings:save_settings:116 | Skill settings successfully saved to /home/runner/.config/mycroft/skills/mycroft-stop.mycroftai/settings.json
2021-10-26 14:58:22.990 | INFO     |  5331 | mycroft.skills.skill_loader:_communicate_load_status:344 | Skill mycroft-stop.mycroftai loaded successfully
2021-10-26 14:58:22.990 | INFO     |  5331 | mycroft.skills.skill_loader:load:185 | ATTEMPTING TO LOAD SKILL: mycroft-hello-world.mycroftai
2021-10-26 14:58:23.004 | INFO     |  5331 | mycroft.skills.settings:get_local_settings:83 | /opt/mycroft/skills/mycroft-hello-world.mycroftai/settings.json
2021-10-26 14:58:23.030 | INFO     |  5331 | mycroft.skills.skill_loader:_check_for_first_run:324 | First run of mycroft-hello-world.mycroftai
2021-10-26 14:58:23.031 | INFO     |  5331 | mycroft.skills.settings:save_settings:116 | Skill settings successfully saved to /home/runner/.config/mycroft/skills/mycroft-hello-world.mycroftai/settings.json
2021-10-26 14:58:23.041 | INFO     |  5331 | mycroft.skills.skill_loader:_communicate_load_status:344 | Skill mycroft-hello-world.mycroftai loaded successfully
2021-10-26 14:58:23.043 | INFO     |  5331 | mycroft.skills.skill_loader:load:185 | ATTEMPTING TO LOAD SKILL: mycroft-date-time.mycroftai
2021-10-26 14:58:23.649 | INFO     |  5331 | mycroft.skills.settings:get_local_settings:83 | /opt/mycroft/skills/mycroft-date-time.mycroftai/settings.json
2021-10-26 14:58:23.712 | INFO     |  5331 | TimeSkill | Registering resting screen <bound method TimeSkill.handle_idle of <mycroft-date-time_mycroftai.TimeSkill object at 0x7fbfc8b30c10>> for Time and Date.
2021-10-26 14:58:23.713 | INFO     |  5331 | TimeSkill | Registering resting screen
2021-10-26 14:58:23.719 | INFO     |  5331 | mycroft.skills.skill_loader:_check_for_first_run:324 | First run of mycroft-date-time.mycroftai
2021-10-26 14:58:23.719 | INFO     |  5331 | mycroft.skills.settings:save_settings:116 | Skill settings successfully saved to /home/runner/.config/mycroft/skills/mycroft-date-time.mycroftai/settings.json
2021-10-26 14:58:23.722 | INFO     |  5331 | mycroft.skills.skill_loader:_communicate_load_status:344 | Skill mycroft-date-time.mycroftai loaded successfully
2021-10-26 14:58:23.723 | INFO     |  5331 | mycroft.skills.skill_loader:load:185 | ATTEMPTING TO LOAD SKILL: mycroft-configuration.mycroftai
2021-10-26 14:58:23.728 | INFO     |  5331 | mycroft.skills.settings:get_local_settings:83 | /opt/mycroft/skills/mycroft-configuration.mycroftai/settings.json
2021-10-26 14:58:23.741 | ERROR    |  5331 | mycroft_bus_client.client.client | === ConnectionResetError(104, 'Connection reset by peer') ===
Traceback (most recent call last):
  File "/opt/mycroft-core/.venv/lib/python3.7/site-packages/mycroft_bus_client/client/client.py", line 128, in on_error
    self.emitter.emit('error', error)
  File "/opt/mycroft-core/.venv/lib/python3.7/site-packages/pyee/_base.py", line 116, in emit
    self._emit_handle_potential_error(event, args[0] if args else None)
  File "/opt/mycroft-core/.venv/lib/python3.7/site-packages/pyee/_base.py", line 86, in _emit_handle_potential_error
    raise error
  File "/opt/mycroft-core/.venv/lib/python3.7/site-packages/websocket/_app.py", line 254, in run_forever
    proxy_type=proxy_type)
  File "/opt/mycroft-core/.venv/lib/python3.7/site-packages/websocket/_core.py", line 220, in connect
    options.pop('socket', None))
  File "/opt/mycroft-core/.venv/lib/python3.7/site-packages/websocket/_http.py", line 120, in connect
    sock = _open_socket(addrinfo_list, options.sockopt, options.timeout)
  File "/opt/mycroft-core/.venv/lib/python3.7/site-packages/websocket/_http.py", line 190, in _open_socket
    raise err
  File "/opt/mycroft-core/.venv/lib/python3.7/site-packages/websocket/_http.py", line 170, in _open_socket
    sock.connect(address)
ConnectionRefusedError: [Errno 111] Connection refused

During handling of the above exception, another exception occurred:

Traceback (most recent call last):
  File "/opt/mycroft-core/.venv/lib/python3.7/site-packages/websocket/_app.py", line 305, in run_forever
    dispatcher.read(self.sock.sock, read, check)
  File "/opt/mycroft-core/.venv/lib/python3.7/site-packages/websocket/_app.py", line 53, in read
    if not read_callback():
  File "/opt/mycroft-core/.venv/lib/python3.7/site-packages/websocket/_app.py", line 271, in read
    op_code, frame = self.sock.recv_data_frame(True)
  File "/opt/mycroft-core/.venv/lib/python3.7/site-packages/websocket/_core.py", line 340, in recv_data_frame
    frame = self.recv_frame()
  File "/opt/mycroft-core/.venv/lib/python3.7/site-packages/websocket/_core.py", line 374, in recv_frame
    return self.frame_buffer.recv_frame()
  File "/opt/mycroft-core/.venv/lib/python3.7/site-packages/websocket/_abnf.py", line 361, in recv_frame
    self.recv_header()
  File "/opt/mycroft-core/.venv/lib/python3.7/site-packages/websocket/_abnf.py", line 309, in recv_header
    header = self.recv_strict(2)
  File "/opt/mycroft-core/.venv/lib/python3.7/site-packages/websocket/_abnf.py", line 396, in recv_strict
    bytes_ = self.recv(min(16384, shortage))
  File "/opt/mycroft-core/.venv/lib/python3.7/site-packages/websocket/_core.py", line 449, in _recv
    return recv(self.sock, bufsize)
  File "/opt/mycroft-core/.venv/lib/python3.7/site-packages/websocket/_socket.py", line 81, in recv
    bytes_ = sock.recv(bufsize)
ConnectionResetError: [Errno 104] Connection reset by peer
2021-10-26 14:58:23.742 | ERROR    |  5331 | mycroft_bus_client.client.client | Exception closing websocket: ConnectionResetError(104, 'Connection reset by peer')
2021-10-26 14:58:23.742 | WARNING  |  5331 | mycroft_bus_client.client.client | Message Bus Client will reconnect in 5 seconds.
2021-10-26 14:58:23.744 | INFO     |  5331 | mycroft.skills.settings:save_settings:116 | Skill settings successfully saved to /home/runner/.config/mycroft/skills/mycroft-configuration.mycroftai/settings.json
2021-10-26 14:58:23.744 | ERROR    |  5331 | mycroft.skills.skill_manager:_load_skill:305 | Load of skill /opt/mycroft/skills/mycroft-configuration.mycroftai failed!
Traceback (most recent call last):
  File "/opt/mycroft-core/mycroft/skills/skill_loader.py", line 302, in _create_skill_instance
    self.instance.load_data_files()
  File "/opt/mycroft-core/mycroft/skills/mycroft_skill/mycroft_skill.py", line 1274, in load_data_files
    self.load_vocab_files(root_directory)
  File "/opt/mycroft-core/mycroft/skills/mycroft_skill/mycroft_skill.py", line 1300, in load_vocab_files
    aliases)
  File "/opt/mycroft-core/mycroft/skills/intent_service_interface.py", line 56, in register_adapt_keyword
    {**entity_data, **compatibility_data})
  File "/opt/mycroft-core/.venv/lib/python3.7/site-packages/mycroft_bus_client/client/client.py", line 160, in emit
    self.client.send(message.serialize())
  File "/opt/mycroft-core/.venv/lib/python3.7/site-packages/websocket/_app.py", line 153, in send
    if not self.sock or self.sock.send(data, opcode) == 0:
  File "/opt/mycroft-core/.venv/lib/python3.7/site-packages/websocket/_core.py", line 250, in send
    return self.send_frame(frame)
  File "/opt/mycroft-core/.venv/lib/python3.7/site-packages/websocket/_core.py", line 275, in send_frame
    l = self._send(data)
  File "/opt/mycroft-core/.venv/lib/python3.7/site-packages/websocket/_core.py", line 445, in _send
    return send(self.sock, data)
  File "/opt/mycroft-core/.venv/lib/python3.7/site-packages/websocket/_socket.py", line 117, in send
    return sock.send(data)
BrokenPipeError: [Errno 32] Broken pipe

During handling of the above exception, another exception occurred:

Traceback (most recent call last):
  File "/opt/mycroft-core/mycroft/skills/skill_manager.py", line 303, in _load_skill
    load_status = skill_loader.load()
  File "/opt/mycroft-core/mycroft/skills/skill_loader.py", line 186, in load
    return self._load()
  File "/opt/mycroft-core/mycroft/skills/skill_loader.py", line 244, in _load
    if skill_module and self._create_skill_instance(skill_module):
  File "/opt/mycroft-core/mycroft/skills/skill_loader.py", line 310, in _create_skill_instance
    self.instance.default_shutdown()
  File "/opt/mycroft-core/mycroft/skills/mycroft_skill/mycroft_skill.py", line 1374, in default_shutdown
    self.gui.shutdown()
  File "/opt/mycroft-core/mycroft/enclosure/gui.py", line 376, in shutdown
    self.release()
  File "/opt/mycroft-core/mycroft/enclosure/gui.py", line 366, in release
    self.clear()
  File "/opt/mycroft-core/mycroft/enclosure/gui.py", line 130, in clear
    {"__from": self.skill.skill_id}))
  File "/opt/mycroft-core/.venv/lib/python3.7/site-packages/mycroft_bus_client/client/client.py", line 160, in emit
    self.client.send(message.serialize())
  File "/opt/mycroft-core/.venv/lib/python3.7/site-packages/websocket/_app.py", line 153, in send
    if not self.sock or self.sock.send(data, opcode) == 0:
  File "/opt/mycroft-core/.venv/lib/python3.7/site-packages/websocket/_core.py", line 250, in send
    return self.send_frame(frame)
  File "/opt/mycroft-core/.venv/lib/python3.7/site-packages/websocket/_core.py", line 275, in send_frame
    l = self._send(data)
  File "/opt/mycroft-core/.venv/lib/python3.7/site-packages/websocket/_core.py", line 445, in _send
    return send(self.sock, data)
  File "/opt/mycroft-core/.venv/lib/python3.7/site-packages/websocket/_socket.py", line 117, in send
    return sock.send(data)
BrokenPipeError: [Errno 32] Broken pipe
2021-10-26 14:58:23.745 | INFO     |  5331 | mycroft.skills.skill_loader:load:185 | ATTEMPTING TO LOAD SKILL: fallback-query.mycroftai
2021-10-26 14:58:23.749 | INFO     |  5331 | mycroft.skills.settings:get_local_settings:83 | /opt/mycroft/skills/fallback-query.mycroftai/settings.json
2021-10-26 14:58:23.753 | INFO     |  5331 | QuestionsAnswersSkill | Removing all handlers...
2021-10-26 14:58:23.753 | ERROR    |  5331 | mycroft.skills.skill_manager:_load_skill:305 | Load of skill /opt/mycroft/skills/fallback-query.mycroftai failed!
Traceback (most recent call last):
  File "/opt/mycroft-core/mycroft/skills/skill_loader.py", line 302, in _create_skill_instance
    self.instance.load_data_files()
  File "/opt/mycroft-core/mycroft/skills/mycroft_skill/mycroft_skill.py", line 1274, in load_data_files
    self.load_vocab_files(root_directory)
  File "/opt/mycroft-core/mycroft/skills/mycroft_skill/mycroft_skill.py", line 1300, in load_vocab_files
    aliases)
  File "/opt/mycroft-core/mycroft/skills/intent_service_interface.py", line 56, in register_adapt_keyword
    {**entity_data, **compatibility_data})
  File "/opt/mycroft-core/.venv/lib/python3.7/site-packages/mycroft_bus_client/client/client.py", line 160, in emit
    self.client.send(message.serialize())
  File "/opt/mycroft-core/.venv/lib/python3.7/site-packages/websocket/_app.py", line 153, in send
    if not self.sock or self.sock.send(data, opcode) == 0:
  File "/opt/mycroft-core/.venv/lib/python3.7/site-packages/websocket/_core.py", line 250, in send
    return self.send_frame(frame)
  File "/opt/mycroft-core/.venv/lib/python3.7/site-packages/websocket/_core.py", line 275, in send_frame
    l = self._send(data)
  File "/opt/mycroft-core/.venv/lib/python3.7/site-packages/websocket/_core.py", line 445, in _send
    return send(self.sock, data)
  File "/opt/mycroft-core/.venv/lib/python3.7/site-packages/websocket/_socket.py", line 117, in send
    return sock.send(data)
BrokenPipeError: [Errno 32] Broken pipe

During handling of the above exception, another exception occurred:

Traceback (most recent call last):
  File "/opt/mycroft-core/mycroft/skills/skill_manager.py", line 303, in _load_skill
    load_status = skill_loader.load()
  File "/opt/mycroft-core/mycroft/skills/skill_loader.py", line 186, in load
    return self._load()
  File "/opt/mycroft-core/mycroft/skills/skill_loader.py", line 244, in _load
    if skill_module and self._create_skill_instance(skill_module):
  File "/opt/mycroft-core/mycroft/skills/skill_loader.py", line 310, in _create_skill_instance
    self.instance.default_shutdown()
  File "/opt/mycroft-core/mycroft/skills/fallback_skill.py", line 199, in default_shutdown
    super(FallbackSkill, self).default_shutdown()
  File "/opt/mycroft-core/mycroft/skills/mycroft_skill/mycroft_skill.py", line 1374, in default_shutdown
    self.gui.shutdown()
  File "/opt/mycroft-core/mycroft/enclosure/gui.py", line 376, in shutdown
    self.release()
  File "/opt/mycroft-core/mycroft/enclosure/gui.py", line 366, in release
    self.clear()
  File "/opt/mycroft-core/mycroft/enclosure/gui.py", line 130, in clear
    {"__from": self.skill.skill_id}))
  File "/opt/mycroft-core/.venv/lib/python3.7/site-packages/mycroft_bus_client/client/client.py", line 160, in emit
    self.client.send(message.serialize())
  File "/opt/mycroft-core/.venv/lib/python3.7/site-packages/websocket/_app.py", line 153, in send
    if not self.sock or self.sock.send(data, opcode) == 0:
  File "/opt/mycroft-core/.venv/lib/python3.7/site-packages/websocket/_core.py", line 250, in send
    return self.send_frame(frame)
  File "/opt/mycroft-core/.venv/lib/python3.7/site-packages/websocket/_core.py", line 275, in send_frame
    l = self._send(data)
  File "/opt/mycroft-core/.venv/lib/python3.7/site-packages/websocket/_core.py", line 445, in _send
    return send(self.sock, data)
  File "/opt/mycroft-core/.venv/lib/python3.7/site-packages/websocket/_socket.py", line 117, in send
    return sock.send(data)
BrokenPipeError: [Errno 32] Broken pipe
2021-10-26 14:58:23.754 | INFO     |  5331 | mycroft.skills.skill_loader:load:185 | ATTEMPTING TO LOAD SKILL: mycroft-personal.mycroftai
2021-10-26 14:58:23.757 | INFO     |  5331 | mycroft.skills.settings:get_local_settings:83 | /opt/mycroft/skills/mycroft-personal.mycroftai/settings.json
2021-10-26 14:58:23.761 | ERROR    |  5331 | mycroft.skills.skill_manager:_load_skill:305 | Load of skill /opt/mycroft/skills/mycroft-personal.mycroftai failed!
Traceback (most recent call last):
  File "/opt/mycroft-core/mycroft/skills/skill_loader.py", line 305, in _create_skill_instance
    self.instance._register_decorated()
  File "/opt/mycroft-core/mycroft/skills/mycroft_skill/mycroft_skill.py", line 749, in _register_decorated
    self.register_intent(intent, method)
  File "/opt/mycroft-core/mycroft/skills/mycroft_skill/mycroft_skill.py", line 985, in register_intent
    return self.register_intent_file(intent_parser, handler)
  File "/opt/mycroft-core/mycroft/skills/mycroft_skill/mycroft_skill.py", line 1022, in register_intent_file
    self.intent_service.register_padatious_intent(name, filename)
  File "/opt/mycroft-core/mycroft/skills/intent_service_interface.py", line 129, in register_padatious_intent
    self.bus.emit(Message("padatious:register_intent", data))
  File "/opt/mycroft-core/.venv/lib/python3.7/site-packages/mycroft_bus_client/client/client.py", line 160, in emit
    self.client.send(message.serialize())
  File "/opt/mycroft-core/.venv/lib/python3.7/site-packages/websocket/_app.py", line 153, in send
    if not self.sock or self.sock.send(data, opcode) == 0:
  File "/opt/mycroft-core/.venv/lib/python3.7/site-packages/websocket/_core.py", line 250, in send
    return self.send_frame(frame)
  File "/opt/mycroft-core/.venv/lib/python3.7/site-packages/websocket/_core.py", line 275, in send_frame
    l = self._send(data)
  File "/opt/mycroft-core/.venv/lib/python3.7/site-packages/websocket/_core.py", line 445, in _send
    return send(self.sock, data)
  File "/opt/mycroft-core/.venv/lib/python3.7/site-packages/websocket/_socket.py", line 117, in send
    return sock.send(data)
BrokenPipeError: [Errno 32] Broken pipe

During handling of the above exception, another exception occurred:

Traceback (most recent call last):
  File "/opt/mycroft-core/mycroft/skills/skill_manager.py", line 303, in _load_skill
    load_status = skill_loader.load()
  File "/opt/mycroft-core/mycroft/skills/skill_loader.py", line 186, in load
    return self._load()
  File "/opt/mycroft-core/mycroft/skills/skill_loader.py", line 244, in _load
    if skill_module and self._create_skill_instance(skill_module):
  File "/opt/mycroft-core/mycroft/skills/skill_loader.py", line 310, in _create_skill_instance
    self.instance.default_shutdown()
  File "/opt/mycroft-core/mycroft/skills/mycroft_skill/mycroft_skill.py", line 1374, in default_shutdown
    self.gui.shutdown()
  File "/opt/mycroft-core/mycroft/enclosure/gui.py", line 376, in shutdown
    self.release()
  File "/opt/mycroft-core/mycroft/enclosure/gui.py", line 366, in release
    self.clear()
  File "/opt/mycroft-core/mycroft/enclosure/gui.py", line 130, in clear
    {"__from": self.skill.skill_id}))
  File "/opt/mycroft-core/.venv/lib/python3.7/site-packages/mycroft_bus_client/client/client.py", line 160, in emit
    self.client.send(message.serialize())
  File "/opt/mycroft-core/.venv/lib/python3.7/site-packages/websocket/_app.py", line 153, in send
    if not self.sock or self.sock.send(data, opcode) == 0:
  File "/opt/mycroft-core/.venv/lib/python3.7/site-packages/websocket/_core.py", line 250, in send
    return self.send_frame(frame)
  File "/opt/mycroft-core/.venv/lib/python3.7/site-packages/websocket/_core.py", line 275, in send_frame
    l = self._send(data)
  File "/opt/mycroft-core/.venv/lib/python3.7/site-packages/websocket/_core.py", line 445, in _send
    return send(self.sock, data)
  File "/opt/mycroft-core/.venv/lib/python3.7/site-packages/websocket/_socket.py", line 117, in send
    return sock.send(data)
BrokenPipeError: [Errno 32] Broken pipe
2021-10-26 14:58:23.761 | INFO     |  5331 | mycroft.skills.skill_loader:load:185 | ATTEMPTING TO LOAD SKILL: fallback-wolfram-alpha.mycroftai
2021-10-26 14:58:23.784 | INFO     |  5331 | mycroft.skills.settings:get_local_settings:83 | /opt/mycroft/skills/fallback-wolfram-alpha.mycroftai/settings.json
2021-10-26 14:58:23.791 | ERROR    |  5331 | mycroft.skills.skill_manager:_load_skill:305 | Load of skill /opt/mycroft/skills/fallback-wolfram-alpha.mycroftai failed!
Traceback (most recent call last):
  File "/opt/mycroft-core/mycroft/skills/skill_loader.py", line 302, in _create_skill_instance
    self.instance.load_data_files()
  File "/opt/mycroft-core/mycroft/skills/mycroft_skill/mycroft_skill.py", line 1274, in load_data_files
    self.load_vocab_files(root_directory)
  File "/opt/mycroft-core/mycroft/skills/mycroft_skill/mycroft_skill.py", line 1300, in load_vocab_files
    aliases)
  File "/opt/mycroft-core/mycroft/skills/intent_service_interface.py", line 56, in register_adapt_keyword
    {**entity_data, **compatibility_data})
  File "/opt/mycroft-core/.venv/lib/python3.7/site-packages/mycroft_bus_client/client/client.py", line 160, in emit
    self.client.send(message.serialize())
  File "/opt/mycroft-core/.venv/lib/python3.7/site-packages/websocket/_app.py", line 153, in send
    if not self.sock or self.sock.send(data, opcode) == 0:
  File "/opt/mycroft-core/.venv/lib/python3.7/site-packages/websocket/_core.py", line 250, in send
    return self.send_frame(frame)
  File "/opt/mycroft-core/.venv/lib/python3.7/site-packages/websocket/_core.py", line 275, in send_frame
    l = self._send(data)
  File "/opt/mycroft-core/.venv/lib/python3.7/site-packages/websocket/_core.py", line 445, in _send
    return send(self.sock, data)
  File "/opt/mycroft-core/.venv/lib/python3.7/site-packages/websocket/_socket.py", line 117, in send
    return sock.send(data)
BrokenPipeError: [Errno 32] Broken pipe

During handling of the above exception, another exception occurred:

Traceback (most recent call last):
  File "/opt/mycroft-core/mycroft/skills/skill_manager.py", line 303, in _load_skill
    load_status = skill_loader.load()
  File "/opt/mycroft-core/mycroft/skills/skill_loader.py", line 186, in load
    return self._load()
  File "/opt/mycroft-core/mycroft/skills/skill_loader.py", line 244, in _load
    if skill_module and self._create_skill_instance(skill_module):
  File "/opt/mycroft-core/mycroft/skills/skill_loader.py", line 310, in _create_skill_instance
    self.instance.default_shutdown()
  File "/opt/mycroft-core/mycroft/skills/mycroft_skill/mycroft_skill.py", line 1374, in default_shutdown
    self.gui.shutdown()
  File "/opt/mycroft-core/mycroft/enclosure/gui.py", line 376, in shutdown
    self.release()
  File "/opt/mycroft-core/mycroft/enclosure/gui.py", line 366, in release
    self.clear()
  File "/opt/mycroft-core/mycroft/enclosure/gui.py", line 130, in clear
    {"__from": self.skill.skill_id}))
  File "/opt/mycroft-core/.venv/lib/python3.7/site-packages/mycroft_bus_client/client/client.py", line 160, in emit
    self.client.send(message.serialize())
  File "/opt/mycroft-core/.venv/lib/python3.7/site-packages/websocket/_app.py", line 153, in send
    if not self.sock or self.sock.send(data, opcode) == 0:
  File "/opt/mycroft-core/.venv/lib/python3.7/site-packages/websocket/_core.py", line 250, in send
    return self.send_frame(frame)
  File "/opt/mycroft-core/.venv/lib/python3.7/site-packages/websocket/_core.py", line 275, in send_frame
    l = self._send(data)
  File "/opt/mycroft-core/.venv/lib/python3.7/site-packages/websocket/_core.py", line 445, in _send
    return send(self.sock, data)
  File "/opt/mycroft-core/.venv/lib/python3.7/site-packages/websocket/_socket.py", line 117, in send
    return sock.send(data)
BrokenPipeError: [Errno 32] Broken pipe
2021-10-26 14:58:23.791 | INFO     |  5331 | mycroft.skills.skill_loader:load:185 | ATTEMPTING TO LOAD SKILL: mycroft-wiki.mycroftai
2021-10-26 14:58:23.796 | INFO     |  5331 | mycroft.skills.settings:get_local_settings:83 | /opt/mycroft/skills/mycroft-wiki.mycroftai/settings.json
2021-10-26 14:58:23.800 | ERROR    |  5331 | mycroft.skills.skill_manager:_load_skill:305 | Load of skill /opt/mycroft/skills/mycroft-wiki.mycroftai failed!
Traceback (most recent call last):
  File "/opt/mycroft-core/mycroft/skills/skill_loader.py", line 302, in _create_skill_instance
    self.instance.load_data_files()
  File "/opt/mycroft-core/mycroft/skills/mycroft_skill/mycroft_skill.py", line 1274, in load_data_files
    self.load_vocab_files(root_directory)
  File "/opt/mycroft-core/mycroft/skills/mycroft_skill/mycroft_skill.py", line 1300, in load_vocab_files
    aliases)
  File "/opt/mycroft-core/mycroft/skills/intent_service_interface.py", line 56, in register_adapt_keyword
    {**entity_data, **compatibility_data})
  File "/opt/mycroft-core/.venv/lib/python3.7/site-packages/mycroft_bus_client/client/client.py", line 160, in emit
    self.client.send(message.serialize())
  File "/opt/mycroft-core/.venv/lib/python3.7/site-packages/websocket/_app.py", line 153, in send
    if not self.sock or self.sock.send(data, opcode) == 0:
  File "/opt/mycroft-core/.venv/lib/python3.7/site-packages/websocket/_core.py", line 250, in send
    return self.send_frame(frame)
  File "/opt/mycroft-core/.venv/lib/python3.7/site-packages/websocket/_core.py", line 275, in send_frame
    l = self._send(data)
  File "/opt/mycroft-core/.venv/lib/python3.7/site-packages/websocket/_core.py", line 445, in _send
    return send(self.sock, data)
  File "/opt/mycroft-core/.venv/lib/python3.7/site-packages/websocket/_socket.py", line 117, in send
    return sock.send(data)
BrokenPipeError: [Errno 32] Broken pipe

During handling of the above exception, another exception occurred:

Traceback (most recent call last):
  File "/opt/mycroft-core/mycroft/skills/skill_manager.py", line 303, in _load_skill
    load_status = skill_loader.load()
  File "/opt/mycroft-core/mycroft/skills/skill_loader.py", line 186, in load
    return self._load()
  File "/opt/mycroft-core/mycroft/skills/skill_loader.py", line 244, in _load
    if skill_module and self._create_skill_instance(skill_module):
  File "/opt/mycroft-core/mycroft/skills/skill_loader.py", line 310, in _create_skill_instance
    self.instance.default_shutdown()
  File "/opt/mycroft-core/mycroft/skills/mycroft_skill/mycroft_skill.py", line 1374, in default_shutdown
    self.gui.shutdown()
  File "/opt/mycroft-core/mycroft/enclosure/gui.py", line 376, in shutdown
    self.release()
  File "/opt/mycroft-core/mycroft/enclosure/gui.py", line 366, in release
    self.clear()
  File "/opt/mycroft-core/mycroft/enclosure/gui.py", line 130, in clear
    {"__from": self.skill.skill_id}))
  File "/opt/mycroft-core/.venv/lib/python3.7/site-packages/mycroft_bus_client/client/client.py", line 160, in emit
    self.client.send(message.serialize())
  File "/opt/mycroft-core/.venv/lib/python3.7/site-packages/websocket/_app.py", line 153, in send
    if not self.sock or self.sock.send(data, opcode) == 0:
  File "/opt/mycroft-core/.venv/lib/python3.7/site-packages/websocket/_core.py", line 250, in send
    return self.send_frame(frame)
  File "/opt/mycroft-core/.venv/lib/python3.7/site-packages/websocket/_core.py", line 275, in send_frame
    l = self._send(data)
  File "/opt/mycroft-core/.venv/lib/python3.7/site-packages/websocket/_core.py", line 445, in _send
    return send(self.sock, data)
  File "/opt/mycroft-core/.venv/lib/python3.7/site-packages/websocket/_socket.py", line 117, in send
    return sock.send(data)
BrokenPipeError: [Errno 32] Broken pipe
2021-10-26 14:58:23.800 | INFO     |  5331 | mycroft.skills.skill_loader:load:185 | ATTEMPTING TO LOAD SKILL: fallback-unknown.mycroftai
2021-10-26 14:58:23.803 | INFO     |  5331 | mycroft.skills.settings:get_local_settings:83 | /opt/mycroft/skills/fallback-unknown.mycroftai/settings.json
2021-10-26 14:58:23.807 | INFO     |  5331 | UnknownSkill | Removing all handlers...
2021-10-26 14:58:23.808 | ERROR    |  5331 | mycroft.skills.skill_manager:_load_skill:305 | Load of skill /opt/mycroft/skills/fallback-unknown.mycroftai failed!
Traceback (most recent call last):
  File "/opt/mycroft-core/mycroft/skills/skill_loader.py", line 302, in _create_skill_instance
    self.instance.load_data_files()
  File "/opt/mycroft-core/mycroft/skills/mycroft_skill/mycroft_skill.py", line 1274, in load_data_files
    self.load_vocab_files(root_directory)
  File "/opt/mycroft-core/mycroft/skills/mycroft_skill/mycroft_skill.py", line 1300, in load_vocab_files
    aliases)
  File "/opt/mycroft-core/mycroft/skills/intent_service_interface.py", line 56, in register_adapt_keyword
    {**entity_data, **compatibility_data})
  File "/opt/mycroft-core/.venv/lib/python3.7/site-packages/mycroft_bus_client/client/client.py", line 160, in emit
    self.client.send(message.serialize())
  File "/opt/mycroft-core/.venv/lib/python3.7/site-packages/websocket/_app.py", line 153, in send
    if not self.sock or self.sock.send(data, opcode) == 0:
  File "/opt/mycroft-core/.venv/lib/python3.7/site-packages/websocket/_core.py", line 250, in send
    return self.send_frame(frame)
  File "/opt/mycroft-core/.venv/lib/python3.7/site-packages/websocket/_core.py", line 275, in send_frame
    l = self._send(data)
  File "/opt/mycroft-core/.venv/lib/python3.7/site-packages/websocket/_core.py", line 445, in _send
    return send(self.sock, data)
  File "/opt/mycroft-core/.venv/lib/python3.7/site-packages/websocket/_socket.py", line 117, in send
    return sock.send(data)
BrokenPipeError: [Errno 32] Broken pipe

During handling of the above exception, another exception occurred:

Traceback (most recent call last):
  File "/opt/mycroft-core/mycroft/skills/skill_manager.py", line 303, in _load_skill
    load_status = skill_loader.load()
  File "/opt/mycroft-core/mycroft/skills/skill_loader.py", line 186, in load
    return self._load()
  File "/opt/mycroft-core/mycroft/skills/skill_loader.py", line 244, in _load
    if skill_module and self._create_skill_instance(skill_module):
  File "/opt/mycroft-core/mycroft/skills/skill_loader.py", line 310, in _create_skill_instance
    self.instance.default_shutdown()
  File "/opt/mycroft-core/mycroft/skills/fallback_skill.py", line 199, in default_shutdown
    super(FallbackSkill, self).default_shutdown()
  File "/opt/mycroft-core/mycroft/skills/mycroft_skill/mycroft_skill.py", line 1374, in default_shutdown
    self.gui.shutdown()
  File "/opt/mycroft-core/mycroft/enclosure/gui.py", line 376, in shutdown
    self.release()
  File "/opt/mycroft-core/mycroft/enclosure/gui.py", line 366, in release
    self.clear()
  File "/opt/mycroft-core/mycroft/enclosure/gui.py", line 130, in clear
    {"__from": self.skill.skill_id}))
  File "/opt/mycroft-core/.venv/lib/python3.7/site-packages/mycroft_bus_client/client/client.py", line 160, in emit
    self.client.send(message.serialize())
  File "/opt/mycroft-core/.venv/lib/python3.7/site-packages/websocket/_app.py", line 153, in send
    if not self.sock or self.sock.send(data, opcode) == 0:
  File "/opt/mycroft-core/.venv/lib/python3.7/site-packages/websocket/_core.py", line 250, in send
    return self.send_frame(frame)
  File "/opt/mycroft-core/.venv/lib/python3.7/site-packages/websocket/_core.py", line 275, in send_frame
    l = self._send(data)
  File "/opt/mycroft-core/.venv/lib/python3.7/site-packages/websocket/_core.py", line 445, in _send
    return send(self.sock, data)
  File "/opt/mycroft-core/.venv/lib/python3.7/site-packages/websocket/_socket.py", line 117, in send
    return sock.send(data)
BrokenPipeError: [Errno 32] Broken pipe
2021-10-26 14:58:23.808 | INFO     |  5331 | mycroft.skills.skill_loader:load:185 | ATTEMPTING TO LOAD SKILL: mycroft-playback-control.mycroftai
2021-10-26 14:58:23.812 | INFO     |  5331 | mycroft.skills.settings:get_local_settings:83 | /opt/mycroft/skills/mycroft-playback-control.mycroftai/settings.json
2021-10-26 14:58:23.817 | ERROR    |  5331 | mycroft.skills.skill_manager:_load_skill:305 | Load of skill /opt/mycroft/skills/mycroft-playback-control.mycroftai failed!
Traceback (most recent call last):
  File "/opt/mycroft-core/mycroft/skills/skill_loader.py", line 302, in _create_skill_instance
    self.instance.load_data_files()
  File "/opt/mycroft-core/mycroft/skills/mycroft_skill/mycroft_skill.py", line 1274, in load_data_files
    self.load_vocab_files(root_directory)
  File "/opt/mycroft-core/mycroft/skills/mycroft_skill/mycroft_skill.py", line 1300, in load_vocab_files
    aliases)
  File "/opt/mycroft-core/mycroft/skills/intent_service_interface.py", line 56, in register_adapt_keyword
    {**entity_data, **compatibility_data})
  File "/opt/mycroft-core/.venv/lib/python3.7/site-packages/mycroft_bus_client/client/client.py", line 160, in emit
    self.client.send(message.serialize())
  File "/opt/mycroft-core/.venv/lib/python3.7/site-packages/websocket/_app.py", line 153, in send
    if not self.sock or self.sock.send(data, opcode) == 0:
  File "/opt/mycroft-core/.venv/lib/python3.7/site-packages/websocket/_core.py", line 250, in send
    return self.send_frame(frame)
  File "/opt/mycroft-core/.venv/lib/python3.7/site-packages/websocket/_core.py", line 275, in send_frame
    l = self._send(data)
  File "/opt/mycroft-core/.venv/lib/python3.7/site-packages/websocket/_core.py", line 445, in _send
    return send(self.sock, data)
  File "/opt/mycroft-core/.venv/lib/python3.7/site-packages/websocket/_socket.py", line 117, in send
    return sock.send(data)
BrokenPipeError: [Errno 32] Broken pipe

During handling of the above exception, another exception occurred:

Traceback (most recent call last):
  File "/opt/mycroft-core/mycroft/skills/skill_manager.py", line 303, in _load_skill
    load_status = skill_loader.load()
  File "/opt/mycroft-core/mycroft/skills/skill_loader.py", line 186, in load
    return self._load()
  File "/opt/mycroft-core/mycroft/skills/skill_loader.py", line 244, in _load
    if skill_module and self._create_skill_instance(skill_module):
  File "/opt/mycroft-core/mycroft/skills/skill_loader.py", line 310, in _create_skill_instance
    self.instance.default_shutdown()
  File "/opt/mycroft-core/mycroft/skills/mycroft_skill/mycroft_skill.py", line 1374, in default_shutdown
    self.gui.shutdown()
  File "/opt/mycroft-core/mycroft/enclosure/gui.py", line 376, in shutdown
    self.release()
  File "/opt/mycroft-core/mycroft/enclosure/gui.py", line 366, in release
    self.clear()
  File "/opt/mycroft-core/mycroft/enclosure/gui.py", line 130, in clear
    {"__from": self.skill.skill_id}))
  File "/opt/mycroft-core/.venv/lib/python3.7/site-packages/mycroft_bus_client/client/client.py", line 160, in emit
    self.client.send(message.serialize())
  File "/opt/mycroft-core/.venv/lib/python3.7/site-packages/websocket/_app.py", line 153, in send
    if not self.sock or self.sock.send(data, opcode) == 0:
  File "/opt/mycroft-core/.venv/lib/python3.7/site-packages/websocket/_core.py", line 250, in send
    return self.send_frame(frame)
  File "/opt/mycroft-core/.venv/lib/python3.7/site-packages/websocket/_core.py", line 275, in send_frame
    l = self._send(data)
  File "/opt/mycroft-core/.venv/lib/python3.7/site-packages/websocket/_core.py", line 445, in _send
    return send(self.sock, data)
  File "/opt/mycroft-core/.venv/lib/python3.7/site-packages/websocket/_socket.py", line 117, in send
    return sock.send(data)
BrokenPipeError: [Errno 32] Broken pipe
2021-10-26 14:58:23.818 | INFO     |  5331 | mycroft.skills.skill_manager:_load_on_startup:275 | Skills all loaded!
2021-10-26 14:58:28.744 | INFO     |  5331 | mycroft_bus_client.client.client | Connected
2021-10-26 14:58:39.496 | INFO     |  5331 | mycroft.skills.settings:save_settings:116 | Skill settings successfully saved to /home/runner/.config/mycroft/skills/mycroft-pairing.mycroftai/settings.json
2021-10-26 14:58:39.841 | INFO     |  5331 | mycroft.skills.settings:save_settings:116 | Skill settings successfully saved to /home/runner/.config/mycroft/skills/mycroft-timer.mycroftai/settings.json
