{
  "uid" : "8abf08839cf9fb57",
  "name" : "tracker",
  "historyId" : "bec0b9ee4648af3b77db73e8070f1736",
  "time" : {
    "start" : 1634239072190,
    "stop" : 1634239092798,
    "duration" : 20608
  },
  "status" : "failed",
  "statusMessage" : "AssertionError: No speech contained the expected contentMycroft responded with:\nMycroft: homeassistant.device.unknown.dialog(HomeAssistantSkill)\n\"Entity \"mark one\" could not be found.\"\n\n",
  "statusTrace" : "  File \"/opt/mycroft-core/.venv/lib/python3.7/site-packages/behave/model.py\", line 1806, in run\n    match.run(runner.context)\n  File \"/opt/mycroft-core/.venv/lib/python3.7/site-packages/behave/matchers.py\", line 97, in run\n    self.func(context, *args, **kwargs)\n  File \"features/steps/utterance_responses.py\", line 227, in then_contains\n    assert passed, assert_msg\n",
  "flaky" : false,
  "newFailed" : false,
  "beforeStages" : [ ],
  "testStage" : {
    "status" : "failed",
    "statusMessage" : "AssertionError: No speech contained the expected contentMycroft responded with:\nMycroft: homeassistant.device.unknown.dialog(HomeAssistantSkill)\n\"Entity \"mark one\" could not be found.\"\n\n",
    "statusTrace" : "  File \"/opt/mycroft-core/.venv/lib/python3.7/site-packages/behave/model.py\", line 1806, in run\n    match.run(runner.context)\n  File \"/opt/mycroft-core/.venv/lib/python3.7/site-packages/behave/matchers.py\", line 97, in run\n    self.func(context, *args, **kwargs)\n  File \"features/steps/utterance_responses.py\", line 227, in then_contains\n    assert passed, assert_msg\n",
    "steps" : [ {
      "name" : "Given an English speaking user",
      "time" : {
        "start" : 1634239072191,
        "stop" : 1634239072191,
        "duration" : 0
      },
      "status" : "passed",
      "steps" : [ ],
      "attachments" : [ ],
      "parameters" : [ ],
      "stepsCount" : 0,
      "attachmentsCount" : 0,
      "shouldDisplayMessage" : false,
      "hasContent" : false
    }, {
      "name" : "When the user says \"give me location of the mark one\"",
      "time" : {
        "start" : 1634239072191,
        "stop" : 1634239072192,
        "duration" : 1
      },
      "status" : "passed",
      "steps" : [ ],
      "attachments" : [ ],
      "parameters" : [ ],
      "stepsCount" : 0,
      "attachmentsCount" : 0,
      "shouldDisplayMessage" : false,
      "hasContent" : false
    }, {
      "name" : "Then mycroft reply should contain \" home\"",
      "time" : {
        "start" : 1634239072192,
        "stop" : 1634239082193,
        "duration" : 10001
      },
      "status" : "failed",
      "statusMessage" : "AssertionError: No speech contained the expected contentMycroft responded with:\nMycroft: pairing.code.dialog(PairingSkill)\n\"Register this device with the code. 'A' as in Apple. 'T' as in Tango. 'J' as in Juliet. 'M' as in Mike. 'J' as in Juliet. 'W' as in Whiskey.\"\nMycroft: homeassistant.device.unknown.dialog(HomeAssistantSkill)\n\"Sorry, entity \"mark one\" wasn't found.\"\n\n",
      "statusTrace" : "  File \"/opt/mycroft-core/.venv/lib/python3.7/site-packages/behave/model.py\", line 1806, in run\n    match.run(runner.context)\n  File \"/opt/mycroft-core/.venv/lib/python3.7/site-packages/behave/matchers.py\", line 97, in run\n    self.func(context, *args, **kwargs)\n  File \"features/steps/utterance_responses.py\", line 227, in then_contains\n    assert passed, assert_msg\n",
      "steps" : [ ],
      "attachments" : [ ],
      "parameters" : [ ],
      "stepsCount" : 0,
      "attachmentsCount" : 0,
      "shouldDisplayMessage" : true,
      "hasContent" : true
    }, {
      "name" : "Given an English speaking user",
      "time" : {
        "start" : 1634239082495,
        "stop" : 1634239082495,
        "duration" : 0
      },
      "status" : "passed",
      "steps" : [ ],
      "attachments" : [ ],
      "parameters" : [ ],
      "stepsCount" : 0,
      "attachmentsCount" : 0,
      "shouldDisplayMessage" : false,
      "hasContent" : false
    }, {
      "name" : "When the user says \"give me location of the mark one\"",
      "time" : {
        "start" : 1634239082495,
        "stop" : 1634239082496,
        "duration" : 1
      },
      "status" : "passed",
      "steps" : [ ],
      "attachments" : [ ],
      "parameters" : [ ],
      "stepsCount" : 0,
      "attachmentsCount" : 0,
      "shouldDisplayMessage" : false,
      "hasContent" : false
    }, {
      "name" : "Then mycroft reply should contain \" home\"",
      "time" : {
        "start" : 1634239082496,
        "stop" : 1634239092497,
        "duration" : 10001
      },
      "status" : "failed",
      "statusMessage" : "AssertionError: No speech contained the expected contentMycroft responded with:\nMycroft: homeassistant.device.unknown.dialog(HomeAssistantSkill)\n\"Entity \"mark one\" could not be found.\"\n\n",
      "statusTrace" : "  File \"/opt/mycroft-core/.venv/lib/python3.7/site-packages/behave/model.py\", line 1806, in run\n    match.run(runner.context)\n  File \"/opt/mycroft-core/.venv/lib/python3.7/site-packages/behave/matchers.py\", line 97, in run\n    self.func(context, *args, **kwargs)\n  File \"features/steps/utterance_responses.py\", line 227, in then_contains\n    assert passed, assert_msg\n",
      "steps" : [ ],
      "attachments" : [ ],
      "parameters" : [ ],
      "stepsCount" : 0,
      "attachmentsCount" : 0,
      "shouldDisplayMessage" : true,
      "hasContent" : true
    } ],
    "attachments" : [ ],
    "parameters" : [ ],
    "stepsCount" : 6,
    "attachmentsCount" : 0,
    "shouldDisplayMessage" : false,
    "hasContent" : true
  },
  "afterStages" : [ ],
  "labels" : [ {
    "name" : "severity",
    "value" : "normal"
  }, {
    "name" : "feature",
    "value" : "tracker"
  }, {
    "name" : "framework",
    "value" : "behave"
  }, {
    "name" : "language",
    "value" : "cpython3"
  }, {
    "name" : "resultFormat",
    "value" : "allure2"
  } ],
  "parameters" : [ ],
  "links" : [ ],
  "hidden" : false,
  "retry" : false,
  "extra" : {
    "severity" : "normal",
    "retries" : [ ],
    "categories" : [ {
      "name" : "Product defects",
      "matchedStatuses" : [ ],
      "flaky" : false
    } ],
    "tags" : [ ]
  },
  "source" : "8abf08839cf9fb57.json",
  "parameterValues" : [ ]
}