2021-10-15 17:05:29.320 | INFO     |  5361 | mycroft.messagebus.load_config:load_message_bus_config:33 | Loading message bus configs
2021-10-15 17:05:29.333 | ERROR    |  5361 | mycroft_bus_client.client.client | === ConnectionRefusedError(111, 'Connection refused') ===
Traceback (most recent call last):
  File "/opt/mycroft-core/.venv/lib/python3.7/site-packages/websocket/_app.py", line 254, in run_forever
    proxy_type=proxy_type)
  File "/opt/mycroft-core/.venv/lib/python3.7/site-packages/websocket/_core.py", line 220, in connect
    options.pop('socket', None))
  File "/opt/mycroft-core/.venv/lib/python3.7/site-packages/websocket/_http.py", line 120, in connect
    sock = _open_socket(addrinfo_list, options.sockopt, options.timeout)
  File "/opt/mycroft-core/.venv/lib/python3.7/site-packages/websocket/_http.py", line 190, in _open_socket
    raise err
  File "/opt/mycroft-core/.venv/lib/python3.7/site-packages/websocket/_http.py", line 170, in _open_socket
    sock.connect(address)
ConnectionRefusedError: [Errno 111] Connection refused
2021-10-15 17:05:29.333 | ERROR    |  5361 | mycroft_bus_client.client.client | Exception closing websocket: ConnectionRefusedError(111, 'Connection refused')
2021-10-15 17:05:29.333 | WARNING  |  5361 | mycroft_bus_client.client.client | Message Bus Client will reconnect in 5 seconds.
2021-10-15 17:05:34.337 | INFO     |  5361 | mycroft_bus_client.client.client | Connected
2021-10-15 17:05:34.343 | INFO     |  5361 | mycroft.util.process_utils:start_message_bus_client:155 | Connected to messagebus
2021-10-15 17:05:34.353 | INFO     |  5361 | mycroft.skills.msm_wrapper:create_msm:96 | Acquiring lock to instantiate MSM
2021-10-15 17:05:34.354 | INFO     |  5361 | msm.mycroft_skills_manager | building SkillEntry objects for all skills
2021-10-15 17:05:34.858 | INFO     |  5361 | mycroft.skills.msm_wrapper:create_msm:112 | Releasing MSM instantiation lock.
2021-10-15 17:05:34.859 | INFO     |  5361 | mycroft.skills.skill_updater:_log_next_download_time:267 | Next scheduled skill update: 2021-10-15 17:05:33.858970
2021-10-15 17:05:34.859 | INFO     |  5361 | msm.skill_entry | Downloading skill: https://github.com/mycroftai/skill-pairing
2021-10-15 17:05:35.495 | INFO     |  5361 | msm.skill_entry | Installing system requirements...
2021-10-15 17:05:35.505 | INFO     |  5361 | msm.skill_entry | Successfully installed mycroft-pairing
2021-10-15 17:05:35.505 | INFO     |  5361 | msm.mycroft_skills_manager | invalidating skills cache
2021-10-15 17:05:35.507 | INFO     |  5361 | mycroft.skills.skill_loader:load:185 | ATTEMPTING TO LOAD SKILL: mycroft-pairing.mycroftai
2021-10-15 17:05:35.514 | INFO     |  5361 | mycroft.skills.settings:get_local_settings:83 | /opt/mycroft/skills/mycroft-pairing.mycroftai/settings.json
2021-10-15 17:05:35.534 | INFO     |  5361 | mycroft.skills.skill_loader:_check_for_first_run:324 | First run of mycroft-pairing.mycroftai
2021-10-15 17:05:35.543 | INFO     |  5361 | mycroft.skills.settings:save_settings:116 | Skill settings successfully saved to /home/runner/.config/mycroft/skills/mycroft-pairing.mycroftai/settings.json
2021-10-15 17:05:35.543 | INFO     |  5361 | mycroft.skills.skill_loader:_communicate_load_status:344 | Skill mycroft-pairing.mycroftai loaded successfully
2021-10-15 17:05:35.544 | INFO     |  5361 | msm.skill_entry | Downloading skill: https://github.com/mycroftai/skill-volume
2021-10-15 17:05:36.215 | INFO     |  5361 | msm.skill_entry | Installing system requirements...
2021-10-15 17:05:36.224 | INFO     |  5361 | msm.skill_entry | Installing requirements.txt for mycroft-volume
2021-10-15 17:05:37.040 | INFO     |  5361 | msm.skill_entry | Successfully installed mycroft-volume
2021-10-15 17:05:37.040 | INFO     |  5361 | msm.mycroft_skills_manager | invalidating skills cache
2021-10-15 17:05:37.041 | INFO     |  5361 | mycroft.skills.skill_loader:load:185 | ATTEMPTING TO LOAD SKILL: mycroft-volume.mycroftai
2021-10-15 17:05:37.050 | INFO     |  5361 | mycroft.skills.settings:get_local_settings:83 | /opt/mycroft/skills/mycroft-volume.mycroftai/settings.json
2021-10-15 17:05:37.198 | ERROR    |  5361 | VolumeSkill | Couldn't allocate mixer, ALSAAudioError('No such file or directory [default]')
2021-10-15 17:05:40.201 | INFO     |  5361 | mycroft.skills.skill_loader:_check_for_first_run:324 | First run of mycroft-volume.mycroftai
2021-10-15 17:05:40.202 | INFO     |  5361 | mycroft.skills.settings:save_settings:116 | Skill settings successfully saved to /home/runner/.config/mycroft/skills/mycroft-volume.mycroftai/settings.json
2021-10-15 17:05:40.208 | INFO     |  5361 | mycroft.skills.skill_loader:_communicate_load_status:344 | Skill mycroft-volume.mycroftai loaded successfully
2021-10-15 17:05:40.211 | INFO     |  5361 | __main__:on_started:177 | Skills service is starting up.
2021-10-15 17:05:40.294 | INFO     |  5361 | __main__:_update_system:154 | Attempting system update...
2021-10-15 17:05:43.297 | INFO     |  5361 | mycroft.enclosure.display_manager:_write_data:70 | Display Manager is creating /tmp/mycroft/ipc/managers/disp_info
2021-10-15 17:05:43.299 | INFO     |  5361 | __main__:_ensure_device_is_paired:133 | Device not paired, invoking the pairing skill
2021-10-15 17:05:43.302 | INFO     |  5361 | __main__:on_alive:181 | Skills service is alive.
2021-10-15 17:05:43.313 | INFO     |  5361 | msm.mycroft_skills_manager | building SkillEntry objects for all skills
2021-10-15 17:05:43.772 | WARNING  |  5361 | msm.mycroft_skills_manager | No such default skill: mycroft-pandora
2021-10-15 17:05:43.774 | INFO     |  5361 | mycroft.skills.skill_manager:run:234 | Not all default skills are installed, performing skill update...
2021-10-15 17:05:43.774 | INFO     |  5361 | mycroft.skills.skill_updater:update_skills:149 | Beginning skill update...
2021-10-15 17:05:43.811 | INFO     |  5361 | PairingSkill | Communicating account URL to user
2021-10-15 17:05:43.853 | INFO     |  5361 | msm.mycroft_skills_manager | building SkillEntry objects for all skills
2021-10-15 17:05:44.730 | INFO     |  5361 | msm.mycroft_skills_manager | invalidating skills cache
2021-10-15 17:05:45.033 | INFO     |  5361 | msm.skill_entry | Downloading skill: https://github.com/mycroftai/skill-date-time
2021-10-15 17:05:45.046 | INFO     |  5361 | msm.skill_entry | Downloading skill: https://github.com/mycroftai/skill-hello-world
2021-10-15 17:05:45.049 | INFO     |  5361 | msm.skill_entry | Downloading skill: https://github.com/mycroftai/fallback-wolfram-alpha
2021-10-15 17:05:45.057 | INFO     |  5361 | msm.skill_entry | Downloading skill: https://github.com/mycroftai/fallback-duckduckgo
2021-10-15 17:05:45.068 | INFO     |  5361 | msm.skill_entry | Downloading skill: https://github.com/mycroftai/skill-naptime
2021-10-15 17:05:45.073 | INFO     |  5361 | msm.skill_entry | Downloading skill: https://github.com/mycroftai/skill-alarm
2021-10-15 17:05:45.076 | INFO     |  5361 | msm.skill_entry | Downloading skill: https://github.com/mycroftai/skill-joke
2021-10-15 17:05:45.082 | INFO     |  5361 | msm.skill_entry | Downloading skill: https://github.com/mycroftai/skill-audio-record
2021-10-15 17:05:45.086 | INFO     |  5361 | msm.skill_entry | Downloading skill: https://github.com/mycroftai/skill-personal
2021-10-15 17:05:45.092 | INFO     |  5361 | msm.skill_entry | Downloading skill: https://github.com/mycroftai/skill-npr-news
2021-10-15 17:05:45.095 | INFO     |  5361 | msm.skill_entry | Downloading skill: https://github.com/mycroftai/skill-configuration
2021-10-15 17:05:45.104 | INFO     |  5361 | msm.skill_entry | Downloading skill: https://github.com/mycroftai/skill-installer
2021-10-15 17:05:45.106 | INFO     |  5361 | msm.skill_entry | Downloading skill: https://github.com/mycroftai/fallback-unknown
2021-10-15 17:05:45.109 | INFO     |  5361 | msm.skill_entry | Downloading skill: https://github.com/mycroftai/skill-ip
2021-10-15 17:05:45.115 | INFO     |  5361 | msm.skill_entry | Downloading skill: https://github.com/mycroftai/skill-singing
2021-10-15 17:05:45.123 | INFO     |  5361 | msm.skill_entry | Downloading skill: https://github.com/mycroftai/skill-playback-control
2021-10-15 17:05:45.124 | INFO     |  5361 | msm.skill_entry | Downloading skill: https://github.com/mycroftai/skill-reminder
2021-10-15 17:05:45.896 | ERROR    |  5361 | msm.mycroft_skills_manager | Error running install_or_update on homeassistant.mycroftai: MergeConflict
2021-10-15 17:05:45.907 | INFO     |  5361 | msm.skill_entry | Downloading skill: https://github.com/mycroftai/skill-speak
2021-10-15 17:05:46.075 | INFO     |  5361 | msm.skill_entry | Installing system requirements...
2021-10-15 17:05:46.225 | INFO     |  5361 | msm.skill_entry | Installing requirements.txt for fallback-wolfram-alpha
2021-10-15 17:05:46.241 | INFO     |  5361 | msm.skill_entry | Installing system requirements...
2021-10-15 17:05:46.253 | INFO     |  5361 | msm.skill_entry | Installing system requirements...
2021-10-15 17:05:46.440 | INFO     |  5361 | msm.skill_entry | Installing requirements.txt for mycroft-joke
2021-10-15 17:05:46.506 | INFO     |  5361 | msm.skill_entry | Installing requirements.txt for mycroft-audio-record
2021-10-15 17:05:46.514 | INFO     |  5361 | msm.skill_entry | Installing system requirements...
2021-10-15 17:05:46.539 | INFO     |  5361 | msm.skill_entry | Installing system requirements...
2021-10-15 17:05:46.576 | INFO     |  5361 | msm.skill_entry | Installing system requirements...
2021-10-15 17:05:46.665 | INFO     |  5361 | msm.skill_entry | Installing system requirements...
2021-10-15 17:05:46.673 | INFO     |  5361 | msm.skill_entry | Installing system requirements...
2021-10-15 17:05:46.680 | INFO     |  5361 | msm.skill_entry | Installing system requirements...
2021-10-15 17:05:46.707 | INFO     |  5361 | msm.skill_entry | Installing system requirements...
2021-10-15 17:05:46.714 | INFO     |  5361 | msm.skill_entry | Nothing new for mycroft-volume
2021-10-15 17:05:46.716 | INFO     |  5361 | msm.skill_entry | Successfully installed fallback-unknown
2021-10-15 17:05:46.716 | INFO     |  5361 | msm.mycroft_skills_manager | invalidating skills cache
2021-10-15 17:05:46.718 | INFO     |  5361 | msm.skill_entry | Downloading skill: https://github.com/mycroftai/skill-spelling
2021-10-15 17:05:46.733 | INFO     |  5361 | msm.skill_entry | Successfully installed mycroft-personal
2021-10-15 17:05:46.734 | INFO     |  5361 | msm.mycroft_skills_manager | invalidating skills cache
2021-10-15 17:05:46.735 | INFO     |  5361 | msm.skill_entry | Downloading skill: https://github.com/mycroftai/skill-stop
2021-10-15 17:05:46.741 | INFO     |  5361 | msm.skill_entry | Installing system requirements...
2021-10-15 17:05:46.747 | INFO     |  5361 | msm.skill_entry | Successfully installed mycroft-hello-world
2021-10-15 17:05:46.748 | INFO     |  5361 | msm.mycroft_skills_manager | invalidating skills cache
2021-10-15 17:05:46.749 | INFO     |  5361 | msm.skill_entry | Downloading skill: https://github.com/mycroftai/skill-support
2021-10-15 17:05:46.756 | INFO     |  5361 | msm.skill_entry | Installing system requirements...
2021-10-15 17:05:46.824 | INFO     |  5361 | msm.skill_entry | Nothing new for mycroft-pairing
2021-10-15 17:05:46.857 | INFO     |  5361 | msm.skill_entry | Installing system requirements...
2021-10-15 17:05:46.884 | INFO     |  5361 | msm.skill_entry | Installing requirements.txt for mycroft-ip
2021-10-15 17:05:46.885 | INFO     |  5361 | msm.skill_entry | Installing requirements.txt for mycroft-fallback-duck-duck-go
2021-10-15 17:05:46.888 | INFO     |  5361 | msm.skill_entry | Installing requirements.txt for mycroft-configuration
2021-10-15 17:05:46.905 | INFO     |  5361 | msm.skill_entry | Installing requirements.txt for mycroft-date-time
2021-10-15 17:05:46.911 | INFO     |  5361 | msm.skill_entry | Installing system requirements...
2021-10-15 17:05:46.914 | INFO     |  5361 | msm.skill_entry | Successfully installed mycroft-playback-control
2021-10-15 17:05:46.915 | INFO     |  5361 | msm.mycroft_skills_manager | invalidating skills cache
2021-10-15 17:05:46.916 | INFO     |  5361 | msm.skill_entry | Downloading skill: https://github.com/mycroftai/mycroft-timer
2021-10-15 17:05:46.932 | INFO     |  5361 | msm.skill_entry | Successfully installed mycroft-naptime
2021-10-15 17:05:46.933 | INFO     |  5361 | msm.mycroft_skills_manager | invalidating skills cache
2021-10-15 17:05:46.934 | INFO     |  5361 | msm.skill_entry | Downloading skill: https://github.com/mycroftai/skill-weather
2021-10-15 17:05:47.005 | INFO     |  5361 | msm.skill_entry | Installing system requirements...
2021-10-15 17:05:47.034 | INFO     |  5361 | msm.skill_entry | Installing system requirements...
2021-10-15 17:05:47.055 | INFO     |  5361 | msm.skill_entry | Installing system requirements...
2021-10-15 17:05:47.065 | INFO     |  5361 | msm.skill_entry | Installing requirements.txt for mycroft-volume
2021-10-15 17:05:47.068 | INFO     |  5361 | msm.skill_entry | Installing system requirements...
2021-10-15 17:05:47.087 | INFO     |  5361 | msm.skill_entry | Downloading skill: https://github.com/mycroftai/skill-version-checker
2021-10-15 17:05:47.137 | INFO     |  5361 | msm.skill_entry | Installing requirements.txt for mycroft-npr-news
2021-10-15 17:05:47.165 | INFO     |  5361 | msm.skill_entry | Successfully installed mycroft-speak
2021-10-15 17:05:47.165 | INFO     |  5361 | msm.mycroft_skills_manager | invalidating skills cache
2021-10-15 17:05:47.166 | INFO     |  5361 | msm.skill_entry | Downloading skill: https://github.com/mycroftai/skill-wiki
2021-10-15 17:05:47.187 | INFO     |  5361 | msm.skill_entry | Successfully installed mycroft-reminder
2021-10-15 17:05:47.187 | INFO     |  5361 | msm.mycroft_skills_manager | invalidating skills cache
2021-10-15 17:05:47.189 | INFO     |  5361 | msm.skill_entry | Downloading skill: https://github.com/MycroftAI/skill-query
2021-10-15 17:05:47.202 | INFO     |  5361 | msm.skill_entry | Installing requirements.txt for mycroft-installer
2021-10-15 17:05:47.491 | INFO     |  5361 | msm.skill_entry | Installing system requirements...
2021-10-15 17:05:47.529 | INFO     |  5361 | msm.skill_entry | Installing requirements.txt for mycroft-alarm
2021-10-15 17:05:47.959 | INFO     |  5361 | msm.skill_entry | Installing system requirements...
2021-10-15 17:05:47.986 | INFO     |  5361 | msm.skill_entry | Installing system requirements...
2021-10-15 17:05:48.026 | INFO     |  5361 | msm.skill_entry | Installing system requirements...
2021-10-15 17:05:48.096 | INFO     |  5361 | msm.skill_entry | Successfully installed mycroft-stop
2021-10-15 17:05:48.097 | INFO     |  5361 | msm.mycroft_skills_manager | invalidating skills cache
2021-10-15 17:05:48.119 | INFO     |  5361 | msm.skill_entry | Installing requirements.txt for mycroft-support-helper
2021-10-15 17:05:48.158 | INFO     |  5361 | msm.skill_entry | Successfully installed mycroft-spelling
2021-10-15 17:05:48.162 | INFO     |  5361 | msm.mycroft_skills_manager | invalidating skills cache
2021-10-15 17:05:48.195 | INFO     |  5361 | msm.skill_entry | Installing system requirements...
2021-10-15 17:05:48.255 | INFO     |  5361 | msm.skill_entry | Installing system requirements...
2021-10-15 17:05:48.304 | INFO     |  5361 | msm.skill_entry | Successfully installed fallback-query
2021-10-15 17:05:48.304 | INFO     |  5361 | msm.mycroft_skills_manager | invalidating skills cache
2021-10-15 17:05:48.365 | INFO     |  5361 | msm.skill_entry | Successfully installed mycroft-version-checker
2021-10-15 17:05:48.366 | INFO     |  5361 | msm.mycroft_skills_manager | invalidating skills cache
2021-10-15 17:05:48.411 | INFO     |  5361 | msm.skill_entry | Installing system requirements...
2021-10-15 17:05:48.432 | INFO     |  5361 | msm.skill_entry | Installing requirements.txt for mycroft-wiki
2021-10-15 17:05:48.541 | ERROR    |  5361 | msm.mycroft_skills_manager | Error running install_or_update on homeassistant: MergeConflict
2021-10-15 17:05:48.958 | INFO     |  5361 | msm.skill_entry | Installing system requirements...
2021-10-15 17:05:48.981 | INFO     |  5361 | msm.skill_entry | Installing requirements.txt for mycroft-weather
2021-10-15 17:05:49.103 | INFO     |  5361 | msm.skill_entry | Installing system requirements...
2021-10-15 17:05:49.160 | INFO     |  5361 | msm.skill_entry | Successfully installed mycroft-timer
2021-10-15 17:05:49.161 | INFO     |  5361 | msm.mycroft_skills_manager | invalidating skills cache
2021-10-15 17:05:49.212 | INFO     |  5361 | msm.skill_entry | Installing system requirements...
2021-10-15 17:05:49.227 | INFO     |  5361 | msm.skill_entry | Successfully installed mycroft-singing
2021-10-15 17:05:49.227 | INFO     |  5361 | msm.mycroft_skills_manager | invalidating skills cache
2021-10-15 17:05:52.223 | INFO     |  5361 | msm.skill_entry | Successfully installed fallback-wolfram-alpha
2021-10-15 17:05:52.224 | INFO     |  5361 | msm.mycroft_skills_manager | invalidating skills cache
2021-10-15 17:05:53.363 | INFO     |  5361 | msm.skill_entry | Successfully installed mycroft-joke
2021-10-15 17:05:53.363 | INFO     |  5361 | msm.mycroft_skills_manager | invalidating skills cache
2021-10-15 17:05:54.268 | INFO     |  5361 | msm.skill_entry | Successfully installed mycroft-audio-record
2021-10-15 17:05:54.268 | INFO     |  5361 | msm.mycroft_skills_manager | invalidating skills cache
2021-10-15 17:05:55.122 | INFO     |  5361 | msm.skill_entry | Successfully installed mycroft-ip
2021-10-15 17:05:55.123 | INFO     |  5361 | msm.mycroft_skills_manager | invalidating skills cache
2021-10-15 17:05:56.144 | INFO     |  5361 | msm.skill_entry | Successfully installed mycroft-fallback-duck-duck-go
2021-10-15 17:05:56.144 | INFO     |  5361 | msm.mycroft_skills_manager | invalidating skills cache
2021-10-15 17:05:58.510 | INFO     |  5361 | msm.skill_entry | Successfully installed mycroft-configuration
2021-10-15 17:05:58.510 | INFO     |  5361 | msm.mycroft_skills_manager | invalidating skills cache
2021-10-15 17:06:13.724 | INFO     |  5361 | msm.skill_entry | Successfully installed mycroft-date-time
2021-10-15 17:06:13.725 | INFO     |  5361 | msm.mycroft_skills_manager | invalidating skills cache
2021-10-15 17:06:14.147 | INFO     |  5361 | PairingSkill | Initiating device pairing sequence...
2021-10-15 17:06:14.147 | INFO     |  5361 | PairingSkill | Retrieving pairing code from device API...
2021-10-15 17:06:14.628 | INFO     |  5361 | PairingSkill | Pairing code obtained: WWLX7N
2021-10-15 17:06:14.628 | INFO     |  5361 | PairingSkill | Communicating pairing URL to user
2021-10-15 17:06:17.605 | INFO     |  5361 | msm.skill_entry | Successfully installed mycroft-npr-news
2021-10-15 17:06:17.606 | INFO     |  5361 | msm.mycroft_skills_manager | invalidating skills cache
2021-10-15 17:06:18.520 | INFO     |  5361 | msm.skill_entry | Successfully installed mycroft-installer
2021-10-15 17:06:18.521 | INFO     |  5361 | msm.mycroft_skills_manager | invalidating skills cache
2021-10-15 17:06:19.394 | INFO     |  5361 | msm.skill_entry | Successfully installed mycroft-alarm
2021-10-15 17:06:19.394 | INFO     |  5361 | msm.mycroft_skills_manager | invalidating skills cache
2021-10-15 17:06:21.380 | INFO     |  5361 | msm.skill_entry | Successfully installed mycroft-support-helper
2021-10-15 17:06:21.380 | INFO     |  5361 | msm.mycroft_skills_manager | invalidating skills cache
2021-10-15 17:06:23.285 | INFO     |  5361 | msm.skill_entry | Successfully installed mycroft-wiki
2021-10-15 17:06:23.285 | INFO     |  5361 | msm.mycroft_skills_manager | invalidating skills cache
2021-10-15 17:06:24.395 | INFO     |  5361 | msm.skill_entry | Successfully installed mycroft-weather
2021-10-15 17:06:24.395 | INFO     |  5361 | msm.mycroft_skills_manager | invalidating skills cache
2021-10-15 17:06:24.469 | INFO     |  5361 | mycroft.skills.skill_updater:_log_next_download_time:267 | Next scheduled skill update: 2021-10-15 18:06:24.468827
2021-10-15 17:06:24.469 | INFO     |  5361 | mycroft.skills.skill_updater:update_skills:170 | Skill update complete
2021-10-15 17:06:24.469 | INFO     |  5361 | mycroft.skills.skill_manager:_load_on_startup:273 | Loading installed skills...
2021-10-15 17:06:24.471 | INFO     |  5361 | mycroft.skills.skill_loader:load:185 | ATTEMPTING TO LOAD SKILL: mycroft-ip.mycroftai
2021-10-15 17:06:24.508 | INFO     |  5361 | mycroft.skills.settings:get_local_settings:83 | /opt/mycroft/skills/mycroft-ip.mycroftai/settings.json
2021-10-15 17:06:24.522 | INFO     |  5361 | mycroft.skills.skill_loader:_check_for_first_run:324 | First run of mycroft-ip.mycroftai
2021-10-15 17:06:24.522 | INFO     |  5361 | mycroft.skills.settings:save_settings:116 | Skill settings successfully saved to /home/runner/.config/mycroft/skills/mycroft-ip.mycroftai/settings.json
2021-10-15 17:06:24.523 | INFO     |  5361 | mycroft.skills.skill_loader:_communicate_load_status:344 | Skill mycroft-ip.mycroftai loaded successfully
2021-10-15 17:06:24.523 | INFO     |  5361 | mycroft.skills.skill_loader:load:185 | ATTEMPTING TO LOAD SKILL: mycroft-reminder.mycroftai
2021-10-15 17:06:24.538 | INFO     |  5361 | mycroft.skills.settings:get_local_settings:83 | /opt/mycroft/skills/mycroft-reminder.mycroftai/settings.json
2021-10-15 17:06:24.583 | INFO     |  5361 | mycroft.skills.skill_loader:_check_for_first_run:324 | First run of mycroft-reminder.mycroftai
2021-10-15 17:06:24.584 | INFO     |  5361 | mycroft.skills.settings:save_settings:116 | Skill settings successfully saved to /home/runner/.config/mycroft/skills/mycroft-reminder.mycroftai/settings.json
2021-10-15 17:06:24.588 | INFO     |  5361 | mycroft.skills.skill_loader:_communicate_load_status:344 | Skill mycroft-reminder.mycroftai loaded successfully
2021-10-15 17:06:24.589 | INFO     |  5361 | mycroft.skills.skill_loader:load:185 | ATTEMPTING TO LOAD SKILL: mycroft-installer.mycroftai
2021-10-15 17:06:24.601 | INFO     |  5361 | mycroft.skills.settings:get_local_settings:83 | /opt/mycroft/skills/mycroft-installer.mycroftai/settings.json
2021-10-15 17:06:24.616 | INFO     |  5361 | mycroft.skills.skill_loader:_check_for_first_run:324 | First run of mycroft-installer.mycroftai
2021-10-15 17:06:24.617 | INFO     |  5361 | mycroft.skills.settings:save_settings:116 | Skill settings successfully saved to /home/runner/.config/mycroft/skills/mycroft-installer.mycroftai/settings.json
2021-10-15 17:06:24.618 | INFO     |  5361 | mycroft.skills.skill_loader:_communicate_load_status:344 | Skill mycroft-installer.mycroftai loaded successfully
2021-10-15 17:06:24.620 | INFO     |  5361 | mycroft.skills.skill_loader:load:185 | ATTEMPTING TO LOAD SKILL: mycroft-version-checker.mycroftai
2021-10-15 17:06:24.628 | INFO     |  5361 | mycroft.skills.settings:get_local_settings:83 | /opt/mycroft/skills/mycroft-version-checker.mycroftai/settings.json
2021-10-15 17:06:24.649 | INFO     |  5361 | mycroft.skills.skill_loader:_check_for_first_run:324 | First run of mycroft-version-checker.mycroftai
2021-10-15 17:06:24.650 | INFO     |  5361 | mycroft.skills.settings:save_settings:116 | Skill settings successfully saved to /home/runner/.config/mycroft/skills/mycroft-version-checker.mycroftai/settings.json
2021-10-15 17:06:24.653 | INFO     |  5361 | mycroft.skills.skill_loader:_communicate_load_status:344 | Skill mycroft-version-checker.mycroftai loaded successfully
2021-10-15 17:06:24.653 | INFO     |  5361 | mycroft.skills.skill_loader:load:185 | ATTEMPTING TO LOAD SKILL: mycroft-singing.mycroftai
2021-10-15 17:06:24.660 | INFO     |  5361 | mycroft.skills.settings:get_local_settings:83 | /opt/mycroft/skills/mycroft-singing.mycroftai/settings.json
2021-10-15 17:06:24.673 | INFO     |  5361 | mycroft.skills.skill_loader:_check_for_first_run:324 | First run of mycroft-singing.mycroftai
2021-10-15 17:06:24.674 | INFO     |  5361 | mycroft.skills.settings:save_settings:116 | Skill settings successfully saved to /home/runner/.config/mycroft/skills/mycroft-singing.mycroftai/settings.json
2021-10-15 17:06:24.676 | INFO     |  5361 | mycroft.skills.skill_loader:_communicate_load_status:344 | Skill mycroft-singing.mycroftai loaded successfully
2021-10-15 17:06:24.677 | INFO     |  5361 | mycroft.skills.skill_loader:load:185 | ATTEMPTING TO LOAD SKILL: mycroft-joke.mycroftai
2021-10-15 17:06:24.684 | INFO     |  5361 | mycroft.skills.settings:get_local_settings:83 | /opt/mycroft/skills/mycroft-joke.mycroftai/settings.json
2021-10-15 17:06:24.718 | INFO     |  5361 | mycroft.skills.skill_loader:_check_for_first_run:324 | First run of mycroft-joke.mycroftai
2021-10-15 17:06:24.723 | INFO     |  5361 | mycroft.skills.settings:save_settings:116 | Skill settings successfully saved to /home/runner/.config/mycroft/skills/mycroft-joke.mycroftai/settings.json
2021-10-15 17:06:24.724 | INFO     |  5361 | mycroft.skills.skill_loader:_communicate_load_status:344 | Skill mycroft-joke.mycroftai loaded successfully
2021-10-15 17:06:24.725 | INFO     |  5361 | mycroft.skills.skill_loader:load:185 | ATTEMPTING TO LOAD SKILL: mycroft-timer.mycroftai
2021-10-15 17:06:24.748 | INFO     |  5361 | mycroft.skills.settings:get_local_settings:83 | /opt/mycroft/skills/mycroft-timer.mycroftai/settings.json
2021-10-15 17:06:24.818 | INFO     |  5361 | mycroft.skills.skill_loader:_check_for_first_run:324 | First run of mycroft-timer.mycroftai
2021-10-15 17:06:24.821 | INFO     |  5361 | mycroft.skills.settings:save_settings:116 | Skill settings successfully saved to /home/runner/.config/mycroft/skills/mycroft-timer.mycroftai/settings.json
2021-10-15 17:06:24.825 | INFO     |  5361 | mycroft.skills.skill_loader:_communicate_load_status:344 | Skill mycroft-timer.mycroftai loaded successfully
2021-10-15 17:06:24.826 | INFO     |  5361 | mycroft.skills.skill_loader:load:185 | ATTEMPTING TO LOAD SKILL: homeassistant.mycroftai
2021-10-15 17:06:25.130 | INFO     |  5361 | mycroft.skills.settings:get_local_settings:83 | /opt/mycroft/skills/homeassistant.mycroftai/settings.json
2021-10-15 17:06:25.131 | INFO     |  5361 | mycroft.skills.settings:get_local_settings:83 | /opt/mycroft/skills/homeassistant.mycroftai/settings.json
2021-10-15 17:06:25.192 | INFO     |  5361 | mycroft.skills.skill_loader:_communicate_load_status:344 | Skill homeassistant.mycroftai loaded successfully
2021-10-15 17:06:25.195 | INFO     |  5361 | mycroft.skills.skill_loader:load:185 | ATTEMPTING TO LOAD SKILL: mycroft-alarm.mycroftai
2021-10-15 17:06:25.214 | INFO     |  5361 | mycroft.skills.settings:get_local_settings:83 | /opt/mycroft/skills/mycroft-alarm.mycroftai/settings.json
2021-10-15 17:06:25.218 | ERROR    |  5361 | AlarmSkill | Couldn't allocate mixer, ALSAAudioError('No such file or directory [default]')
2021-10-15 17:06:25.256 | INFO     |  5361 | mycroft.skills.skill_loader:_check_for_first_run:324 | First run of mycroft-alarm.mycroftai
2021-10-15 17:06:25.257 | INFO     |  5361 | mycroft.skills.settings:save_settings:116 | Skill settings successfully saved to /home/runner/.config/mycroft/skills/mycroft-alarm.mycroftai/settings.json
2021-10-15 17:06:25.258 | INFO     |  5361 | mycroft.skills.skill_loader:_communicate_load_status:344 | Skill mycroft-alarm.mycroftai loaded successfully
2021-10-15 17:06:25.258 | INFO     |  5361 | mycroft.skills.skill_loader:load:185 | ATTEMPTING TO LOAD SKILL: mycroft-naptime.mycroftai
2021-10-15 17:06:25.263 | INFO     |  5361 | mycroft.skills.settings:get_local_settings:83 | /opt/mycroft/skills/mycroft-naptime.mycroftai/settings.json
2021-10-15 17:06:25.269 | INFO     |  5361 | mycroft.skills.skill_loader:_check_for_first_run:324 | First run of mycroft-naptime.mycroftai
2021-10-15 17:06:25.270 | INFO     |  5361 | mycroft.skills.settings:save_settings:116 | Skill settings successfully saved to /home/runner/.config/mycroft/skills/mycroft-naptime.mycroftai/settings.json
2021-10-15 17:06:25.271 | INFO     |  5361 | mycroft.skills.skill_loader:_communicate_load_status:344 | Skill mycroft-naptime.mycroftai loaded successfully
2021-10-15 17:06:25.271 | INFO     |  5361 | mycroft.skills.skill_loader:load:185 | ATTEMPTING TO LOAD SKILL: mycroft-spelling.mycroftai
2021-10-15 17:06:25.274 | INFO     |  5361 | mycroft.skills.settings:get_local_settings:83 | /opt/mycroft/skills/mycroft-spelling.mycroftai/settings.json
2021-10-15 17:06:25.281 | INFO     |  5361 | mycroft.skills.skill_loader:_check_for_first_run:324 | First run of mycroft-spelling.mycroftai
2021-10-15 17:06:25.282 | INFO     |  5361 | mycroft.skills.settings:save_settings:116 | Skill settings successfully saved to /home/runner/.config/mycroft/skills/mycroft-spelling.mycroftai/settings.json
2021-10-15 17:06:25.283 | INFO     |  5361 | mycroft.skills.skill_loader:_communicate_load_status:344 | Skill mycroft-spelling.mycroftai loaded successfully
2021-10-15 17:06:25.284 | INFO     |  5361 | mycroft.skills.skill_loader:load:185 | ATTEMPTING TO LOAD SKILL: mycroft-fallback-duck-duck-go.mycroftai
2021-10-15 17:06:25.291 | INFO     |  5361 | mycroft.skills.settings:get_local_settings:83 | /opt/mycroft/skills/mycroft-fallback-duck-duck-go.mycroftai/settings.json
2021-10-15 17:06:25.302 | INFO     |  5361 | mycroft.skills.skill_loader:_check_for_first_run:324 | First run of mycroft-fallback-duck-duck-go.mycroftai
2021-10-15 17:06:25.302 | INFO     |  5361 | mycroft.skills.settings:save_settings:116 | Skill settings successfully saved to /home/runner/.config/mycroft/skills/mycroft-fallback-duck-duck-go.mycroftai/settings.json
2021-10-15 17:06:25.303 | INFO     |  5361 | mycroft.skills.skill_loader:_communicate_load_status:344 | Skill mycroft-fallback-duck-duck-go.mycroftai loaded successfully
2021-10-15 17:06:25.303 | INFO     |  5361 | mycroft.skills.skill_loader:load:185 | ATTEMPTING TO LOAD SKILL: mycroft-npr-news.mycroftai
2021-10-15 17:06:25.397 | INFO     |  5361 | mycroft.skills.settings:get_local_settings:83 | /opt/mycroft/skills/mycroft-npr-news.mycroftai/settings.json
2021-10-15 17:06:26.432 | INFO     |  5361 | mycroft.skills.skill_loader:_check_for_first_run:324 | First run of mycroft-npr-news.mycroftai
2021-10-15 17:06:26.474 | INFO     |  5361 | mycroft.skills.settings:save_settings:116 | Skill settings successfully saved to /home/runner/.config/mycroft/skills/mycroft-npr-news.mycroftai/settings.json
2021-10-15 17:06:26.475 | INFO     |  5361 | mycroft.skills.skill_loader:_communicate_load_status:344 | Skill mycroft-npr-news.mycroftai loaded successfully
2021-10-15 17:06:26.475 | INFO     |  5361 | mycroft.skills.skill_loader:load:185 | ATTEMPTING TO LOAD SKILL: mycroft-support-helper.mycroftai
2021-10-15 17:06:26.481 | INFO     |  5361 | mycroft.skills.settings:get_local_settings:83 | /opt/mycroft/skills/mycroft-support-helper.mycroftai/settings.json
2021-10-15 17:06:26.488 | INFO     |  5361 | mycroft.skills.skill_loader:_check_for_first_run:324 | First run of mycroft-support-helper.mycroftai
2021-10-15 17:06:26.490 | INFO     |  5361 | mycroft.skills.settings:save_settings:116 | Skill settings successfully saved to /home/runner/.config/mycroft/skills/mycroft-support-helper.mycroftai/settings.json
2021-10-15 17:06:26.509 | INFO     |  5361 | mycroft.skills.skill_loader:_communicate_load_status:344 | Skill mycroft-support-helper.mycroftai loaded successfully
2021-10-15 17:06:26.509 | INFO     |  5361 | mycroft.skills.skill_loader:load:185 | ATTEMPTING TO LOAD SKILL: mycroft-weather.mycroftai
2021-10-15 17:06:26.528 | INFO     |  5361 | mycroft.skills.settings:get_local_settings:83 | /opt/mycroft/skills/mycroft-weather.mycroftai/settings.json
2021-10-15 17:06:26.601 | INFO     |  5361 | mycroft.skills.skill_loader:_check_for_first_run:324 | First run of mycroft-weather.mycroftai
2021-10-15 17:06:26.602 | INFO     |  5361 | mycroft.skills.settings:save_settings:116 | Skill settings successfully saved to /home/runner/.config/mycroft/skills/mycroft-weather.mycroftai/settings.json
2021-10-15 17:06:26.609 | INFO     |  5361 | mycroft.skills.skill_loader:_communicate_load_status:344 | Skill mycroft-weather.mycroftai loaded successfully
2021-10-15 17:06:26.609 | INFO     |  5361 | mycroft.skills.skill_loader:load:185 | ATTEMPTING TO LOAD SKILL: mycroft-speak.mycroftai
2021-10-15 17:06:26.614 | INFO     |  5361 | mycroft.skills.settings:get_local_settings:83 | /opt/mycroft/skills/mycroft-speak.mycroftai/settings.json
2021-10-15 17:06:26.627 | INFO     |  5361 | mycroft.skills.skill_loader:_check_for_first_run:324 | First run of mycroft-speak.mycroftai
2021-10-15 17:06:26.628 | INFO     |  5361 | mycroft.skills.settings:save_settings:116 | Skill settings successfully saved to /home/runner/.config/mycroft/skills/mycroft-speak.mycroftai/settings.json
2021-10-15 17:06:26.630 | INFO     |  5361 | mycroft.skills.skill_loader:_communicate_load_status:344 | Skill mycroft-speak.mycroftai loaded successfully
2021-10-15 17:06:26.630 | INFO     |  5361 | mycroft.skills.skill_loader:load:185 | ATTEMPTING TO LOAD SKILL: mycroft-audio-record.mycroftai
2021-10-15 17:06:26.636 | INFO     |  5361 | mycroft.skills.settings:get_local_settings:83 | /opt/mycroft/skills/mycroft-audio-record.mycroftai/settings.json
2021-10-15 17:06:26.650 | INFO     |  5361 | mycroft.skills.skill_loader:_check_for_first_run:324 | First run of mycroft-audio-record.mycroftai
2021-10-15 17:06:26.651 | INFO     |  5361 | mycroft.skills.settings:save_settings:116 | Skill settings successfully saved to /home/runner/.config/mycroft/skills/mycroft-audio-record.mycroftai/settings.json
2021-10-15 17:06:26.652 | INFO     |  5361 | mycroft.skills.skill_loader:_communicate_load_status:344 | Skill mycroft-audio-record.mycroftai loaded successfully
2021-10-15 17:06:26.652 | INFO     |  5361 | mycroft.skills.skill_loader:load:185 | ATTEMPTING TO LOAD SKILL: mycroft-stop.mycroftai
2021-10-15 17:06:26.656 | INFO     |  5361 | mycroft.skills.settings:get_local_settings:83 | /opt/mycroft/skills/mycroft-stop.mycroftai/settings.json
2021-10-15 17:06:26.670 | INFO     |  5361 | mycroft.skills.skill_loader:_check_for_first_run:324 | First run of mycroft-stop.mycroftai
2021-10-15 17:06:26.670 | INFO     |  5361 | mycroft.skills.settings:save_settings:116 | Skill settings successfully saved to /home/runner/.config/mycroft/skills/mycroft-stop.mycroftai/settings.json
2021-10-15 17:06:26.712 | INFO     |  5361 | mycroft.skills.skill_loader:_communicate_load_status:344 | Skill mycroft-stop.mycroftai loaded successfully
2021-10-15 17:06:26.712 | INFO     |  5361 | mycroft.skills.skill_loader:load:185 | ATTEMPTING TO LOAD SKILL: mycroft-hello-world.mycroftai
2021-10-15 17:06:26.718 | INFO     |  5361 | mycroft.skills.settings:get_local_settings:83 | /opt/mycroft/skills/mycroft-hello-world.mycroftai/settings.json
2021-10-15 17:06:26.736 | INFO     |  5361 | mycroft.skills.skill_loader:_check_for_first_run:324 | First run of mycroft-hello-world.mycroftai
2021-10-15 17:06:26.737 | INFO     |  5361 | mycroft.skills.settings:save_settings:116 | Skill settings successfully saved to /home/runner/.config/mycroft/skills/mycroft-hello-world.mycroftai/settings.json
2021-10-15 17:06:26.754 | INFO     |  5361 | mycroft.skills.skill_loader:_communicate_load_status:344 | Skill mycroft-hello-world.mycroftai loaded successfully
2021-10-15 17:06:26.755 | INFO     |  5361 | mycroft.skills.skill_loader:load:185 | ATTEMPTING TO LOAD SKILL: mycroft-date-time.mycroftai
2021-10-15 17:06:27.450 | INFO     |  5361 | mycroft.skills.settings:get_local_settings:83 | /opt/mycroft/skills/mycroft-date-time.mycroftai/settings.json
2021-10-15 17:06:27.500 | INFO     |  5361 | TimeSkill | Registering resting screen <bound method TimeSkill.handle_idle of <mycroft-date-time_mycroftai.TimeSkill object at 0x7f5f78bb8250>> for Time and Date.
2021-10-15 17:06:27.502 | INFO     |  5361 | TimeSkill | Registering resting screen
2021-10-15 17:06:27.513 | INFO     |  5361 | mycroft.skills.skill_loader:_check_for_first_run:324 | First run of mycroft-date-time.mycroftai
2021-10-15 17:06:27.514 | INFO     |  5361 | mycroft.skills.settings:save_settings:116 | Skill settings successfully saved to /home/runner/.config/mycroft/skills/mycroft-date-time.mycroftai/settings.json
2021-10-15 17:06:27.517 | INFO     |  5361 | mycroft.skills.skill_loader:_communicate_load_status:344 | Skill mycroft-date-time.mycroftai loaded successfully
2021-10-15 17:06:27.517 | INFO     |  5361 | mycroft.skills.skill_loader:load:185 | ATTEMPTING TO LOAD SKILL: mycroft-configuration.mycroftai
2021-10-15 17:06:27.525 | INFO     |  5361 | mycroft.skills.settings:get_local_settings:83 | /opt/mycroft/skills/mycroft-configuration.mycroftai/settings.json
2021-10-15 17:06:27.571 | INFO     |  5361 | mycroft.skills.skill_loader:_check_for_first_run:324 | First run of mycroft-configuration.mycroftai
2021-10-15 17:06:27.571 | INFO     |  5361 | mycroft.skills.settings:save_settings:116 | Skill settings successfully saved to /home/runner/.config/mycroft/skills/mycroft-configuration.mycroftai/settings.json
2021-10-15 17:06:27.576 | INFO     |  5361 | mycroft.skills.skill_loader:_communicate_load_status:344 | Skill mycroft-configuration.mycroftai loaded successfully
2021-10-15 17:06:27.576 | INFO     |  5361 | mycroft.skills.skill_loader:load:185 | ATTEMPTING TO LOAD SKILL: fallback-query.mycroftai
2021-10-15 17:06:27.580 | INFO     |  5361 | mycroft.skills.settings:get_local_settings:83 | /opt/mycroft/skills/fallback-query.mycroftai/settings.json
2021-10-15 17:06:27.664 | INFO     |  5361 | mycroft.skills.skill_loader:_check_for_first_run:324 | First run of fallback-query.mycroftai
2021-10-15 17:06:27.665 | INFO     |  5361 | mycroft.skills.settings:save_settings:116 | Skill settings successfully saved to /home/runner/.config/mycroft/skills/fallback-query.mycroftai/settings.json
2021-10-15 17:06:27.666 | INFO     |  5361 | mycroft.skills.skill_loader:_communicate_load_status:344 | Skill fallback-query.mycroftai loaded successfully
2021-10-15 17:06:27.666 | INFO     |  5361 | mycroft.skills.skill_loader:load:185 | ATTEMPTING TO LOAD SKILL: mycroft-personal.mycroftai
2021-10-15 17:06:27.670 | INFO     |  5361 | mycroft.skills.settings:get_local_settings:83 | /opt/mycroft/skills/mycroft-personal.mycroftai/settings.json
2021-10-15 17:06:27.672 | ERROR    |  5361 | mycroft_bus_client.client.client | === ConnectionResetError(104, 'Connection reset by peer') ===
Traceback (most recent call last):
  File "/opt/mycroft-core/.venv/lib/python3.7/site-packages/mycroft_bus_client/client/client.py", line 128, in on_error
    self.emitter.emit('error', error)
  File "/opt/mycroft-core/.venv/lib/python3.7/site-packages/pyee/_base.py", line 116, in emit
    self._emit_handle_potential_error(event, args[0] if args else None)
  File "/opt/mycroft-core/.venv/lib/python3.7/site-packages/pyee/_base.py", line 86, in _emit_handle_potential_error
    raise error
  File "/opt/mycroft-core/.venv/lib/python3.7/site-packages/websocket/_app.py", line 254, in run_forever
    proxy_type=proxy_type)
  File "/opt/mycroft-core/.venv/lib/python3.7/site-packages/websocket/_core.py", line 220, in connect
    options.pop('socket', None))
  File "/opt/mycroft-core/.venv/lib/python3.7/site-packages/websocket/_http.py", line 120, in connect
    sock = _open_socket(addrinfo_list, options.sockopt, options.timeout)
  File "/opt/mycroft-core/.venv/lib/python3.7/site-packages/websocket/_http.py", line 190, in _open_socket
    raise err
  File "/opt/mycroft-core/.venv/lib/python3.7/site-packages/websocket/_http.py", line 170, in _open_socket
    sock.connect(address)
ConnectionRefusedError: [Errno 111] Connection refused

During handling of the above exception, another exception occurred:

Traceback (most recent call last):
  File "/opt/mycroft-core/.venv/lib/python3.7/site-packages/websocket/_app.py", line 305, in run_forever
    dispatcher.read(self.sock.sock, read, check)
  File "/opt/mycroft-core/.venv/lib/python3.7/site-packages/websocket/_app.py", line 53, in read
    if not read_callback():
  File "/opt/mycroft-core/.venv/lib/python3.7/site-packages/websocket/_app.py", line 271, in read
    op_code, frame = self.sock.recv_data_frame(True)
  File "/opt/mycroft-core/.venv/lib/python3.7/site-packages/websocket/_core.py", line 340, in recv_data_frame
    frame = self.recv_frame()
  File "/opt/mycroft-core/.venv/lib/python3.7/site-packages/websocket/_core.py", line 374, in recv_frame
    return self.frame_buffer.recv_frame()
  File "/opt/mycroft-core/.venv/lib/python3.7/site-packages/websocket/_abnf.py", line 361, in recv_frame
    self.recv_header()
  File "/opt/mycroft-core/.venv/lib/python3.7/site-packages/websocket/_abnf.py", line 309, in recv_header
    header = self.recv_strict(2)
  File "/opt/mycroft-core/.venv/lib/python3.7/site-packages/websocket/_abnf.py", line 396, in recv_strict
    bytes_ = self.recv(min(16384, shortage))
  File "/opt/mycroft-core/.venv/lib/python3.7/site-packages/websocket/_core.py", line 449, in _recv
    return recv(self.sock, bufsize)
  File "/opt/mycroft-core/.venv/lib/python3.7/site-packages/websocket/_socket.py", line 81, in recv
    bytes_ = sock.recv(bufsize)
ConnectionResetError: [Errno 104] Connection reset by peer
2021-10-15 17:06:27.673 | ERROR    |  5361 | mycroft_bus_client.client.client | Exception closing websocket: ConnectionResetError(104, 'Connection reset by peer')
2021-10-15 17:06:27.673 | WARNING  |  5361 | mycroft_bus_client.client.client | Message Bus Client will reconnect in 5 seconds.
2021-10-15 17:06:27.677 | ERROR    |  5361 | mycroft.skills.skill_manager:_load_skill:305 | Load of skill /opt/mycroft/skills/mycroft-personal.mycroftai failed!
Traceback (most recent call last):
  File "/opt/mycroft-core/mycroft/skills/skill_loader.py", line 305, in _create_skill_instance
    self.instance._register_decorated()
  File "/opt/mycroft-core/mycroft/skills/mycroft_skill/mycroft_skill.py", line 749, in _register_decorated
    self.register_intent(intent, method)
  File "/opt/mycroft-core/mycroft/skills/mycroft_skill/mycroft_skill.py", line 985, in register_intent
    return self.register_intent_file(intent_parser, handler)
  File "/opt/mycroft-core/mycroft/skills/mycroft_skill/mycroft_skill.py", line 1022, in register_intent_file
    self.intent_service.register_padatious_intent(name, filename)
  File "/opt/mycroft-core/mycroft/skills/intent_service_interface.py", line 129, in register_padatious_intent
    self.bus.emit(Message("padatious:register_intent", data))
  File "/opt/mycroft-core/.venv/lib/python3.7/site-packages/mycroft_bus_client/client/client.py", line 160, in emit
    self.client.send(message.serialize())
  File "/opt/mycroft-core/.venv/lib/python3.7/site-packages/websocket/_app.py", line 153, in send
    if not self.sock or self.sock.send(data, opcode) == 0:
  File "/opt/mycroft-core/.venv/lib/python3.7/site-packages/websocket/_core.py", line 250, in send
    return self.send_frame(frame)
  File "/opt/mycroft-core/.venv/lib/python3.7/site-packages/websocket/_core.py", line 275, in send_frame
    l = self._send(data)
  File "/opt/mycroft-core/.venv/lib/python3.7/site-packages/websocket/_core.py", line 445, in _send
    return send(self.sock, data)
  File "/opt/mycroft-core/.venv/lib/python3.7/site-packages/websocket/_socket.py", line 117, in send
    return sock.send(data)
BrokenPipeError: [Errno 32] Broken pipe

During handling of the above exception, another exception occurred:

Traceback (most recent call last):
  File "/opt/mycroft-core/mycroft/skills/skill_manager.py", line 303, in _load_skill
    load_status = skill_loader.load()
  File "/opt/mycroft-core/mycroft/skills/skill_loader.py", line 186, in load
    return self._load()
  File "/opt/mycroft-core/mycroft/skills/skill_loader.py", line 244, in _load
    if skill_module and self._create_skill_instance(skill_module):
  File "/opt/mycroft-core/mycroft/skills/skill_loader.py", line 310, in _create_skill_instance
    self.instance.default_shutdown()
  File "/opt/mycroft-core/mycroft/skills/mycroft_skill/mycroft_skill.py", line 1374, in default_shutdown
    self.gui.shutdown()
  File "/opt/mycroft-core/mycroft/enclosure/gui.py", line 376, in shutdown
    self.release()
  File "/opt/mycroft-core/mycroft/enclosure/gui.py", line 366, in release
    self.clear()
  File "/opt/mycroft-core/mycroft/enclosure/gui.py", line 130, in clear
    {"__from": self.skill.skill_id}))
  File "/opt/mycroft-core/.venv/lib/python3.7/site-packages/mycroft_bus_client/client/client.py", line 160, in emit
    self.client.send(message.serialize())
  File "/opt/mycroft-core/.venv/lib/python3.7/site-packages/websocket/_app.py", line 153, in send
    if not self.sock or self.sock.send(data, opcode) == 0:
  File "/opt/mycroft-core/.venv/lib/python3.7/site-packages/websocket/_core.py", line 250, in send
    return self.send_frame(frame)
  File "/opt/mycroft-core/.venv/lib/python3.7/site-packages/websocket/_core.py", line 275, in send_frame
    l = self._send(data)
  File "/opt/mycroft-core/.venv/lib/python3.7/site-packages/websocket/_core.py", line 445, in _send
    return send(self.sock, data)
  File "/opt/mycroft-core/.venv/lib/python3.7/site-packages/websocket/_socket.py", line 117, in send
    return sock.send(data)
BrokenPipeError: [Errno 32] Broken pipe
2021-10-15 17:06:27.678 | INFO     |  5361 | mycroft.skills.skill_loader:load:185 | ATTEMPTING TO LOAD SKILL: fallback-wolfram-alpha.mycroftai
2021-10-15 17:06:27.700 | INFO     |  5361 | mycroft.skills.settings:get_local_settings:83 | /opt/mycroft/skills/fallback-wolfram-alpha.mycroftai/settings.json
2021-10-15 17:06:27.866 | ERROR    |  5361 | mycroft.skills.skill_manager:_load_skill:305 | Load of skill /opt/mycroft/skills/fallback-wolfram-alpha.mycroftai failed!
Traceback (most recent call last):
  File "/opt/mycroft-core/mycroft/skills/skill_loader.py", line 302, in _create_skill_instance
    self.instance.load_data_files()
  File "/opt/mycroft-core/mycroft/skills/mycroft_skill/mycroft_skill.py", line 1274, in load_data_files
    self.load_vocab_files(root_directory)
  File "/opt/mycroft-core/mycroft/skills/mycroft_skill/mycroft_skill.py", line 1300, in load_vocab_files
    aliases)
  File "/opt/mycroft-core/mycroft/skills/intent_service_interface.py", line 56, in register_adapt_keyword
    {**entity_data, **compatibility_data})
  File "/opt/mycroft-core/.venv/lib/python3.7/site-packages/mycroft_bus_client/client/client.py", line 160, in emit
    self.client.send(message.serialize())
  File "/opt/mycroft-core/.venv/lib/python3.7/site-packages/websocket/_app.py", line 153, in send
    if not self.sock or self.sock.send(data, opcode) == 0:
  File "/opt/mycroft-core/.venv/lib/python3.7/site-packages/websocket/_core.py", line 250, in send
    return self.send_frame(frame)
  File "/opt/mycroft-core/.venv/lib/python3.7/site-packages/websocket/_core.py", line 275, in send_frame
    l = self._send(data)
  File "/opt/mycroft-core/.venv/lib/python3.7/site-packages/websocket/_core.py", line 445, in _send
    return send(self.sock, data)
  File "/opt/mycroft-core/.venv/lib/python3.7/site-packages/websocket/_socket.py", line 117, in send
    return sock.send(data)
BrokenPipeError: [Errno 32] Broken pipe

During handling of the above exception, another exception occurred:

Traceback (most recent call last):
  File "/opt/mycroft-core/mycroft/skills/skill_manager.py", line 303, in _load_skill
    load_status = skill_loader.load()
  File "/opt/mycroft-core/mycroft/skills/skill_loader.py", line 186, in load
    return self._load()
  File "/opt/mycroft-core/mycroft/skills/skill_loader.py", line 244, in _load
    if skill_module and self._create_skill_instance(skill_module):
  File "/opt/mycroft-core/mycroft/skills/skill_loader.py", line 310, in _create_skill_instance
    self.instance.default_shutdown()
  File "/opt/mycroft-core/mycroft/skills/mycroft_skill/mycroft_skill.py", line 1374, in default_shutdown
    self.gui.shutdown()
  File "/opt/mycroft-core/mycroft/enclosure/gui.py", line 376, in shutdown
    self.release()
  File "/opt/mycroft-core/mycroft/enclosure/gui.py", line 366, in release
    self.clear()
  File "/opt/mycroft-core/mycroft/enclosure/gui.py", line 130, in clear
    {"__from": self.skill.skill_id}))
  File "/opt/mycroft-core/.venv/lib/python3.7/site-packages/mycroft_bus_client/client/client.py", line 160, in emit
    self.client.send(message.serialize())
  File "/opt/mycroft-core/.venv/lib/python3.7/site-packages/websocket/_app.py", line 153, in send
    if not self.sock or self.sock.send(data, opcode) == 0:
  File "/opt/mycroft-core/.venv/lib/python3.7/site-packages/websocket/_core.py", line 250, in send
    return self.send_frame(frame)
  File "/opt/mycroft-core/.venv/lib/python3.7/site-packages/websocket/_core.py", line 275, in send_frame
    l = self._send(data)
  File "/opt/mycroft-core/.venv/lib/python3.7/site-packages/websocket/_core.py", line 445, in _send
    return send(self.sock, data)
  File "/opt/mycroft-core/.venv/lib/python3.7/site-packages/websocket/_socket.py", line 117, in send
    return sock.send(data)
BrokenPipeError: [Errno 32] Broken pipe
2021-10-15 17:06:27.867 | INFO     |  5361 | mycroft.skills.skill_loader:load:185 | ATTEMPTING TO LOAD SKILL: mycroft-wiki.mycroftai
2021-10-15 17:06:27.874 | INFO     |  5361 | mycroft.skills.settings:get_local_settings:83 | /opt/mycroft/skills/mycroft-wiki.mycroftai/settings.json
2021-10-15 17:06:27.878 | ERROR    |  5361 | mycroft.skills.skill_manager:_load_skill:305 | Load of skill /opt/mycroft/skills/mycroft-wiki.mycroftai failed!
Traceback (most recent call last):
  File "/opt/mycroft-core/mycroft/skills/skill_loader.py", line 302, in _create_skill_instance
    self.instance.load_data_files()
  File "/opt/mycroft-core/mycroft/skills/mycroft_skill/mycroft_skill.py", line 1274, in load_data_files
    self.load_vocab_files(root_directory)
  File "/opt/mycroft-core/mycroft/skills/mycroft_skill/mycroft_skill.py", line 1300, in load_vocab_files
    aliases)
  File "/opt/mycroft-core/mycroft/skills/intent_service_interface.py", line 56, in register_adapt_keyword
    {**entity_data, **compatibility_data})
  File "/opt/mycroft-core/.venv/lib/python3.7/site-packages/mycroft_bus_client/client/client.py", line 160, in emit
    self.client.send(message.serialize())
  File "/opt/mycroft-core/.venv/lib/python3.7/site-packages/websocket/_app.py", line 153, in send
    if not self.sock or self.sock.send(data, opcode) == 0:
  File "/opt/mycroft-core/.venv/lib/python3.7/site-packages/websocket/_core.py", line 250, in send
    return self.send_frame(frame)
  File "/opt/mycroft-core/.venv/lib/python3.7/site-packages/websocket/_core.py", line 275, in send_frame
    l = self._send(data)
  File "/opt/mycroft-core/.venv/lib/python3.7/site-packages/websocket/_core.py", line 445, in _send
    return send(self.sock, data)
  File "/opt/mycroft-core/.venv/lib/python3.7/site-packages/websocket/_socket.py", line 117, in send
    return sock.send(data)
BrokenPipeError: [Errno 32] Broken pipe

During handling of the above exception, another exception occurred:

Traceback (most recent call last):
  File "/opt/mycroft-core/mycroft/skills/skill_manager.py", line 303, in _load_skill
    load_status = skill_loader.load()
  File "/opt/mycroft-core/mycroft/skills/skill_loader.py", line 186, in load
    return self._load()
  File "/opt/mycroft-core/mycroft/skills/skill_loader.py", line 244, in _load
    if skill_module and self._create_skill_instance(skill_module):
  File "/opt/mycroft-core/mycroft/skills/skill_loader.py", line 310, in _create_skill_instance
    self.instance.default_shutdown()
  File "/opt/mycroft-core/mycroft/skills/mycroft_skill/mycroft_skill.py", line 1374, in default_shutdown
    self.gui.shutdown()
  File "/opt/mycroft-core/mycroft/enclosure/gui.py", line 376, in shutdown
    self.release()
  File "/opt/mycroft-core/mycroft/enclosure/gui.py", line 366, in release
    self.clear()
  File "/opt/mycroft-core/mycroft/enclosure/gui.py", line 130, in clear
    {"__from": self.skill.skill_id}))
  File "/opt/mycroft-core/.venv/lib/python3.7/site-packages/mycroft_bus_client/client/client.py", line 160, in emit
    self.client.send(message.serialize())
  File "/opt/mycroft-core/.venv/lib/python3.7/site-packages/websocket/_app.py", line 153, in send
    if not self.sock or self.sock.send(data, opcode) == 0:
  File "/opt/mycroft-core/.venv/lib/python3.7/site-packages/websocket/_core.py", line 250, in send
    return self.send_frame(frame)
  File "/opt/mycroft-core/.venv/lib/python3.7/site-packages/websocket/_core.py", line 275, in send_frame
    l = self._send(data)
  File "/opt/mycroft-core/.venv/lib/python3.7/site-packages/websocket/_core.py", line 445, in _send
    return send(self.sock, data)
  File "/opt/mycroft-core/.venv/lib/python3.7/site-packages/websocket/_socket.py", line 117, in send
    return sock.send(data)
BrokenPipeError: [Errno 32] Broken pipe
2021-10-15 17:06:27.883 | INFO     |  5361 | mycroft.skills.skill_loader:load:185 | ATTEMPTING TO LOAD SKILL: fallback-unknown.mycroftai
2021-10-15 17:06:27.886 | INFO     |  5361 | mycroft.skills.settings:get_local_settings:83 | /opt/mycroft/skills/fallback-unknown.mycroftai/settings.json
2021-10-15 17:06:27.894 | INFO     |  5361 | UnknownSkill | Removing all handlers...
2021-10-15 17:06:27.894 | ERROR    |  5361 | mycroft.skills.skill_manager:_load_skill:305 | Load of skill /opt/mycroft/skills/fallback-unknown.mycroftai failed!
Traceback (most recent call last):
  File "/opt/mycroft-core/mycroft/skills/skill_loader.py", line 302, in _create_skill_instance
    self.instance.load_data_files()
  File "/opt/mycroft-core/mycroft/skills/mycroft_skill/mycroft_skill.py", line 1274, in load_data_files
    self.load_vocab_files(root_directory)
  File "/opt/mycroft-core/mycroft/skills/mycroft_skill/mycroft_skill.py", line 1300, in load_vocab_files
    aliases)
  File "/opt/mycroft-core/mycroft/skills/intent_service_interface.py", line 56, in register_adapt_keyword
    {**entity_data, **compatibility_data})
  File "/opt/mycroft-core/.venv/lib/python3.7/site-packages/mycroft_bus_client/client/client.py", line 160, in emit
    self.client.send(message.serialize())
  File "/opt/mycroft-core/.venv/lib/python3.7/site-packages/websocket/_app.py", line 153, in send
    if not self.sock or self.sock.send(data, opcode) == 0:
  File "/opt/mycroft-core/.venv/lib/python3.7/site-packages/websocket/_core.py", line 250, in send
    return self.send_frame(frame)
  File "/opt/mycroft-core/.venv/lib/python3.7/site-packages/websocket/_core.py", line 275, in send_frame
    l = self._send(data)
  File "/opt/mycroft-core/.venv/lib/python3.7/site-packages/websocket/_core.py", line 445, in _send
    return send(self.sock, data)
  File "/opt/mycroft-core/.venv/lib/python3.7/site-packages/websocket/_socket.py", line 117, in send
    return sock.send(data)
BrokenPipeError: [Errno 32] Broken pipe

During handling of the above exception, another exception occurred:

Traceback (most recent call last):
  File "/opt/mycroft-core/mycroft/skills/skill_manager.py", line 303, in _load_skill
    load_status = skill_loader.load()
  File "/opt/mycroft-core/mycroft/skills/skill_loader.py", line 186, in load
    return self._load()
  File "/opt/mycroft-core/mycroft/skills/skill_loader.py", line 244, in _load
    if skill_module and self._create_skill_instance(skill_module):
  File "/opt/mycroft-core/mycroft/skills/skill_loader.py", line 310, in _create_skill_instance
    self.instance.default_shutdown()
  File "/opt/mycroft-core/mycroft/skills/fallback_skill.py", line 199, in default_shutdown
    super(FallbackSkill, self).default_shutdown()
  File "/opt/mycroft-core/mycroft/skills/mycroft_skill/mycroft_skill.py", line 1374, in default_shutdown
    self.gui.shutdown()
  File "/opt/mycroft-core/mycroft/enclosure/gui.py", line 376, in shutdown
    self.release()
  File "/opt/mycroft-core/mycroft/enclosure/gui.py", line 366, in release
    self.clear()
  File "/opt/mycroft-core/mycroft/enclosure/gui.py", line 130, in clear
    {"__from": self.skill.skill_id}))
  File "/opt/mycroft-core/.venv/lib/python3.7/site-packages/mycroft_bus_client/client/client.py", line 160, in emit
    self.client.send(message.serialize())
  File "/opt/mycroft-core/.venv/lib/python3.7/site-packages/websocket/_app.py", line 153, in send
    if not self.sock or self.sock.send(data, opcode) == 0:
  File "/opt/mycroft-core/.venv/lib/python3.7/site-packages/websocket/_core.py", line 250, in send
    return self.send_frame(frame)
  File "/opt/mycroft-core/.venv/lib/python3.7/site-packages/websocket/_core.py", line 275, in send_frame
    l = self._send(data)
  File "/opt/mycroft-core/.venv/lib/python3.7/site-packages/websocket/_core.py", line 445, in _send
    return send(self.sock, data)
  File "/opt/mycroft-core/.venv/lib/python3.7/site-packages/websocket/_socket.py", line 117, in send
    return sock.send(data)
BrokenPipeError: [Errno 32] Broken pipe
2021-10-15 17:06:27.895 | INFO     |  5361 | mycroft.skills.skill_loader:load:185 | ATTEMPTING TO LOAD SKILL: mycroft-playback-control.mycroftai
2021-10-15 17:06:27.900 | INFO     |  5361 | mycroft.skills.settings:get_local_settings:83 | /opt/mycroft/skills/mycroft-playback-control.mycroftai/settings.json
2021-10-15 17:06:27.905 | ERROR    |  5361 | mycroft.skills.skill_manager:_load_skill:305 | Load of skill /opt/mycroft/skills/mycroft-playback-control.mycroftai failed!
Traceback (most recent call last):
  File "/opt/mycroft-core/mycroft/skills/skill_loader.py", line 302, in _create_skill_instance
    self.instance.load_data_files()
  File "/opt/mycroft-core/mycroft/skills/mycroft_skill/mycroft_skill.py", line 1274, in load_data_files
    self.load_vocab_files(root_directory)
  File "/opt/mycroft-core/mycroft/skills/mycroft_skill/mycroft_skill.py", line 1300, in load_vocab_files
    aliases)
  File "/opt/mycroft-core/mycroft/skills/intent_service_interface.py", line 56, in register_adapt_keyword
    {**entity_data, **compatibility_data})
  File "/opt/mycroft-core/.venv/lib/python3.7/site-packages/mycroft_bus_client/client/client.py", line 160, in emit
    self.client.send(message.serialize())
  File "/opt/mycroft-core/.venv/lib/python3.7/site-packages/websocket/_app.py", line 153, in send
    if not self.sock or self.sock.send(data, opcode) == 0:
  File "/opt/mycroft-core/.venv/lib/python3.7/site-packages/websocket/_core.py", line 250, in send
    return self.send_frame(frame)
  File "/opt/mycroft-core/.venv/lib/python3.7/site-packages/websocket/_core.py", line 275, in send_frame
    l = self._send(data)
  File "/opt/mycroft-core/.venv/lib/python3.7/site-packages/websocket/_core.py", line 445, in _send
    return send(self.sock, data)
  File "/opt/mycroft-core/.venv/lib/python3.7/site-packages/websocket/_socket.py", line 117, in send
    return sock.send(data)
BrokenPipeError: [Errno 32] Broken pipe

During handling of the above exception, another exception occurred:

Traceback (most recent call last):
  File "/opt/mycroft-core/mycroft/skills/skill_manager.py", line 303, in _load_skill
    load_status = skill_loader.load()
  File "/opt/mycroft-core/mycroft/skills/skill_loader.py", line 186, in load
    return self._load()
  File "/opt/mycroft-core/mycroft/skills/skill_loader.py", line 244, in _load
    if skill_module and self._create_skill_instance(skill_module):
  File "/opt/mycroft-core/mycroft/skills/skill_loader.py", line 310, in _create_skill_instance
    self.instance.default_shutdown()
  File "/opt/mycroft-core/mycroft/skills/mycroft_skill/mycroft_skill.py", line 1374, in default_shutdown
    self.gui.shutdown()
  File "/opt/mycroft-core/mycroft/enclosure/gui.py", line 376, in shutdown
    self.release()
  File "/opt/mycroft-core/mycroft/enclosure/gui.py", line 366, in release
    self.clear()
  File "/opt/mycroft-core/mycroft/enclosure/gui.py", line 130, in clear
    {"__from": self.skill.skill_id}))
  File "/opt/mycroft-core/.venv/lib/python3.7/site-packages/mycroft_bus_client/client/client.py", line 160, in emit
    self.client.send(message.serialize())
  File "/opt/mycroft-core/.venv/lib/python3.7/site-packages/websocket/_app.py", line 153, in send
    if not self.sock or self.sock.send(data, opcode) == 0:
  File "/opt/mycroft-core/.venv/lib/python3.7/site-packages/websocket/_core.py", line 250, in send
    return self.send_frame(frame)
  File "/opt/mycroft-core/.venv/lib/python3.7/site-packages/websocket/_core.py", line 275, in send_frame
    l = self._send(data)
  File "/opt/mycroft-core/.venv/lib/python3.7/site-packages/websocket/_core.py", line 445, in _send
    return send(self.sock, data)
  File "/opt/mycroft-core/.venv/lib/python3.7/site-packages/websocket/_socket.py", line 117, in send
    return sock.send(data)
BrokenPipeError: [Errno 32] Broken pipe
2021-10-15 17:06:27.905 | INFO     |  5361 | mycroft.skills.skill_manager:_load_on_startup:275 | Skills all loaded!
2021-10-15 17:06:32.677 | INFO     |  5361 | mycroft_bus_client.client.client | Connected
2021-10-15 17:06:44.968 | INFO     |  5361 | mycroft.skills.settings:save_settings:116 | Skill settings successfully saved to /home/runner/.config/mycroft/skills/mycroft-pairing.mycroftai/settings.json
2021-10-15 17:06:45.272 | INFO     |  5361 | mycroft.skills.settings:save_settings:116 | Skill settings successfully saved to /home/runner/.config/mycroft/skills/mycroft-timer.mycroftai/settings.json
