{"uid":"cb320198442cdff","name":"turn off light","historyId":"88fead54c29dc231d3491543adb9c633","time":{"start":1672268739006,"stop":1672268759612,"duration":20606},"status":"failed","statusMessage":"AssertionError: Mycroft responded with:\nMycroft: (HomeAssistantSkill)\n\"An error occurred while processing a request in Home Assistant Skill\"\n\n","statusTrace":"  File \"/opt/mycroft-core/.venv/lib/python3.7/site-packages/behave/model.py\", line 1806, in run\n    match.run(runner.context)\n  File \"/opt/mycroft-core/.venv/lib/python3.7/site-packages/behave/matchers.py\", line 97, in run\n    self.func(context, *args, **kwargs)\n  File \"features/steps/utterance_responses.py\", line 157, in then_dialog\n    assert passed, assert_msg or 'Mycroft didn\\'t respond'\n","flaky":false,"newFailed":false,"newBroken":false,"newPassed":false,"retriesCount":0,"retriesStatusChange":false,"beforeStages":[],"testStage":{"status":"failed","statusMessage":"AssertionError: Mycroft responded with:\nMycroft: (HomeAssistantSkill)\n\"An error occurred while processing a request in Home Assistant Skill\"\n\n","statusTrace":"  File \"/opt/mycroft-core/.venv/lib/python3.7/site-packages/behave/model.py\", line 1806, in run\n    match.run(runner.context)\n  File \"/opt/mycroft-core/.venv/lib/python3.7/site-packages/behave/matchers.py\", line 97, in run\n    self.func(context, *args, **kwargs)\n  File \"features/steps/utterance_responses.py\", line 157, in then_dialog\n    assert passed, assert_msg or 'Mycroft didn\\'t respond'\n","steps":[{"name":"Given an English speaking user","time":{"start":1672268739007,"stop":1672268739007,"duration":0},"status":"passed","steps":[],"attachments":[],"parameters":[],"stepsCount":0,"attachmentsCount":0,"shouldDisplayMessage":false,"hasContent":false},{"name":"When the user says \"can you turn off stairs light please\"","time":{"start":1672268739007,"stop":1672268739008,"duration":1},"status":"passed","steps":[],"attachments":[],"parameters":[],"stepsCount":0,"attachmentsCount":0,"shouldDisplayMessage":false,"hasContent":false},{"name":"Then \"homeassistant\" should reply with dialog from \"homeassistant.device.off.dialog\"","time":{"start":1672268739008,"stop":1672268749008,"duration":10000},"status":"failed","statusMessage":"AssertionError: Mycroft responded with:\nMycroft: (HomeAssistantSkill)\n\"An error occurred while processing a request in Home Assistant Skill\"\nMycroft: pairing.code.dialog(PairingSkill)\n\"Enter the code. 'F' as in Fox trot. the number Three. 'N' as in November. 'V' as in Victor. 'W' as in Whiskey. 'C' as in Charlie.\"\n\n","statusTrace":"  File \"/opt/mycroft-core/.venv/lib/python3.7/site-packages/behave/model.py\", line 1806, in run\n    match.run(runner.context)\n  File \"/opt/mycroft-core/.venv/lib/python3.7/site-packages/behave/matchers.py\", line 97, in run\n    self.func(context, *args, **kwargs)\n  File \"features/steps/utterance_responses.py\", line 157, in then_dialog\n    assert passed, assert_msg or 'Mycroft didn\\'t respond'\n","steps":[],"attachments":[],"parameters":[],"stepsCount":0,"attachmentsCount":0,"shouldDisplayMessage":true,"hasContent":true},{"name":"Given an English speaking user","time":{"start":1672268749310,"stop":1672268749310,"duration":0},"status":"passed","steps":[],"attachments":[],"parameters":[],"stepsCount":0,"attachmentsCount":0,"shouldDisplayMessage":false,"hasContent":false},{"name":"When the user says \"can you turn off stairs light please\"","time":{"start":1672268749310,"stop":1672268749310,"duration":0},"status":"passed","steps":[],"attachments":[],"parameters":[],"stepsCount":0,"attachmentsCount":0,"shouldDisplayMessage":false,"hasContent":false},{"name":"Then \"homeassistant\" should reply with dialog from \"homeassistant.device.off.dialog\"","time":{"start":1672268749310,"stop":1672268759311,"duration":10001},"status":"failed","statusMessage":"AssertionError: Mycroft responded with:\nMycroft: (HomeAssistantSkill)\n\"An error occurred while processing a request in Home Assistant Skill\"\n\n","statusTrace":"  File \"/opt/mycroft-core/.venv/lib/python3.7/site-packages/behave/model.py\", line 1806, in run\n    match.run(runner.context)\n  File \"/opt/mycroft-core/.venv/lib/python3.7/site-packages/behave/matchers.py\", line 97, in run\n    self.func(context, *args, **kwargs)\n  File \"features/steps/utterance_responses.py\", line 157, in then_dialog\n    assert passed, assert_msg or 'Mycroft didn\\'t respond'\n","steps":[],"attachments":[],"parameters":[],"stepsCount":0,"attachmentsCount":0,"shouldDisplayMessage":true,"hasContent":true}],"attachments":[],"parameters":[],"stepsCount":6,"attachmentsCount":0,"shouldDisplayMessage":false,"hasContent":true},"afterStages":[],"labels":[{"name":"severity","value":"normal"},{"name":"suite","value":"behave"},{"name":"tag","value":"xfail"},{"name":"feature","value":"turn off"},{"name":"framework","value":"behave"},{"name":"language","value":"cpython3"},{"name":"resultFormat","value":"allure2"}],"parameters":[],"links":[],"hidden":false,"retry":false,"extra":{"severity":"normal","retries":[],"categories":[{"name":"Product defects","matchedStatuses":[],"flaky":false}],"tags":["xfail"]},"source":"cb320198442cdff.json","parameterValues":[]}